 # <fortpy version="3" revision="247"></fortpy>
fcc       
bulk
 0.50000000      0.50000000       0.0000000        # a1 parent lattice vector
 0.50000000       0.0000000      0.50000000        # a2 parent lattice vector
  0.0000000      0.50000000      0.50000000        # a3 parent lattice vector
    1 # Number of points in the multilattice
  0.0000000       0.0000000       0.0000000        # d01 d-vector, labels: 0/1/2
 3-nary case
   1   5 # Starting and ending cell sizes for search
 0.10000000E-06 # Epsilon (finite precision parameter)
Concentration check:
    F
full list of labelings (including incomplete labelings) is used
Equivalency list: 1
start   #tot      HNF     Hdegn   labdegn   Totdegn   #size idx    pg    SNF             HNF                 Left transform                          labeling
          1         1       1        1        1           1   1    48   1  1  1    1  0  1  0  0  1      1    0    0    0    1    0    0    0    1   0
          2         1       1        1        1           2   1    48   1  1  1    1  0  1  0  0  1      1    0    0    0    1    0    0    0    1   1
          3         1       1        1        1           3   1    48   1  1  1    1  0  1  0  0  1      1    0    0    0    1    0    0    0    1   2
          4         2       4        2        8           1   2    12   1  1  2    1  0  1  0  0  2      1    0    0    0    1    0    0    0    1   01
          5         3       3        2        6           2   2    16   1  1  2    1  0  1  0  1  2      1    0    0    0    1    0    0   -1    1   01
          6         2       4        2        8           3   2    12   1  1  2    1  0  1  0  0  2      1    0    0    0    1    0    0    0    1   02
          7         3       3        2        6           4   2    16   1  1  2    1  0  1  0  1  2      1    0    0    0    1    0    0   -1    1   02
          8         2       4        2        8           5   2    12   1  1  2    1  0  1  0  0  2      1    0    0    0    1    0    0    0    1   12
          9         3       3        2        6           6   2    16   1  1  2    1  0  1  0  1  2      1    0    0    0    1    0    0   -1    1   12
         10         4       4        3       12           1   3    12   1  1  3    1  0  1  0  0  3      1    0    0    0    1    0    0    0    1   001
         11         5       6        3       18           2   3     8   1  1  3    1  0  1  0  1  3      1    0    0    0    1    0    0   -1    1   001
         12         6       3        3        9           3   3    16   1  1  3    1  0  1  0  2  3      1    0    0    0    1    0    0   -2    1   001
         13         4       4        3       12           4   3    12   1  1  3    1  0  1  0  0  3      1    0    0    0    1    0    0    0    1   002
         14         5       6        3       18           5   3     8   1  1  3    1  0  1  0  1  3      1    0    0    0    1    0    0   -1    1   002
         15         6       3        3        9           6   3    16   1  1  3    1  0  1  0  2  3      1    0    0    0    1    0    0   -2    1   002
         16         4       4        3       12           7   3    12   1  1  3    1  0  1  0  0  3      1    0    0    0    1    0    0    0    1   011
         17         5       6        3       18           8   3     8   1  1  3    1  0  1  0  1  3      1    0    0    0    1    0    0   -1    1   011
         18         6       3        3        9           9   3    16   1  1  3    1  0  1  0  2  3      1    0    0    0    1    0    0   -2    1   011
         19         4       4        6       24          10   3    12   1  1  3    1  0  1  0  0  3      1    0    0    0    1    0    0    0    1   012
         20         5       6        6       36          11   3     8   1  1  3    1  0  1  0  1  3      1    0    0    0    1    0    0   -1    1   012
         21         6       3        6       18          12   3    16   1  1  3    1  0  1  0  2  3      1    0    0    0    1    0    0   -2    1   012
         22         4       4        3       12          13   3    12   1  1  3    1  0  1  0  0  3      1    0    0    0    1    0    0    0    1   022
         23         5       6        3       18          14   3     8   1  1  3    1  0  1  0  1  3      1    0    0    0    1    0    0   -1    1   022
         24         6       3        3        9          15   3    16   1  1  3    1  0  1  0  2  3      1    0    0    0    1    0    0   -2    1   022
         25         4       4        3       12          16   3    12   1  1  3    1  0  1  0  0  3      1    0    0    0    1    0    0    0    1   112
         26         5       6        3       18          17   3     8   1  1  3    1  0  1  0  1  3      1    0    0    0    1    0    0   -1    1   112
         27         6       3        3        9          18   3    16   1  1  3    1  0  1  0  2  3      1    0    0    0    1    0    0   -2    1   112
         28         4       4        3       12          19   3    12   1  1  3    1  0  1  0  0  3      1    0    0    0    1    0    0    0    1   122
         29         5       6        3       18          20   3     8   1  1  3    1  0  1  0  1  3      1    0    0    0    1    0    0   -1    1   122
         30         6       3        3        9          21   3    16   1  1  3    1  0  1  0  2  3      1    0    0    0    1    0    0   -2    1   122
         31         7       4        4       16           1   4    12   1  1  4    1  0  1  0  0  4      1    0    0    0    1    0    0    0    1   0001
         32         8       6        4       24           2   4     8   1  1  4    1  0  1  0  1  4      1    0    0    0    1    0    0   -1    1   0001
         33         9      12        4       48           3   4     4   1  1  4    1  0  1  0  2  4      1    0    0    0    1    0    0   -2    1   0001
         34        10       3        4       12           4   4    16   1  1  4    1  0  1  0  3  4      1    0    0    0    1    0    0   -3    1   0001
         35        11       3        4       12           5   4    16   1  1  4    1  0  1  1  2  4      1    0    0    0    1    0   -1   -2    1   0001
         36         7       4        4       16           6   4    12   1  1  4    1  0  1  0  0  4      1    0    0    0    1    0    0    0    1   0002
         37         8       6        4       24           7   4     8   1  1  4    1  0  1  0  1  4      1    0    0    0    1    0    0   -1    1   0002
         38         9      12        4       48           8   4     4   1  1  4    1  0  1  0  2  4      1    0    0    0    1    0    0   -2    1   0002
         39        10       3        4       12           9   4    16   1  1  4    1  0  1  0  3  4      1    0    0    0    1    0    0   -3    1   0002
         40        11       3        4       12          10   4    16   1  1  4    1  0  1  1  2  4      1    0    0    0    1    0   -1   -2    1   0002
         41         7       4        4       16          11   4    12   1  1  4    1  0  1  0  0  4      1    0    0    0    1    0    0    0    1   0011
         42         8       6        4       24          12   4     8   1  1  4    1  0  1  0  1  4      1    0    0    0    1    0    0   -1    1   0011
         43         9      12        4       48          13   4     4   1  1  4    1  0  1  0  2  4      1    0    0    0    1    0    0   -2    1   0011
         44        10       3        4       12          14   4    16   1  1  4    1  0  1  0  3  4      1    0    0    0    1    0    0   -3    1   0011
         45        11       3        4       12          15   4    16   1  1  4    1  0  1  1  2  4      1    0    0    0    1    0   -1   -2    1   0011
         46         7       4        8       32          16   4    12   1  1  4    1  0  1  0  0  4      1    0    0    0    1    0    0    0    1   0012
         47         8       6        8       48          17   4     8   1  1  4    1  0  1  0  1  4      1    0    0    0    1    0    0   -1    1   0012
         48         9      12        8       96          18   4     4   1  1  4    1  0  1  0  2  4      1    0    0    0    1    0    0   -2    1   0012
         49        10       3        8       24          19   4    16   1  1  4    1  0  1  0  3  4      1    0    0    0    1    0    0   -3    1   0012
         50        11       3        8       24          20   4    16   1  1  4    1  0  1  1  2  4      1    0    0    0    1    0   -1   -2    1   0012
         51         7       4        4       16          21   4    12   1  1  4    1  0  1  0  0  4      1    0    0    0    1    0    0    0    1   0022
         52         8       6        4       24          22   4     8   1  1  4    1  0  1  0  1  4      1    0    0    0    1    0    0   -1    1   0022
         53         9      12        4       48          23   4     4   1  1  4    1  0  1  0  2  4      1    0    0    0    1    0    0   -2    1   0022
         54        10       3        4       12          24   4    16   1  1  4    1  0  1  0  3  4      1    0    0    0    1    0    0   -3    1   0022
         55        11       3        4       12          25   4    16   1  1  4    1  0  1  1  2  4      1    0    0    0    1    0   -1   -2    1   0022
         56         7       4        1        4          26   4    12   1  1  4    1  0  1  0  0  4      1    0    0    0    1    0    0    0    1   0102
         57         8       6        1        6          27   4     8   1  1  4    1  0  1  0  1  4      1    0    0    0    1    0    0   -1    1   0102
         58         9      12        1       12          28   4     4   1  1  4    1  0  1  0  2  4      1    0    0    0    1    0    0   -2    1   0102
         59        10       3        1        3          29   4    16   1  1  4    1  0  1  0  3  4      1    0    0    0    1    0    0   -3    1   0102
         60        11       3        1        3          30   4    16   1  1  4    1  0  1  1  2  4      1    0    0    0    1    0   -1   -2    1   0102
         61         7       4        4       16          31   4    12   1  1  4    1  0  1  0  0  4      1    0    0    0    1    0    0    0    1   0111
         62         8       6        4       24          32   4     8   1  1  4    1  0  1  0  1  4      1    0    0    0    1    0    0   -1    1   0111
         63         9      12        4       48          33   4     4   1  1  4    1  0  1  0  2  4      1    0    0    0    1    0    0   -2    1   0111
         64        10       3        4       12          34   4    16   1  1  4    1  0  1  0  3  4      1    0    0    0    1    0    0   -3    1   0111
         65        11       3        4       12          35   4    16   1  1  4    1  0  1  1  2  4      1    0    0    0    1    0   -1   -2    1   0111
         66         7       4        4       16          36   4    12   1  1  4    1  0  1  0  0  4      1    0    0    0    1    0    0    0    1   0112
         67         8       6        4       24          37   4     8   1  1  4    1  0  1  0  1  4      1    0    0    0    1    0    0   -1    1   0112
         68         9      12        4       48          38   4     4   1  1  4    1  0  1  0  2  4      1    0    0    0    1    0    0   -2    1   0112
         69        10       3        4       12          39   4    16   1  1  4    1  0  1  0  3  4      1    0    0    0    1    0    0   -3    1   0112
         70        11       3        4       12          40   4    16   1  1  4    1  0  1  1  2  4      1    0    0    0    1    0   -1   -2    1   0112
         71         7       4        8       32          41   4    12   1  1  4    1  0  1  0  0  4      1    0    0    0    1    0    0    0    1   0121
         72         8       6        8       48          42   4     8   1  1  4    1  0  1  0  1  4      1    0    0    0    1    0    0   -1    1   0121
         73         9      12        8       96          43   4     4   1  1  4    1  0  1  0  2  4      1    0    0    0    1    0    0   -2    1   0121
         74        10       3        8       24          44   4    16   1  1  4    1  0  1  0  3  4      1    0    0    0    1    0    0   -3    1   0121
         75        11       3        8       24          45   4    16   1  1  4    1  0  1  1  2  4      1    0    0    0    1    0   -1   -2    1   0121
         76         7       4        4       16          46   4    12   1  1  4    1  0  1  0  0  4      1    0    0    0    1    0    0    0    1   0122
         77         8       6        4       24          47   4     8   1  1  4    1  0  1  0  1  4      1    0    0    0    1    0    0   -1    1   0122
         78         9      12        4       48          48   4     4   1  1  4    1  0  1  0  2  4      1    0    0    0    1    0    0   -2    1   0122
         79        10       3        4       12          49   4    16   1  1  4    1  0  1  0  3  4      1    0    0    0    1    0    0   -3    1   0122
         80        11       3        4       12          50   4    16   1  1  4    1  0  1  1  2  4      1    0    0    0    1    0   -1   -2    1   0122
         81         7       4        8       32          51   4    12   1  1  4    1  0  1  0  0  4      1    0    0    0    1    0    0    0    1   0212
         82         8       6        8       48          52   4     8   1  1  4    1  0  1  0  1  4      1    0    0    0    1    0    0   -1    1   0212
         83         9      12        8       96          53   4     4   1  1  4    1  0  1  0  2  4      1    0    0    0    1    0    0   -2    1   0212
         84        10       3        8       24          54   4    16   1  1  4    1  0  1  0  3  4      1    0    0    0    1    0    0   -3    1   0212
         85        11       3        8       24          55   4    16   1  1  4    1  0  1  1  2  4      1    0    0    0    1    0   -1   -2    1   0212
         86         7       4        1        4          56   4    12   1  1  4    1  0  1  0  0  4      1    0    0    0    1    0    0    0    1   0222
         87         8       6        1        6          57   4     8   1  1  4    1  0  1  0  1  4      1    0    0    0    1    0    0   -1    1   0222
         88         9      12        1       12          58   4     4   1  1  4    1  0  1  0  2  4      1    0    0    0    1    0    0   -2    1   0222
         89        10       3        1        3          59   4    16   1  1  4    1  0  1  0  3  4      1    0    0    0    1    0    0   -3    1   0222
         90        11       3        1        3          60   4    16   1  1  4    1  0  1  1  2  4      1    0    0    0    1    0   -1   -2    1   0222
         91         7       4        4       16          61   4    12   1  1  4    1  0  1  0  0  4      1    0    0    0    1    0    0    0    1   1112
         92         8       6        4       24          62   4     8   1  1  4    1  0  1  0  1  4      1    0    0    0    1    0    0   -1    1   1112
         93         9      12        4       48          63   4     4   1  1  4    1  0  1  0  2  4      1    0    0    0    1    0    0   -2    1   1112
         94        10       3        4       12          64   4    16   1  1  4    1  0  1  0  3  4      1    0    0    0    1    0    0   -3    1   1112
         95        11       3        4       12          65   4    16   1  1  4    1  0  1  1  2  4      1    0    0    0    1    0   -1   -2    1   1112
         96         7       4        4       16          66   4    12   1  1  4    1  0  1  0  0  4      1    0    0    0    1    0    0    0    1   1122
         97         8       6        4       24          67   4     8   1  1  4    1  0  1  0  1  4      1    0    0    0    1    0    0   -1    1   1122
         98         9      12        4       48          68   4     4   1  1  4    1  0  1  0  2  4      1    0    0    0    1    0    0   -2    1   1122
         99        10       3        4       12          69   4    16   1  1  4    1  0  1  0  3  4      1    0    0    0    1    0    0   -3    1   1122
        100        11       3        4       12          70   4    16   1  1  4    1  0  1  1  2  4      1    0    0    0    1    0   -1   -2    1   1122
        101         7       4        4       16          71   4    12   1  1  4    1  0  1  0  0  4      1    0    0    0    1    0    0    0    1   1222
        102         8       6        4       24          72   4     8   1  1  4    1  0  1  0  1  4      1    0    0    0    1    0    0   -1    1   1222
        103         9      12        4       48          73   4     4   1  1  4    1  0  1  0  2  4      1    0    0    0    1    0    0   -2    1   1222
        104        10       3        4       12          74   4    16   1  1  4    1  0  1  0  3  4      1    0    0    0    1    0    0   -3    1   1222
        105        11       3        4       12          75   4    16   1  1  4    1  0  1  1  2  4      1    0    0    0    1    0   -1   -2    1   1222
        106        12       6        4       24          76   4     8   1  2  2    1  0  2  0  0  2      1    0    0    0    1    0    0    0    1   0001
        107        12       6        4       24          77   4     8   1  2  2    1  0  2  0  0  2      1    0    0    0    1    0    0    0    1   0002
        108        12       6        3       18          78   4     8   1  2  2    1  0  2  0  0  2      1    0    0    0    1    0    0    0    1   0012
        109        12       6        8       48          79   4     8   1  2  2    1  0  2  0  0  2      1    0    0    0    1    0    0    0    1   0111
        110        12       6        3       18          80   4     8   1  2  2    1  0  2  0  0  2      1    0    0    0    1    0    0    0    1   0112
        111        12       6        1        6          81   4     8   1  2  2    1  0  2  0  0  2      1    0    0    0    1    0    0    0    1   0120
        112        12       6        4       24          82   4     8   1  2  2    1  0  2  0  0  2      1    0    0    0    1    0    0    0    1   0121
        113        12       6        4       24          83   4     8   1  2  2    1  0  2  0  0  2      1    0    0    0    1    0    0    0    1   0122
        114        12       6        4       24          84   4     8   1  2  2    1  0  2  0  0  2      1    0    0    0    1    0    0    0    1   0221
        115        12       6        8       48          85   4     8   1  2  2    1  0  2  0  0  2      1    0    0    0    1    0    0    0    1   0222
        116        12       6        8       48          86   4     8   1  2  2    1  0  2  0  0  2      1    0    0    0    1    0    0    0    1   1112
        117        12       6        1        6          87   4     8   1  2  2    1  0  2  0  0  2      1    0    0    0    1    0    0    0    1   1222
        118        13       1        4        4          88   4    48   1  2  2    1  1  2  1  0  2      1    0    0   -1    1    0   -1    0    1   0001
        119        13       1        4        4          89   4    48   1  2  2    1  1  2  1  0  2      1    0    0   -1    1    0   -1    0    1   0002
        120        13       1        5        5          90   4    48   1  2  2    1  1  2  1  0  2      1    0    0   -1    1    0   -1    0    1   0012
        121        13       1       12       12          91   4    48   1  2  2    1  1  2  1  0  2      1    0    0   -1    1    0   -1    0    1   0111
        122        13       1        5        5          92   4    48   1  2  2    1  1  2  1  0  2      1    0    0   -1    1    0   -1    0    1   0112
        123        13       1        4        4          93   4    48   1  2  2    1  1  2  1  0  2      1    0    0   -1    1    0   -1    0    1   0122
        124        13       1       12       12          94   4    48   1  2  2    1  1  2  1  0  2      1    0    0   -1    1    0   -1    0    1   0222
        125        13       1       12       12          95   4    48   1  2  2    1  1  2  1  0  2      1    0    0   -1    1    0   -1    0    1   1112
        126        13       1        4        4          96   4    48   1  2  2    1  1  2  1  0  2      1    0    0   -1    1    0   -1    0    1   1222
        127        14       4        5       20           1   5    12   1  1  5    1  0  1  0  0  5      1    0    0    0    1    0    0    0    1   00001
        128        15       6        5       30           2   5     8   1  1  5    1  0  1  0  1  5      1    0    0    0    1    0    0   -1    1   00001
        129        16      12        5       60           3   5     4   1  1  5    1  0  1  0  2  5      1    0    0    0    1    0    0   -2    1   00001
        130        17       3        5       15           4   5    16   1  1  5    1  0  1  0  4  5      1    0    0    0    1    0    0   -4    1   00001
        131        14       4        5       20           5   5    12   1  1  5    1  0  1  0  0  5      1    0    0    0    1    0    0    0    1   00002
        132        15       6        5       30           6   5     8   1  1  5    1  0  1  0  1  5      1    0    0    0    1    0    0   -1    1   00002
        133        16      12        5       60           7   5     4   1  1  5    1  0  1  0  2  5      1    0    0    0    1    0    0   -2    1   00002
        134        17       3        5       15           8   5    16   1  1  5    1  0  1  0  4  5      1    0    0    0    1    0    0   -4    1   00002
        135        14       4        5       20           9   5    12   1  1  5    1  0  1  0  0  5      1    0    0    0    1    0    0    0    1   00011
        136        15       6        5       30          10   5     8   1  1  5    1  0  1  0  1  5      1    0    0    0    1    0    0   -1    1   00011
        137        16      12        5       60          11   5     4   1  1  5    1  0  1  0  2  5      1    0    0    0    1    0    0   -2    1   00011
        138        17       3        5       15          12   5    16   1  1  5    1  0  1  0  4  5      1    0    0    0    1    0    0   -4    1   00011
        139        14       4       10       40          13   5    12   1  1  5    1  0  1  0  0  5      1    0    0    0    1    0    0    0    1   00012
        140        15       6       10       60          14   5     8   1  1  5    1  0  1  0  1  5      1    0    0    0    1    0    0   -1    1   00012
        141        16      12       10      120          15   5     4   1  1  5    1  0  1  0  2  5      1    0    0    0    1    0    0   -2    1   00012
        142        17       3       10       30          16   5    16   1  1  5    1  0  1  0  4  5      1    0    0    0    1    0    0   -4    1   00012
        143        14       4        5       20          17   5    12   1  1  5    1  0  1  0  0  5      1    0    0    0    1    0    0    0    1   00022
        144        15       6        5       30          18   5     8   1  1  5    1  0  1  0  1  5      1    0    0    0    1    0    0   -1    1   00022
        145        16      12        5       60          19   5     4   1  1  5    1  0  1  0  2  5      1    0    0    0    1    0    0   -2    1   00022
        146        17       3        5       15          20   5    16   1  1  5    1  0  1  0  4  5      1    0    0    0    1    0    0   -4    1   00022
        147        14       4        5       20          21   5    12   1  1  5    1  0  1  0  0  5      1    0    0    0    1    0    0    0    1   00101
        148        15       6        5       30          22   5     8   1  1  5    1  0  1  0  1  5      1    0    0    0    1    0    0   -1    1   00101
        149        16      12        5       60          23   5     4   1  1  5    1  0  1  0  2  5      1    0    0    0    1    0    0   -2    1   00101
        150        17       3        5       15          24   5    16   1  1  5    1  0  1  0  4  5      1    0    0    0    1    0    0   -4    1   00101
        151        14       4       10       40          25   5    12   1  1  5    1  0  1  0  0  5      1    0    0    0    1    0    0    0    1   00102
        152        15       6       10       60          26   5     8   1  1  5    1  0  1  0  1  5      1    0    0    0    1    0    0   -1    1   00102
        153        16      12       10      120          27   5     4   1  1  5    1  0  1  0  2  5      1    0    0    0    1    0    0   -2    1   00102
        154        17       3       10       30          28   5    16   1  1  5    1  0  1  0  4  5      1    0    0    0    1    0    0   -4    1   00102
        155        14       4        5       20          29   5    12   1  1  5    1  0  1  0  0  5      1    0    0    0    1    0    0    0    1   00111
        156        15       6        5       30          30   5     8   1  1  5    1  0  1  0  1  5      1    0    0    0    1    0    0   -1    1   00111
        157        16      12        5       60          31   5     4   1  1  5    1  0  1  0  2  5      1    0    0    0    1    0    0   -2    1   00111
        158        17       3        5       15          32   5    16   1  1  5    1  0  1  0  4  5      1    0    0    0    1    0    0   -4    1   00111
        159        14       4       10       40          33   5    12   1  1  5    1  0  1  0  0  5      1    0    0    0    1    0    0    0    1   00112
        160        15       6       10       60          34   5     8   1  1  5    1  0  1  0  1  5      1    0    0    0    1    0    0   -1    1   00112
        161        16      12       10      120          35   5     4   1  1  5    1  0  1  0  2  5      1    0    0    0    1    0    0   -2    1   00112
        162        17       3       10       30          36   5    16   1  1  5    1  0  1  0  4  5      1    0    0    0    1    0    0   -4    1   00112
        163        14       4        5       20          37   5    12   1  1  5    1  0  1  0  0  5      1    0    0    0    1    0    0    0    1   00121
        164        15       6        5       30          38   5     8   1  1  5    1  0  1  0  1  5      1    0    0    0    1    0    0   -1    1   00121
        165        16      12        5       60          39   5     4   1  1  5    1  0  1  0  2  5      1    0    0    0    1    0    0   -2    1   00121
        166        17       3        5       15          40   5    16   1  1  5    1  0  1  0  4  5      1    0    0    0    1    0    0   -4    1   00121
        167        14       4       10       40          41   5    12   1  1  5    1  0  1  0  0  5      1    0    0    0    1    0    0    0    1   00122
        168        15       6       10       60          42   5     8   1  1  5    1  0  1  0  1  5      1    0    0    0    1    0    0   -1    1   00122
        169        16      12       10      120          43   5     4   1  1  5    1  0  1  0  2  5      1    0    0    0    1    0    0   -2    1   00122
        170        17       3       10       30          44   5    16   1  1  5    1  0  1  0  4  5      1    0    0    0    1    0    0   -4    1   00122
        171        14       4        5       20          45   5    12   1  1  5    1  0  1  0  0  5      1    0    0    0    1    0    0    0    1   00202
        172        15       6        5       30          46   5     8   1  1  5    1  0  1  0  1  5      1    0    0    0    1    0    0   -1    1   00202
        173        16      12        5       60          47   5     4   1  1  5    1  0  1  0  2  5      1    0    0    0    1    0    0   -2    1   00202
        174        17       3        5       15          48   5    16   1  1  5    1  0  1  0  4  5      1    0    0    0    1    0    0   -4    1   00202
        175        14       4        5       20          49   5    12   1  1  5    1  0  1  0  0  5      1    0    0    0    1    0    0    0    1   00212
        176        15       6        5       30          50   5     8   1  1  5    1  0  1  0  1  5      1    0    0    0    1    0    0   -1    1   00212
        177        16      12        5       60          51   5     4   1  1  5    1  0  1  0  2  5      1    0    0    0    1    0    0   -2    1   00212
        178        17       3        5       15          52   5    16   1  1  5    1  0  1  0  4  5      1    0    0    0    1    0    0   -4    1   00212
        179        14       4        5       20          53   5    12   1  1  5    1  0  1  0  0  5      1    0    0    0    1    0    0    0    1   00222
        180        15       6        5       30          54   5     8   1  1  5    1  0  1  0  1  5      1    0    0    0    1    0    0   -1    1   00222
        181        16      12        5       60          55   5     4   1  1  5    1  0  1  0  2  5      1    0    0    0    1    0    0   -2    1   00222
        182        17       3        5       15          56   5    16   1  1  5    1  0  1  0  4  5      1    0    0    0    1    0    0   -4    1   00222
        183        14       4        5       20          57   5    12   1  1  5    1  0  1  0  0  5      1    0    0    0    1    0    0    0    1   01011
        184        15       6        5       30          58   5     8   1  1  5    1  0  1  0  1  5      1    0    0    0    1    0    0   -1    1   01011
        185        16      12        5       60          59   5     4   1  1  5    1  0  1  0  2  5      1    0    0    0    1    0    0   -2    1   01011
        186        17       3        5       15          60   5    16   1  1  5    1  0  1  0  4  5      1    0    0    0    1    0    0   -4    1   01011
        187        14       4       10       40          61   5    12   1  1  5    1  0  1  0  0  5      1    0    0    0    1    0    0    0    1   01012
        188        15       6       10       60          62   5     8   1  1  5    1  0  1  0  1  5      1    0    0    0    1    0    0   -1    1   01012
        189        16      12       10      120          63   5     4   1  1  5    1  0  1  0  2  5      1    0    0    0    1    0    0   -2    1   01012
        190        17       3       10       30          64   5    16   1  1  5    1  0  1  0  4  5      1    0    0    0    1    0    0   -4    1   01012
        191        14       4        5       20          65   5    12   1  1  5    1  0  1  0  0  5      1    0    0    0    1    0    0    0    1   01022
        192        15       6        5       30          66   5     8   1  1  5    1  0  1  0  1  5      1    0    0    0    1    0    0   -1    1   01022
        193        16      12        5       60          67   5     4   1  1  5    1  0  1  0  2  5      1    0    0    0    1    0    0   -2    1   01022
        194        17       3        5       15          68   5    16   1  1  5    1  0  1  0  4  5      1    0    0    0    1    0    0   -4    1   01022
        195        14       4        5       20          69   5    12   1  1  5    1  0  1  0  0  5      1    0    0    0    1    0    0    0    1   01102
        196        15       6        5       30          70   5     8   1  1  5    1  0  1  0  1  5      1    0    0    0    1    0    0   -1    1   01102
        197        16      12        5       60          71   5     4   1  1  5    1  0  1  0  2  5      1    0    0    0    1    0    0   -2    1   01102
        198        17       3        5       15          72   5    16   1  1  5    1  0  1  0  4  5      1    0    0    0    1    0    0   -4    1   01102
        199        14       4        5       20          73   5    12   1  1  5    1  0  1  0  0  5      1    0    0    0    1    0    0    0    1   01111
        200        15       6        5       30          74   5     8   1  1  5    1  0  1  0  1  5      1    0    0    0    1    0    0   -1    1   01111
        201        16      12        5       60          75   5     4   1  1  5    1  0  1  0  2  5      1    0    0    0    1    0    0   -2    1   01111
        202        17       3        5       15          76   5    16   1  1  5    1  0  1  0  4  5      1    0    0    0    1    0    0   -4    1   01111
        203        14       4       10       40          77   5    12   1  1  5    1  0  1  0  0  5      1    0    0    0    1    0    0    0    1   01112
        204        15       6       10       60          78   5     8   1  1  5    1  0  1  0  1  5      1    0    0    0    1    0    0   -1    1   01112
        205        16      12       10      120          79   5     4   1  1  5    1  0  1  0  2  5      1    0    0    0    1    0    0   -2    1   01112
        206        17       3       10       30          80   5    16   1  1  5    1  0  1  0  4  5      1    0    0    0    1    0    0   -4    1   01112
        207        14       4       10       40          81   5    12   1  1  5    1  0  1  0  0  5      1    0    0    0    1    0    0    0    1   01121
        208        15       6       10       60          82   5     8   1  1  5    1  0  1  0  1  5      1    0    0    0    1    0    0   -1    1   01121
        209        16      12       10      120          83   5     4   1  1  5    1  0  1  0  2  5      1    0    0    0    1    0    0   -2    1   01121
        210        17       3       10       30          84   5    16   1  1  5    1  0  1  0  4  5      1    0    0    0    1    0    0   -4    1   01121
        211        14       4       10       40          85   5    12   1  1  5    1  0  1  0  0  5      1    0    0    0    1    0    0    0    1   01122
        212        15       6       10       60          86   5     8   1  1  5    1  0  1  0  1  5      1    0    0    0    1    0    0   -1    1   01122
        213        16      12       10      120          87   5     4   1  1  5    1  0  1  0  2  5      1    0    0    0    1    0    0   -2    1   01122
        214        17       3       10       30          88   5    16   1  1  5    1  0  1  0  4  5      1    0    0    0    1    0    0   -4    1   01122
        215        14       4       10       40          89   5    12   1  1  5    1  0  1  0  0  5      1    0    0    0    1    0    0    0    1   01202
        216        15       6       10       60          90   5     8   1  1  5    1  0  1  0  1  5      1    0    0    0    1    0    0   -1    1   01202
        217        16      12       10      120          91   5     4   1  1  5    1  0  1  0  2  5      1    0    0    0    1    0    0   -2    1   01202
        218        17       3       10       30          92   5    16   1  1  5    1  0  1  0  4  5      1    0    0    0    1    0    0   -4    1   01202
        219        14       4       10       40          93   5    12   1  1  5    1  0  1  0  0  5      1    0    0    0    1    0    0    0    1   01212
        220        15       6       10       60          94   5     8   1  1  5    1  0  1  0  1  5      1    0    0    0    1    0    0   -1    1   01212
        221        16      12       10      120          95   5     4   1  1  5    1  0  1  0  2  5      1    0    0    0    1    0    0   -2    1   01212
        222        17       3       10       30          96   5    16   1  1  5    1  0  1  0  4  5      1    0    0    0    1    0    0   -4    1   01212
        223        14       4        5       20          97   5    12   1  1  5    1  0  1  0  0  5      1    0    0    0    1    0    0    0    1   01221
        224        15       6        5       30          98   5     8   1  1  5    1  0  1  0  1  5      1    0    0    0    1    0    0   -1    1   01221
        225        16      12        5       60          99   5     4   1  1  5    1  0  1  0  2  5      1    0    0    0    1    0    0   -2    1   01221
        226        17       3        5       15         100   5    16   1  1  5    1  0  1  0  4  5      1    0    0    0    1    0    0   -4    1   01221
        227        14       4       10       40         101   5    12   1  1  5    1  0  1  0  0  5      1    0    0    0    1    0    0    0    1   01222
        228        15       6       10       60         102   5     8   1  1  5    1  0  1  0  1  5      1    0    0    0    1    0    0   -1    1   01222
        229        16      12       10      120         103   5     4   1  1  5    1  0  1  0  2  5      1    0    0    0    1    0    0   -2    1   01222
        230        17       3       10       30         104   5    16   1  1  5    1  0  1  0  4  5      1    0    0    0    1    0    0   -4    1   01222
        231        14       4        5       20         105   5    12   1  1  5    1  0  1  0  0  5      1    0    0    0    1    0    0    0    1   02022
        232        15       6        5       30         106   5     8   1  1  5    1  0  1  0  1  5      1    0    0    0    1    0    0   -1    1   02022
        233        16      12        5       60         107   5     4   1  1  5    1  0  1  0  2  5      1    0    0    0    1    0    0   -2    1   02022
        234        17       3        5       15         108   5    16   1  1  5    1  0  1  0  4  5      1    0    0    0    1    0    0   -4    1   02022
        235        14       4        5       20         109   5    12   1  1  5    1  0  1  0  0  5      1    0    0    0    1    0    0    0    1   02112
        236        15       6        5       30         110   5     8   1  1  5    1  0  1  0  1  5      1    0    0    0    1    0    0   -1    1   02112
        237        16      12        5       60         111   5     4   1  1  5    1  0  1  0  2  5      1    0    0    0    1    0    0   -2    1   02112
        238        17       3        5       15         112   5    16   1  1  5    1  0  1  0  4  5      1    0    0    0    1    0    0   -4    1   02112
        239        14       4       10       40         113   5    12   1  1  5    1  0  1  0  0  5      1    0    0    0    1    0    0    0    1   02122
        240        15       6       10       60         114   5     8   1  1  5    1  0  1  0  1  5      1    0    0    0    1    0    0   -1    1   02122
        241        16      12       10      120         115   5     4   1  1  5    1  0  1  0  2  5      1    0    0    0    1    0    0   -2    1   02122
        242        17       3       10       30         116   5    16   1  1  5    1  0  1  0  4  5      1    0    0    0    1    0    0   -4    1   02122
        243        14       4        5       20         117   5    12   1  1  5    1  0  1  0  0  5      1    0    0    0    1    0    0    0    1   02222
        244        15       6        5       30         118   5     8   1  1  5    1  0  1  0  1  5      1    0    0    0    1    0    0   -1    1   02222
        245        16      12        5       60         119   5     4   1  1  5    1  0  1  0  2  5      1    0    0    0    1    0    0   -2    1   02222
        246        17       3        5       15         120   5    16   1  1  5    1  0  1  0  4  5      1    0    0    0    1    0    0   -4    1   02222
        247        14       4        5       20         121   5    12   1  1  5    1  0  1  0  0  5      1    0    0    0    1    0    0    0    1   11112
        248        15       6        5       30         122   5     8   1  1  5    1  0  1  0  1  5      1    0    0    0    1    0    0   -1    1   11112
        249        16      12        5       60         123   5     4   1  1  5    1  0  1  0  2  5      1    0    0    0    1    0    0   -2    1   11112
        250        17       3        5       15         124   5    16   1  1  5    1  0  1  0  4  5      1    0    0    0    1    0    0   -4    1   11112
        251        14       4        5       20         125   5    12   1  1  5    1  0  1  0  0  5      1    0    0    0    1    0    0    0    1   11122
        252        15       6        5       30         126   5     8   1  1  5    1  0  1  0  1  5      1    0    0    0    1    0    0   -1    1   11122
        253        16      12        5       60         127   5     4   1  1  5    1  0  1  0  2  5      1    0    0    0    1    0    0   -2    1   11122
        254        17       3        5       15         128   5    16   1  1  5    1  0  1  0  4  5      1    0    0    0    1    0    0   -4    1   11122
        255        14       4        5       20         129   5    12   1  1  5    1  0  1  0  0  5      1    0    0    0    1    0    0    0    1   11212
        256        15       6        5       30         130   5     8   1  1  5    1  0  1  0  1  5      1    0    0    0    1    0    0   -1    1   11212
        257        16      12        5       60         131   5     4   1  1  5    1  0  1  0  2  5      1    0    0    0    1    0    0   -2    1   11212
        258        17       3        5       15         132   5    16   1  1  5    1  0  1  0  4  5      1    0    0    0    1    0    0   -4    1   11212
        259        14       4        5       20         133   5    12   1  1  5    1  0  1  0  0  5      1    0    0    0    1    0    0    0    1   11222
        260        15       6        5       30         134   5     8   1  1  5    1  0  1  0  1  5      1    0    0    0    1    0    0   -1    1   11222
        261        16      12        5       60         135   5     4   1  1  5    1  0  1  0  2  5      1    0    0    0    1    0    0   -2    1   11222
        262        17       3        5       15         136   5    16   1  1  5    1  0  1  0  4  5      1    0    0    0    1    0    0   -4    1   11222
        263        14       4        5       20         137   5    12   1  1  5    1  0  1  0  0  5      1    0    0    0    1    0    0    0    1   12122
        264        15       6        5       30         138   5     8   1  1  5    1  0  1  0  1  5      1    0    0    0    1    0    0   -1    1   12122
        265        16      12        5       60         139   5     4   1  1  5    1  0  1  0  2  5      1    0    0    0    1    0    0   -2    1   12122
        266        17       3        5       15         140   5    16   1  1  5    1  0  1  0  4  5      1    0    0    0    1    0    0   -4    1   12122
        267        14       4        5       20         141   5    12   1  1  5    1  0  1  0  0  5      1    0    0    0    1    0    0    0    1   12222
        268        15       6        5       30         142   5     8   1  1  5    1  0  1  0  1  5      1    0    0    0    1    0    0   -1    1   12222
        269        16      12        5       60         143   5     4   1  1  5    1  0  1  0  2  5      1    0    0    0    1    0    0   -2    1   12222
        270        17       3        5       15         144   5    16   1  1  5    1  0  1  0  4  5      1    0    0    0    1    0    0   -4    1   12222
        271        18       6        5       30         145   5     8   1  1  5    1  0  1  1  2  5      1    0    0    0    1    0   -1   -2    1   00001
        272        18       6        5       30         146   5     8   1  1  5    1  0  1  1  2  5      1    0    0    0    1    0   -1   -2    1   00002
        273        18       6       10       60         147   5     8   1  1  5    1  0  1  1  2  5      1    0    0    0    1    0   -1   -2    1   00011
        274        18       6       20      120         148   5     8   1  1  5    1  0  1  1  2  5      1    0    0    0    1    0   -1   -2    1   00012
        275        18       6       10       60         149   5     8   1  1  5    1  0  1  1  2  5      1    0    0    0    1    0   -1   -2    1   00022
        276        18       6       10       60         150   5     8   1  1  5    1  0  1  1  2  5      1    0    0    0    1    0   -1   -2    1   00111
        277        18       6       20      120         151   5     8   1  1  5    1  0  1  1  2  5      1    0    0    0    1    0   -1   -2    1   00112
        278        18       6       10       60         152   5     8   1  1  5    1  0  1  1  2  5      1    0    0    0    1    0   -1   -2    1   00121
        279        18       6       20      120         153   5     8   1  1  5    1  0  1  1  2  5      1    0    0    0    1    0   -1   -2    1   00122
        280        18       6       10       60         154   5     8   1  1  5    1  0  1  1  2  5      1    0    0    0    1    0   -1   -2    1   00212
        281        18       6       10       60         155   5     8   1  1  5    1  0  1  1  2  5      1    0    0    0    1    0   -1   -2    1   00222
        282        18       6        5       30         156   5     8   1  1  5    1  0  1  1  2  5      1    0    0    0    1    0   -1   -2    1   01111
        283        18       6       20      120         157   5     8   1  1  5    1  0  1  1  2  5      1    0    0    0    1    0   -1   -2    1   01112
        284        18       6       20      120         158   5     8   1  1  5    1  0  1  1  2  5      1    0    0    0    1    0   -1   -2    1   01122
        285        18       6       10       60         159   5     8   1  1  5    1  0  1  1  2  5      1    0    0    0    1    0   -1   -2    1   01221
        286        18       6       20      120         160   5     8   1  1  5    1  0  1  1  2  5      1    0    0    0    1    0   -1   -2    1   01222
        287        18       6        5       30         161   5     8   1  1  5    1  0  1  1  2  5      1    0    0    0    1    0   -1   -2    1   02222
        288        18       6        5       30         162   5     8   1  1  5    1  0  1  1  2  5      1    0    0    0    1    0   -1   -2    1   11112
        289        18       6       10       60         163   5     8   1  1  5    1  0  1  1  2  5      1    0    0    0    1    0   -1   -2    1   11122
        290        18       6       10       60         164   5     8   1  1  5    1  0  1  1  2  5      1    0    0    0    1    0   -1   -2    1   11222
        291        18       6        5       30         165   5     8   1  1  5    1  0  1  1  2  5      1    0    0    0    1    0   -1   -2    1   12222
