 # <fortpy version="3" revision="247"></fortpy>
bcc       
bulk
 0.50000000      0.50000000     -0.50000000        # a1 parent lattice vector
-0.50000000      0.50000000      0.50000000        # a2 parent lattice vector
 0.50000000     -0.50000000      0.50000000        # a3 parent lattice vector
    1 # Number of points in the multilattice
  0.0000000       0.0000000       0.0000000        # d01 d-vector, labels: 0/1
 2-nary case
   1   7 # Starting and ending cell sizes for search
 0.10000000E-06 # Epsilon (finite precision parameter)
Concentration check:
    F
full list of labelings (including incomplete labelings) is used
Equivalency list: 1
start   #tot      HNF     Hdegn   labdegn   Totdegn   #size idx    pg    SNF             HNF                 Left transform                          labeling
          1         1       1        1        1           1   1    48   1  1  1    1  0  1  0  0  1      1    0    0    0    1    0    0    0    1   0
          2         1       1        1        1           2   1    48   1  1  1    1  0  1  0  0  1      1    0    0    0    1    0    0    0    1   1
          3         2       6        2       12           1   2     8   1  1  2    1  0  1  0  0  2      1    0    0    0    1    0    0    0    1   01
          4         3       1        2        2           2   2    48   1  1  2    1  0  1  1  1  2      1    0    0    0    1    0   -1   -1    1   01
          5         4       6        3       18           1   3     8   1  1  3    1  0  1  0  0  3      1    0    0    0    1    0    0    0    1   001
          6         5       4        3       12           2   3    12   1  1  3    1  0  1  0  2  3      1    0    0    0    1    0    0   -2    1   001
          7         6       3        3        9           3   3    16   1  1  3    1  0  1  1  1  3      1    0    0    0    1    0   -1   -1    1   001
          8         4       6        3       18           4   3     8   1  1  3    1  0  1  0  0  3      1    0    0    0    1    0    0    0    1   011
          9         5       4        3       12           5   3    12   1  1  3    1  0  1  0  2  3      1    0    0    0    1    0    0   -2    1   011
         10         6       3        3        9           6   3    16   1  1  3    1  0  1  1  1  3      1    0    0    0    1    0   -1   -1    1   011
         11         7       6        4       24           1   4     8   1  1  4    1  0  1  0  0  4      1    0    0    0    1    0    0    0    1   0001
         12         8      12        4       48           2   4     4   1  1  4    1  0  1  0  2  4      1    0    0    0    1    0    0   -2    1   0001
         13         9       3        4       12           3   4    16   1  1  4    1  0  1  1  1  4      1    0    0    0    1    0   -1   -1    1   0001
         14        10       6        4       24           4   4     8   1  1  4    1  0  1  1  2  4      1    0    0    0    1    0   -1   -2    1   0001
         15        11       1        4        4           5   4    48   1  1  4    1  0  1  3  3  4      1    0    0    0    1    0   -3   -3    1   0001
         16         7       6        4       24           6   4     8   1  1  4    1  0  1  0  0  4      1    0    0    0    1    0    0    0    1   0011
         17         8      12        4       48           7   4     4   1  1  4    1  0  1  0  2  4      1    0    0    0    1    0    0   -2    1   0011
         18         9       3        4       12           8   4    16   1  1  4    1  0  1  1  1  4      1    0    0    0    1    0   -1   -1    1   0011
         19        10       6        4       24           9   4     8   1  1  4    1  0  1  1  2  4      1    0    0    0    1    0   -1   -2    1   0011
         20        11       1        4        4          10   4    48   1  1  4    1  0  1  3  3  4      1    0    0    0    1    0   -3   -3    1   0011
         21         7       6        1        6          11   4     8   1  1  4    1  0  1  0  0  4      1    0    0    0    1    0    0    0    1   0111
         22         8      12        1       12          12   4     4   1  1  4    1  0  1  0  2  4      1    0    0    0    1    0    0   -2    1   0111
         23         9       3        1        3          13   4    16   1  1  4    1  0  1  1  1  4      1    0    0    0    1    0   -1   -1    1   0111
         24        10       6        1        6          14   4     8   1  1  4    1  0  1  1  2  4      1    0    0    0    1    0   -1   -2    1   0111
         25        11       1        1        1          15   4    48   1  1  4    1  0  1  3  3  4      1    0    0    0    1    0   -3   -3    1   0111
         26        12       4        4       16          16   4    12   1  2  2    1  0  2  0  0  2      1    0    0    0    1    0    0    0    1   0001
         27        12       4        5       20          17   4    12   1  2  2    1  0  2  0  0  2      1    0    0    0    1    0    0    0    1   0111
         28        13       3        4       12          18   4    16   1  2  2    1  0  2  1  0  2      1    0    0    0    1    0   -1    0    1   0001
         29        13       3        3        9          19   4    16   1  2  2    1  0  2  1  0  2      1    0    0    0    1    0   -1    0    1   0111
         30        14       6        5       30           1   5     8   1  1  5    1  0  1  0  0  5      1    0    0    0    1    0    0    0    1   00001
         31        15      12        5       60           2   5     4   1  1  5    1  0  1  0  2  5      1    0    0    0    1    0    0   -2    1   00001
         32        16       3        5       15           3   5    16   1  1  5    1  0  1  1  1  5      1    0    0    0    1    0   -1   -1    1   00001
         33        17       4        5       20           4   5    12   1  1  5    1  0  1  2  2  5      1    0    0    0    1    0   -2   -2    1   00001
         34        14       6        5       30           5   5     8   1  1  5    1  0  1  0  0  5      1    0    0    0    1    0    0    0    1   00011
         35        15      12        5       60           6   5     4   1  1  5    1  0  1  0  2  5      1    0    0    0    1    0    0   -2    1   00011
         36        16       3        5       15           7   5    16   1  1  5    1  0  1  1  1  5      1    0    0    0    1    0   -1   -1    1   00011
         37        17       4        5       20           8   5    12   1  1  5    1  0  1  2  2  5      1    0    0    0    1    0   -2   -2    1   00011
         38        14       6        5       30           9   5     8   1  1  5    1  0  1  0  0  5      1    0    0    0    1    0    0    0    1   00101
         39        15      12        5       60          10   5     4   1  1  5    1  0  1  0  2  5      1    0    0    0    1    0    0   -2    1   00101
         40        16       3        5       15          11   5    16   1  1  5    1  0  1  1  1  5      1    0    0    0    1    0   -1   -1    1   00101
         41        17       4        5       20          12   5    12   1  1  5    1  0  1  2  2  5      1    0    0    0    1    0   -2   -2    1   00101
         42        14       6        5       30          13   5     8   1  1  5    1  0  1  0  0  5      1    0    0    0    1    0    0    0    1   00111
         43        15      12        5       60          14   5     4   1  1  5    1  0  1  0  2  5      1    0    0    0    1    0    0   -2    1   00111
         44        16       3        5       15          15   5    16   1  1  5    1  0  1  1  1  5      1    0    0    0    1    0   -1   -1    1   00111
         45        17       4        5       20          16   5    12   1  1  5    1  0  1  2  2  5      1    0    0    0    1    0   -2   -2    1   00111
         46        14       6        5       30          17   5     8   1  1  5    1  0  1  0  0  5      1    0    0    0    1    0    0    0    1   01011
         47        15      12        5       60          18   5     4   1  1  5    1  0  1  0  2  5      1    0    0    0    1    0    0   -2    1   01011
         48        16       3        5       15          19   5    16   1  1  5    1  0  1  1  1  5      1    0    0    0    1    0   -1   -1    1   01011
         49        17       4        5       20          20   5    12   1  1  5    1  0  1  2  2  5      1    0    0    0    1    0   -2   -2    1   01011
         50        14       6        5       30          21   5     8   1  1  5    1  0  1  0  0  5      1    0    0    0    1    0    0    0    1   01111
         51        15      12        5       60          22   5     4   1  1  5    1  0  1  0  2  5      1    0    0    0    1    0    0   -2    1   01111
         52        16       3        5       15          23   5    16   1  1  5    1  0  1  1  1  5      1    0    0    0    1    0   -1   -1    1   01111
         53        17       4        5       20          24   5    12   1  1  5    1  0  1  2  2  5      1    0    0    0    1    0   -2   -2    1   01111
         54        18       6        5       30          25   5     8   1  1  5    1  0  1  1  2  5      1    0    0    0    1    0   -1   -2    1   00001
         55        18       6       10       60          26   5     8   1  1  5    1  0  1  1  2  5      1    0    0    0    1    0   -1   -2    1   00011
         56        18       6       10       60          27   5     8   1  1  5    1  0  1  1  2  5      1    0    0    0    1    0   -1   -2    1   00111
         57        18       6        5       30          28   5     8   1  1  5    1  0  1  1  2  5      1    0    0    0    1    0   -1   -2    1   01111
         58        19       6        6       36           1   6     8   1  1  6    1  0  1  0  0  6      1    0    0    0    1    0    0    0    1   000001
         59        20      12        6       72           2   6     4   1  1  6    1  0  1  0  2  6      1    0    0    0    1    0    0   -2    1   000001
         60        21      24        6      144           3   6     2   1  1  6    1  0  1  0  3  6      1    0    0    0    1    0    0   -3    1   000001
         61        22       3        6       18           4   6    16   1  1  6    1  0  1  1  1  6      1    0    0    0    1    0   -1   -1    1   000001
         62        23      12        6       72           5   6     4   1  1  6    1  0  1  1  2  6      1    0    0    0    1    0   -1   -2    1   000001
         63        24       6        6       36           6   6     8   1  1  6    1  0  1  1  3  6      1    0    0    0    1    0   -1   -3    1   000001
         64        25      12        6       72           7   6     4   1  1  6    1  0  1  2  2  6      1    0    0    0    1    0   -2   -2    1   000001
         65        26       4        6       24           8   6    12   1  1  6    1  0  1  3  5  6      1    0    0    0    1    0   -3   -5    1   000001
         66        27       6        6       36           9   6     8   1  1  6    1  0  1  4  4  6      1    0    0    0    1    0   -4   -4    1   000001
         67        28       6        6       36          10   6     8   1  1  6    1  0  2  1  0  3      1    0    0   -1    1    1    2   -3   -2   000001
         68        19       6        6       36          11   6     8   1  1  6    1  0  1  0  0  6      1    0    0    0    1    0    0    0    1   000011
         69        20      12        6       72          12   6     4   1  1  6    1  0  1  0  2  6      1    0    0    0    1    0    0   -2    1   000011
         70        21      24        6      144          13   6     2   1  1  6    1  0  1  0  3  6      1    0    0    0    1    0    0   -3    1   000011
         71        22       3        6       18          14   6    16   1  1  6    1  0  1  1  1  6      1    0    0    0    1    0   -1   -1    1   000011
         72        23      12        6       72          15   6     4   1  1  6    1  0  1  1  2  6      1    0    0    0    1    0   -1   -2    1   000011
         73        24       6        6       36          16   6     8   1  1  6    1  0  1  1  3  6      1    0    0    0    1    0   -1   -3    1   000011
         74        25      12        6       72          17   6     4   1  1  6    1  0  1  2  2  6      1    0    0    0    1    0   -2   -2    1   000011
         75        26       4        6       24          18   6    12   1  1  6    1  0  1  3  5  6      1    0    0    0    1    0   -3   -5    1   000011
         76        27       6        6       36          19   6     8   1  1  6    1  0  1  4  4  6      1    0    0    0    1    0   -4   -4    1   000011
         77        28       6        6       36          20   6     8   1  1  6    1  0  2  1  0  3      1    0    0   -1    1    1    2   -3   -2   000011
         78        19       6        6       36          21   6     8   1  1  6    1  0  1  0  0  6      1    0    0    0    1    0    0    0    1   000101
         79        20      12        6       72          22   6     4   1  1  6    1  0  1  0  2  6      1    0    0    0    1    0    0   -2    1   000101
         80        21      24        6      144          23   6     2   1  1  6    1  0  1  0  3  6      1    0    0    0    1    0    0   -3    1   000101
         81        22       3        6       18          24   6    16   1  1  6    1  0  1  1  1  6      1    0    0    0    1    0   -1   -1    1   000101
         82        23      12        6       72          25   6     4   1  1  6    1  0  1  1  2  6      1    0    0    0    1    0   -1   -2    1   000101
         83        24       6        6       36          26   6     8   1  1  6    1  0  1  1  3  6      1    0    0    0    1    0   -1   -3    1   000101
         84        25      12        6       72          27   6     4   1  1  6    1  0  1  2  2  6      1    0    0    0    1    0   -2   -2    1   000101
         85        26       4        6       24          28   6    12   1  1  6    1  0  1  3  5  6      1    0    0    0    1    0   -3   -5    1   000101
         86        27       6        6       36          29   6     8   1  1  6    1  0  1  4  4  6      1    0    0    0    1    0   -4   -4    1   000101
         87        28       6        6       36          30   6     8   1  1  6    1  0  2  1  0  3      1    0    0   -1    1    1    2   -3   -2   000101
         88        19       6        6       36          31   6     8   1  1  6    1  0  1  0  0  6      1    0    0    0    1    0    0    0    1   000111
         89        20      12        6       72          32   6     4   1  1  6    1  0  1  0  2  6      1    0    0    0    1    0    0   -2    1   000111
         90        21      24        6      144          33   6     2   1  1  6    1  0  1  0  3  6      1    0    0    0    1    0    0   -3    1   000111
         91        22       3        6       18          34   6    16   1  1  6    1  0  1  1  1  6      1    0    0    0    1    0   -1   -1    1   000111
         92        23      12        6       72          35   6     4   1  1  6    1  0  1  1  2  6      1    0    0    0    1    0   -1   -2    1   000111
         93        24       6        6       36          36   6     8   1  1  6    1  0  1  1  3  6      1    0    0    0    1    0   -1   -3    1   000111
         94        25      12        6       72          37   6     4   1  1  6    1  0  1  2  2  6      1    0    0    0    1    0   -2   -2    1   000111
         95        26       4        6       24          38   6    12   1  1  6    1  0  1  3  5  6      1    0    0    0    1    0   -3   -5    1   000111
         96        27       6        6       36          39   6     8   1  1  6    1  0  1  4  4  6      1    0    0    0    1    0   -4   -4    1   000111
         97        28       6        6       36          40   6     8   1  1  6    1  0  2  1  0  3      1    0    0   -1    1    1    2   -3   -2   000111
         98        19       6        2       12          41   6     8   1  1  6    1  0  1  0  0  6      1    0    0    0    1    0    0    0    1   001011
         99        20      12        2       24          42   6     4   1  1  6    1  0  1  0  2  6      1    0    0    0    1    0    0   -2    1   001011
        100        21      24        2       48          43   6     2   1  1  6    1  0  1  0  3  6      1    0    0    0    1    0    0   -3    1   001011
        101        22       3        2        6          44   6    16   1  1  6    1  0  1  1  1  6      1    0    0    0    1    0   -1   -1    1   001011
        102        23      12        2       24          45   6     4   1  1  6    1  0  1  1  2  6      1    0    0    0    1    0   -1   -2    1   001011
        103        24       6        2       12          46   6     8   1  1  6    1  0  1  1  3  6      1    0    0    0    1    0   -1   -3    1   001011
        104        25      12        2       24          47   6     4   1  1  6    1  0  1  2  2  6      1    0    0    0    1    0   -2   -2    1   001011
        105        26       4        2        8          48   6    12   1  1  6    1  0  1  3  5  6      1    0    0    0    1    0   -3   -5    1   001011
        106        27       6        2       12          49   6     8   1  1  6    1  0  1  4  4  6      1    0    0    0    1    0   -4   -4    1   001011
        107        28       6        2       12          50   6     8   1  1  6    1  0  2  1  0  3      1    0    0   -1    1    1    2   -3   -2   001011
        108        19       6       12       72          51   6     8   1  1  6    1  0  1  0  0  6      1    0    0    0    1    0    0    0    1   001111
        109        20      12       12      144          52   6     4   1  1  6    1  0  1  0  2  6      1    0    0    0    1    0    0   -2    1   001111
        110        21      24       12      288          53   6     2   1  1  6    1  0  1  0  3  6      1    0    0    0    1    0    0   -3    1   001111
        111        22       3       12       36          54   6    16   1  1  6    1  0  1  1  1  6      1    0    0    0    1    0   -1   -1    1   001111
        112        23      12       12      144          55   6     4   1  1  6    1  0  1  1  2  6      1    0    0    0    1    0   -1   -2    1   001111
        113        24       6       12       72          56   6     8   1  1  6    1  0  1  1  3  6      1    0    0    0    1    0   -1   -3    1   001111
        114        25      12       12      144          57   6     4   1  1  6    1  0  1  2  2  6      1    0    0    0    1    0   -2   -2    1   001111
        115        26       4       12       48          58   6    12   1  1  6    1  0  1  3  5  6      1    0    0    0    1    0   -3   -5    1   001111
        116        27       6       12       72          59   6     8   1  1  6    1  0  1  4  4  6      1    0    0    0    1    0   -4   -4    1   001111
        117        28       6       12       72          60   6     8   1  1  6    1  0  2  1  0  3      1    0    0   -1    1    1    2   -3   -2   001111
        118        19       6        6       36          61   6     8   1  1  6    1  0  1  0  0  6      1    0    0    0    1    0    0    0    1   010111
        119        20      12        6       72          62   6     4   1  1  6    1  0  1  0  2  6      1    0    0    0    1    0    0   -2    1   010111
        120        21      24        6      144          63   6     2   1  1  6    1  0  1  0  3  6      1    0    0    0    1    0    0   -3    1   010111
        121        22       3        6       18          64   6    16   1  1  6    1  0  1  1  1  6      1    0    0    0    1    0   -1   -1    1   010111
        122        23      12        6       72          65   6     4   1  1  6    1  0  1  1  2  6      1    0    0    0    1    0   -1   -2    1   010111
        123        24       6        6       36          66   6     8   1  1  6    1  0  1  1  3  6      1    0    0    0    1    0   -1   -3    1   010111
        124        25      12        6       72          67   6     4   1  1  6    1  0  1  2  2  6      1    0    0    0    1    0   -2   -2    1   010111
        125        26       4        6       24          68   6    12   1  1  6    1  0  1  3  5  6      1    0    0    0    1    0   -3   -5    1   010111
        126        27       6        6       36          69   6     8   1  1  6    1  0  1  4  4  6      1    0    0    0    1    0   -4   -4    1   010111
        127        28       6        6       36          70   6     8   1  1  6    1  0  2  1  0  3      1    0    0   -1    1    1    2   -3   -2   010111
        128        19       6        6       36          71   6     8   1  1  6    1  0  1  0  0  6      1    0    0    0    1    0    0    0    1   011111
        129        20      12        6       72          72   6     4   1  1  6    1  0  1  0  2  6      1    0    0    0    1    0    0   -2    1   011111
        130        21      24        6      144          73   6     2   1  1  6    1  0  1  0  3  6      1    0    0    0    1    0    0   -3    1   011111
        131        22       3        6       18          74   6    16   1  1  6    1  0  1  1  1  6      1    0    0    0    1    0   -1   -1    1   011111
        132        23      12        6       72          75   6     4   1  1  6    1  0  1  1  2  6      1    0    0    0    1    0   -1   -2    1   011111
        133        24       6        6       36          76   6     8   1  1  6    1  0  1  1  3  6      1    0    0    0    1    0   -1   -3    1   011111
        134        25      12        6       72          77   6     4   1  1  6    1  0  1  2  2  6      1    0    0    0    1    0   -2   -2    1   011111
        135        26       4        6       24          78   6    12   1  1  6    1  0  1  3  5  6      1    0    0    0    1    0   -3   -5    1   011111
        136        27       6        6       36          79   6     8   1  1  6    1  0  1  4  4  6      1    0    0    0    1    0   -4   -4    1   011111
        137        28       6        6       36          80   6     8   1  1  6    1  0  2  1  0  3      1    0    0   -1    1    1    2   -3   -2   011111
        138        29       6        7       42           1   7     8   1  1  7    1  0  1  0  0  7      1    0    0    0    1    0    0    0    1   0000001
        139        30      12        7       84           2   7     4   1  1  7    1  0  1  0  2  7      1    0    0    0    1    0    0   -2    1   0000001
        140        31       3        7       21           3   7    16   1  1  7    1  0  1  1  1  7      1    0    0    0    1    0   -1   -1    1   0000001
        141        32      12        7       84           4   7     4   1  1  7    1  0  1  1  2  7      1    0    0    0    1    0   -1   -2    1   0000001
        142        33      12        7       84           5   7     4   1  1  7    1  0  1  2  2  7      1    0    0    0    1    0   -2   -2    1   0000001
        143        34       4        7       28           6   7    12   1  1  7    1  0  1  3  6  7      1    0    0    0    1    0   -3   -6    1   0000001
        144        29       6        7       42           7   7     8   1  1  7    1  0  1  0  0  7      1    0    0    0    1    0    0    0    1   0000011
        145        30      12        7       84           8   7     4   1  1  7    1  0  1  0  2  7      1    0    0    0    1    0    0   -2    1   0000011
        146        31       3        7       21           9   7    16   1  1  7    1  0  1  1  1  7      1    0    0    0    1    0   -1   -1    1   0000011
        147        32      12        7       84          10   7     4   1  1  7    1  0  1  1  2  7      1    0    0    0    1    0   -1   -2    1   0000011
        148        33      12        7       84          11   7     4   1  1  7    1  0  1  2  2  7      1    0    0    0    1    0   -2   -2    1   0000011
        149        34       4        7       28          12   7    12   1  1  7    1  0  1  3  6  7      1    0    0    0    1    0   -3   -6    1   0000011
        150        29       6        7       42          13   7     8   1  1  7    1  0  1  0  0  7      1    0    0    0    1    0    0    0    1   0000101
        151        30      12        7       84          14   7     4   1  1  7    1  0  1  0  2  7      1    0    0    0    1    0    0   -2    1   0000101
        152        31       3        7       21          15   7    16   1  1  7    1  0  1  1  1  7      1    0    0    0    1    0   -1   -1    1   0000101
        153        32      12        7       84          16   7     4   1  1  7    1  0  1  1  2  7      1    0    0    0    1    0   -1   -2    1   0000101
        154        33      12        7       84          17   7     4   1  1  7    1  0  1  2  2  7      1    0    0    0    1    0   -2   -2    1   0000101
        155        34       4        7       28          18   7    12   1  1  7    1  0  1  3  6  7      1    0    0    0    1    0   -3   -6    1   0000101
        156        29       6        7       42          19   7     8   1  1  7    1  0  1  0  0  7      1    0    0    0    1    0    0    0    1   0000111
        157        30      12        7       84          20   7     4   1  1  7    1  0  1  0  2  7      1    0    0    0    1    0    0   -2    1   0000111
        158        31       3        7       21          21   7    16   1  1  7    1  0  1  1  1  7      1    0    0    0    1    0   -1   -1    1   0000111
        159        32      12        7       84          22   7     4   1  1  7    1  0  1  1  2  7      1    0    0    0    1    0   -1   -2    1   0000111
        160        33      12        7       84          23   7     4   1  1  7    1  0  1  2  2  7      1    0    0    0    1    0   -2   -2    1   0000111
        161        34       4        7       28          24   7    12   1  1  7    1  0  1  3  6  7      1    0    0    0    1    0   -3   -6    1   0000111
        162        29       6        7       42          25   7     8   1  1  7    1  0  1  0  0  7      1    0    0    0    1    0    0    0    1   0001001
        163        30      12        7       84          26   7     4   1  1  7    1  0  1  0  2  7      1    0    0    0    1    0    0   -2    1   0001001
        164        31       3        7       21          27   7    16   1  1  7    1  0  1  1  1  7      1    0    0    0    1    0   -1   -1    1   0001001
        165        32      12        7       84          28   7     4   1  1  7    1  0  1  1  2  7      1    0    0    0    1    0   -1   -2    1   0001001
        166        33      12        7       84          29   7     4   1  1  7    1  0  1  2  2  7      1    0    0    0    1    0   -2   -2    1   0001001
        167        34       4        7       28          30   7    12   1  1  7    1  0  1  3  6  7      1    0    0    0    1    0   -3   -6    1   0001001
        168        29       6       14       84          31   7     8   1  1  7    1  0  1  0  0  7      1    0    0    0    1    0    0    0    1   0001011
        169        30      12       14      168          32   7     4   1  1  7    1  0  1  0  2  7      1    0    0    0    1    0    0   -2    1   0001011
        170        31       3       14       42          33   7    16   1  1  7    1  0  1  1  1  7      1    0    0    0    1    0   -1   -1    1   0001011
        171        32      12       14      168          34   7     4   1  1  7    1  0  1  1  2  7      1    0    0    0    1    0   -1   -2    1   0001011
        172        33      12       14      168          35   7     4   1  1  7    1  0  1  2  2  7      1    0    0    0    1    0   -2   -2    1   0001011
        173        34       4       14       56          36   7    12   1  1  7    1  0  1  3  6  7      1    0    0    0    1    0   -3   -6    1   0001011
        174        29       6        7       42          37   7     8   1  1  7    1  0  1  0  0  7      1    0    0    0    1    0    0    0    1   0001111
        175        30      12        7       84          38   7     4   1  1  7    1  0  1  0  2  7      1    0    0    0    1    0    0   -2    1   0001111
        176        31       3        7       21          39   7    16   1  1  7    1  0  1  1  1  7      1    0    0    0    1    0   -1   -1    1   0001111
        177        32      12        7       84          40   7     4   1  1  7    1  0  1  1  2  7      1    0    0    0    1    0   -1   -2    1   0001111
        178        33      12        7       84          41   7     4   1  1  7    1  0  1  2  2  7      1    0    0    0    1    0   -2   -2    1   0001111
        179        34       4        7       28          42   7    12   1  1  7    1  0  1  3  6  7      1    0    0    0    1    0   -3   -6    1   0001111
        180        29       6        7       42          43   7     8   1  1  7    1  0  1  0  0  7      1    0    0    0    1    0    0    0    1   0010011
        181        30      12        7       84          44   7     4   1  1  7    1  0  1  0  2  7      1    0    0    0    1    0    0   -2    1   0010011
        182        31       3        7       21          45   7    16   1  1  7    1  0  1  1  1  7      1    0    0    0    1    0   -1   -1    1   0010011
        183        32      12        7       84          46   7     4   1  1  7    1  0  1  1  2  7      1    0    0    0    1    0   -1   -2    1   0010011
        184        33      12        7       84          47   7     4   1  1  7    1  0  1  2  2  7      1    0    0    0    1    0   -2   -2    1   0010011
        185        34       4        7       28          48   7    12   1  1  7    1  0  1  3  6  7      1    0    0    0    1    0   -3   -6    1   0010011
        186        29       6        7       42          49   7     8   1  1  7    1  0  1  0  0  7      1    0    0    0    1    0    0    0    1   0010101
        187        30      12        7       84          50   7     4   1  1  7    1  0  1  0  2  7      1    0    0    0    1    0    0   -2    1   0010101
        188        31       3        7       21          51   7    16   1  1  7    1  0  1  1  1  7      1    0    0    0    1    0   -1   -1    1   0010101
        189        32      12        7       84          52   7     4   1  1  7    1  0  1  1  2  7      1    0    0    0    1    0   -1   -2    1   0010101
        190        33      12        7       84          53   7     4   1  1  7    1  0  1  2  2  7      1    0    0    0    1    0   -2   -2    1   0010101
        191        34       4        7       28          54   7    12   1  1  7    1  0  1  3  6  7      1    0    0    0    1    0   -3   -6    1   0010101
        192        29       6       14       84          55   7     8   1  1  7    1  0  1  0  0  7      1    0    0    0    1    0    0    0    1   0010111
        193        30      12       14      168          56   7     4   1  1  7    1  0  1  0  2  7      1    0    0    0    1    0    0   -2    1   0010111
        194        31       3       14       42          57   7    16   1  1  7    1  0  1  1  1  7      1    0    0    0    1    0   -1   -1    1   0010111
        195        32      12       14      168          58   7     4   1  1  7    1  0  1  1  2  7      1    0    0    0    1    0   -1   -2    1   0010111
        196        33      12       14      168          59   7     4   1  1  7    1  0  1  2  2  7      1    0    0    0    1    0   -2   -2    1   0010111
        197        34       4       14       56          60   7    12   1  1  7    1  0  1  3  6  7      1    0    0    0    1    0   -3   -6    1   0010111
        198        29       6        7       42          61   7     8   1  1  7    1  0  1  0  0  7      1    0    0    0    1    0    0    0    1   0011011
        199        30      12        7       84          62   7     4   1  1  7    1  0  1  0  2  7      1    0    0    0    1    0    0   -2    1   0011011
        200        31       3        7       21          63   7    16   1  1  7    1  0  1  1  1  7      1    0    0    0    1    0   -1   -1    1   0011011
        201        32      12        7       84          64   7     4   1  1  7    1  0  1  1  2  7      1    0    0    0    1    0   -1   -2    1   0011011
        202        33      12        7       84          65   7     4   1  1  7    1  0  1  2  2  7      1    0    0    0    1    0   -2   -2    1   0011011
        203        34       4        7       28          66   7    12   1  1  7    1  0  1  3  6  7      1    0    0    0    1    0   -3   -6    1   0011011
        204        29       6        7       42          67   7     8   1  1  7    1  0  1  0  0  7      1    0    0    0    1    0    0    0    1   0011111
        205        30      12        7       84          68   7     4   1  1  7    1  0  1  0  2  7      1    0    0    0    1    0    0   -2    1   0011111
        206        31       3        7       21          69   7    16   1  1  7    1  0  1  1  1  7      1    0    0    0    1    0   -1   -1    1   0011111
        207        32      12        7       84          70   7     4   1  1  7    1  0  1  1  2  7      1    0    0    0    1    0   -1   -2    1   0011111
        208        33      12        7       84          71   7     4   1  1  7    1  0  1  2  2  7      1    0    0    0    1    0   -2   -2    1   0011111
        209        34       4        7       28          72   7    12   1  1  7    1  0  1  3  6  7      1    0    0    0    1    0   -3   -6    1   0011111
        210        29       6        7       42          73   7     8   1  1  7    1  0  1  0  0  7      1    0    0    0    1    0    0    0    1   0101011
        211        30      12        7       84          74   7     4   1  1  7    1  0  1  0  2  7      1    0    0    0    1    0    0   -2    1   0101011
        212        31       3        7       21          75   7    16   1  1  7    1  0  1  1  1  7      1    0    0    0    1    0   -1   -1    1   0101011
        213        32      12        7       84          76   7     4   1  1  7    1  0  1  1  2  7      1    0    0    0    1    0   -1   -2    1   0101011
        214        33      12        7       84          77   7     4   1  1  7    1  0  1  2  2  7      1    0    0    0    1    0   -2   -2    1   0101011
        215        34       4        7       28          78   7    12   1  1  7    1  0  1  3  6  7      1    0    0    0    1    0   -3   -6    1   0101011
        216        29       6        7       42          79   7     8   1  1  7    1  0  1  0  0  7      1    0    0    0    1    0    0    0    1   0101111
        217        30      12        7       84          80   7     4   1  1  7    1  0  1  0  2  7      1    0    0    0    1    0    0   -2    1   0101111
        218        31       3        7       21          81   7    16   1  1  7    1  0  1  1  1  7      1    0    0    0    1    0   -1   -1    1   0101111
        219        32      12        7       84          82   7     4   1  1  7    1  0  1  1  2  7      1    0    0    0    1    0   -1   -2    1   0101111
        220        33      12        7       84          83   7     4   1  1  7    1  0  1  2  2  7      1    0    0    0    1    0   -2   -2    1   0101111
        221        34       4        7       28          84   7    12   1  1  7    1  0  1  3  6  7      1    0    0    0    1    0   -3   -6    1   0101111
        222        29       6        7       42          85   7     8   1  1  7    1  0  1  0  0  7      1    0    0    0    1    0    0    0    1   0110111
        223        30      12        7       84          86   7     4   1  1  7    1  0  1  0  2  7      1    0    0    0    1    0    0   -2    1   0110111
        224        31       3        7       21          87   7    16   1  1  7    1  0  1  1  1  7      1    0    0    0    1    0   -1   -1    1   0110111
        225        32      12        7       84          88   7     4   1  1  7    1  0  1  1  2  7      1    0    0    0    1    0   -1   -2    1   0110111
        226        33      12        7       84          89   7     4   1  1  7    1  0  1  2  2  7      1    0    0    0    1    0   -2   -2    1   0110111
        227        34       4        7       28          90   7    12   1  1  7    1  0  1  3  6  7      1    0    0    0    1    0   -3   -6    1   0110111
        228        29       6        7       42          91   7     8   1  1  7    1  0  1  0  0  7      1    0    0    0    1    0    0    0    1   0111111
        229        30      12        7       84          92   7     4   1  1  7    1  0  1  0  2  7      1    0    0    0    1    0    0   -2    1   0111111
        230        31       3        7       21          93   7    16   1  1  7    1  0  1  1  1  7      1    0    0    0    1    0   -1   -1    1   0111111
        231        32      12        7       84          94   7     4   1  1  7    1  0  1  1  2  7      1    0    0    0    1    0   -1   -2    1   0111111
        232        33      12        7       84          95   7     4   1  1  7    1  0  1  2  2  7      1    0    0    0    1    0   -2   -2    1   0111111
        233        34       4        7       28          96   7    12   1  1  7    1  0  1  3  6  7      1    0    0    0    1    0   -3   -6    1   0111111
        234        35       8        7       56          97   7     6   1  1  7    1  0  1  0  3  7      1    0    0    0    1    0    0   -3    1   0000001
        235        35       8       21      168          98   7     6   1  1  7    1  0  1  0  3  7      1    0    0    0    1    0    0   -3    1   0000011
        236        35       8       21      168          99   7     6   1  1  7    1  0  1  0  3  7      1    0    0    0    1    0    0   -3    1   0000111
        237        35       8       14      112         100   7     6   1  1  7    1  0  1  0  3  7      1    0    0    0    1    0    0   -3    1   0001011
        238        35       8       21      168         101   7     6   1  1  7    1  0  1  0  3  7      1    0    0    0    1    0    0   -3    1   0001111
        239        35       8       14      112         102   7     6   1  1  7    1  0  1  0  3  7      1    0    0    0    1    0    0   -3    1   0010111
        240        35       8       21      168         103   7     6   1  1  7    1  0  1  0  3  7      1    0    0    0    1    0    0   -3    1   0011111
        241        35       8        7       56         104   7     6   1  1  7    1  0  1  0  3  7      1    0    0    0    1    0    0   -3    1   0111111
