 # <fortpy version="3" revision="247"></fortpy>
bcc       
bulk
 0.50000000      0.50000000     -0.50000000        # a1 parent lattice vector
-0.50000000      0.50000000      0.50000000        # a2 parent lattice vector
 0.50000000     -0.50000000      0.50000000        # a3 parent lattice vector
    1 # Number of points in the multilattice
  0.0000000       0.0000000       0.0000000        # d01 d-vector, labels: 0/1/2
 3-nary case
   1   5 # Starting and ending cell sizes for search
 0.10000000E-06 # Epsilon (finite precision parameter)
Concentration check:
    F
full list of labelings (including incomplete labelings) is used
Equivalency list: 1
start   #tot      HNF     Hdegn   labdegn   Totdegn   #size idx    pg    SNF             HNF                 Left transform                          labeling
          1         1       1        1        1           1   1    48   1  1  1    1  0  1  0  0  1      1    0    0    0    1    0    0    0    1   0
          2         1       1        1        1           2   1    48   1  1  1    1  0  1  0  0  1      1    0    0    0    1    0    0    0    1   1
          3         1       1        1        1           3   1    48   1  1  1    1  0  1  0  0  1      1    0    0    0    1    0    0    0    1   2
          4         2       6        2       12           1   2     8   1  1  2    1  0  1  0  0  2      1    0    0    0    1    0    0    0    1   01
          5         3       1        2        2           2   2    48   1  1  2    1  0  1  1  1  2      1    0    0    0    1    0   -1   -1    1   01
          6         2       6        2       12           3   2     8   1  1  2    1  0  1  0  0  2      1    0    0    0    1    0    0    0    1   02
          7         3       1        2        2           4   2    48   1  1  2    1  0  1  1  1  2      1    0    0    0    1    0   -1   -1    1   02
          8         2       6        2       12           5   2     8   1  1  2    1  0  1  0  0  2      1    0    0    0    1    0    0    0    1   12
          9         3       1        2        2           6   2    48   1  1  2    1  0  1  1  1  2      1    0    0    0    1    0   -1   -1    1   12
         10         4       6        3       18           1   3     8   1  1  3    1  0  1  0  0  3      1    0    0    0    1    0    0    0    1   001
         11         5       4        3       12           2   3    12   1  1  3    1  0  1  0  2  3      1    0    0    0    1    0    0   -2    1   001
         12         6       3        3        9           3   3    16   1  1  3    1  0  1  1  1  3      1    0    0    0    1    0   -1   -1    1   001
         13         4       6        3       18           4   3     8   1  1  3    1  0  1  0  0  3      1    0    0    0    1    0    0    0    1   002
         14         5       4        3       12           5   3    12   1  1  3    1  0  1  0  2  3      1    0    0    0    1    0    0   -2    1   002
         15         6       3        3        9           6   3    16   1  1  3    1  0  1  1  1  3      1    0    0    0    1    0   -1   -1    1   002
         16         4       6        3       18           7   3     8   1  1  3    1  0  1  0  0  3      1    0    0    0    1    0    0    0    1   011
         17         5       4        3       12           8   3    12   1  1  3    1  0  1  0  2  3      1    0    0    0    1    0    0   -2    1   011
         18         6       3        3        9           9   3    16   1  1  3    1  0  1  1  1  3      1    0    0    0    1    0   -1   -1    1   011
         19         4       6        6       36          10   3     8   1  1  3    1  0  1  0  0  3      1    0    0    0    1    0    0    0    1   012
         20         5       4        6       24          11   3    12   1  1  3    1  0  1  0  2  3      1    0    0    0    1    0    0   -2    1   012
         21         6       3        6       18          12   3    16   1  1  3    1  0  1  1  1  3      1    0    0    0    1    0   -1   -1    1   012
         22         4       6        3       18          13   3     8   1  1  3    1  0  1  0  0  3      1    0    0    0    1    0    0    0    1   022
         23         5       4        3       12          14   3    12   1  1  3    1  0  1  0  2  3      1    0    0    0    1    0    0   -2    1   022
         24         6       3        3        9          15   3    16   1  1  3    1  0  1  1  1  3      1    0    0    0    1    0   -1   -1    1   022
         25         4       6        3       18          16   3     8   1  1  3    1  0  1  0  0  3      1    0    0    0    1    0    0    0    1   112
         26         5       4        3       12          17   3    12   1  1  3    1  0  1  0  2  3      1    0    0    0    1    0    0   -2    1   112
         27         6       3        3        9          18   3    16   1  1  3    1  0  1  1  1  3      1    0    0    0    1    0   -1   -1    1   112
         28         4       6        3       18          19   3     8   1  1  3    1  0  1  0  0  3      1    0    0    0    1    0    0    0    1   122
         29         5       4        3       12          20   3    12   1  1  3    1  0  1  0  2  3      1    0    0    0    1    0    0   -2    1   122
         30         6       3        3        9          21   3    16   1  1  3    1  0  1  1  1  3      1    0    0    0    1    0   -1   -1    1   122
         31         7       6        4       24           1   4     8   1  1  4    1  0  1  0  0  4      1    0    0    0    1    0    0    0    1   0001
         32         8      12        4       48           2   4     4   1  1  4    1  0  1  0  2  4      1    0    0    0    1    0    0   -2    1   0001
         33         9       3        4       12           3   4    16   1  1  4    1  0  1  1  1  4      1    0    0    0    1    0   -1   -1    1   0001
         34        10       6        4       24           4   4     8   1  1  4    1  0  1  1  2  4      1    0    0    0    1    0   -1   -2    1   0001
         35        11       1        4        4           5   4    48   1  1  4    1  0  1  3  3  4      1    0    0    0    1    0   -3   -3    1   0001
         36         7       6        4       24           6   4     8   1  1  4    1  0  1  0  0  4      1    0    0    0    1    0    0    0    1   0002
         37         8      12        4       48           7   4     4   1  1  4    1  0  1  0  2  4      1    0    0    0    1    0    0   -2    1   0002
         38         9       3        4       12           8   4    16   1  1  4    1  0  1  1  1  4      1    0    0    0    1    0   -1   -1    1   0002
         39        10       6        4       24           9   4     8   1  1  4    1  0  1  1  2  4      1    0    0    0    1    0   -1   -2    1   0002
         40        11       1        4        4          10   4    48   1  1  4    1  0  1  3  3  4      1    0    0    0    1    0   -3   -3    1   0002
         41         7       6        4       24          11   4     8   1  1  4    1  0  1  0  0  4      1    0    0    0    1    0    0    0    1   0011
         42         8      12        4       48          12   4     4   1  1  4    1  0  1  0  2  4      1    0    0    0    1    0    0   -2    1   0011
         43         9       3        4       12          13   4    16   1  1  4    1  0  1  1  1  4      1    0    0    0    1    0   -1   -1    1   0011
         44        10       6        4       24          14   4     8   1  1  4    1  0  1  1  2  4      1    0    0    0    1    0   -1   -2    1   0011
         45        11       1        4        4          15   4    48   1  1  4    1  0  1  3  3  4      1    0    0    0    1    0   -3   -3    1   0011
         46         7       6        8       48          16   4     8   1  1  4    1  0  1  0  0  4      1    0    0    0    1    0    0    0    1   0012
         47         8      12        8       96          17   4     4   1  1  4    1  0  1  0  2  4      1    0    0    0    1    0    0   -2    1   0012
         48         9       3        8       24          18   4    16   1  1  4    1  0  1  1  1  4      1    0    0    0    1    0   -1   -1    1   0012
         49        10       6        8       48          19   4     8   1  1  4    1  0  1  1  2  4      1    0    0    0    1    0   -1   -2    1   0012
         50        11       1        8        8          20   4    48   1  1  4    1  0  1  3  3  4      1    0    0    0    1    0   -3   -3    1   0012
         51         7       6        4       24          21   4     8   1  1  4    1  0  1  0  0  4      1    0    0    0    1    0    0    0    1   0022
         52         8      12        4       48          22   4     4   1  1  4    1  0  1  0  2  4      1    0    0    0    1    0    0   -2    1   0022
         53         9       3        4       12          23   4    16   1  1  4    1  0  1  1  1  4      1    0    0    0    1    0   -1   -1    1   0022
         54        10       6        4       24          24   4     8   1  1  4    1  0  1  1  2  4      1    0    0    0    1    0   -1   -2    1   0022
         55        11       1        4        4          25   4    48   1  1  4    1  0  1  3  3  4      1    0    0    0    1    0   -3   -3    1   0022
         56         7       6        1        6          26   4     8   1  1  4    1  0  1  0  0  4      1    0    0    0    1    0    0    0    1   0102
         57         8      12        1       12          27   4     4   1  1  4    1  0  1  0  2  4      1    0    0    0    1    0    0   -2    1   0102
         58         9       3        1        3          28   4    16   1  1  4    1  0  1  1  1  4      1    0    0    0    1    0   -1   -1    1   0102
         59        10       6        1        6          29   4     8   1  1  4    1  0  1  1  2  4      1    0    0    0    1    0   -1   -2    1   0102
         60        11       1        1        1          30   4    48   1  1  4    1  0  1  3  3  4      1    0    0    0    1    0   -3   -3    1   0102
         61         7       6        4       24          31   4     8   1  1  4    1  0  1  0  0  4      1    0    0    0    1    0    0    0    1   0111
         62         8      12        4       48          32   4     4   1  1  4    1  0  1  0  2  4      1    0    0    0    1    0    0   -2    1   0111
         63         9       3        4       12          33   4    16   1  1  4    1  0  1  1  1  4      1    0    0    0    1    0   -1   -1    1   0111
         64        10       6        4       24          34   4     8   1  1  4    1  0  1  1  2  4      1    0    0    0    1    0   -1   -2    1   0111
         65        11       1        4        4          35   4    48   1  1  4    1  0  1  3  3  4      1    0    0    0    1    0   -3   -3    1   0111
         66         7       6        4       24          36   4     8   1  1  4    1  0  1  0  0  4      1    0    0    0    1    0    0    0    1   0112
         67         8      12        4       48          37   4     4   1  1  4    1  0  1  0  2  4      1    0    0    0    1    0    0   -2    1   0112
         68         9       3        4       12          38   4    16   1  1  4    1  0  1  1  1  4      1    0    0    0    1    0   -1   -1    1   0112
         69        10       6        4       24          39   4     8   1  1  4    1  0  1  1  2  4      1    0    0    0    1    0   -1   -2    1   0112
         70        11       1        4        4          40   4    48   1  1  4    1  0  1  3  3  4      1    0    0    0    1    0   -3   -3    1   0112
         71         7       6        8       48          41   4     8   1  1  4    1  0  1  0  0  4      1    0    0    0    1    0    0    0    1   0121
         72         8      12        8       96          42   4     4   1  1  4    1  0  1  0  2  4      1    0    0    0    1    0    0   -2    1   0121
         73         9       3        8       24          43   4    16   1  1  4    1  0  1  1  1  4      1    0    0    0    1    0   -1   -1    1   0121
         74        10       6        8       48          44   4     8   1  1  4    1  0  1  1  2  4      1    0    0    0    1    0   -1   -2    1   0121
         75        11       1        8        8          45   4    48   1  1  4    1  0  1  3  3  4      1    0    0    0    1    0   -3   -3    1   0121
         76         7       6        4       24          46   4     8   1  1  4    1  0  1  0  0  4      1    0    0    0    1    0    0    0    1   0122
         77         8      12        4       48          47   4     4   1  1  4    1  0  1  0  2  4      1    0    0    0    1    0    0   -2    1   0122
         78         9       3        4       12          48   4    16   1  1  4    1  0  1  1  1  4      1    0    0    0    1    0   -1   -1    1   0122
         79        10       6        4       24          49   4     8   1  1  4    1  0  1  1  2  4      1    0    0    0    1    0   -1   -2    1   0122
         80        11       1        4        4          50   4    48   1  1  4    1  0  1  3  3  4      1    0    0    0    1    0   -3   -3    1   0122
         81         7       6        8       48          51   4     8   1  1  4    1  0  1  0  0  4      1    0    0    0    1    0    0    0    1   0212
         82         8      12        8       96          52   4     4   1  1  4    1  0  1  0  2  4      1    0    0    0    1    0    0   -2    1   0212
         83         9       3        8       24          53   4    16   1  1  4    1  0  1  1  1  4      1    0    0    0    1    0   -1   -1    1   0212
         84        10       6        8       48          54   4     8   1  1  4    1  0  1  1  2  4      1    0    0    0    1    0   -1   -2    1   0212
         85        11       1        8        8          55   4    48   1  1  4    1  0  1  3  3  4      1    0    0    0    1    0   -3   -3    1   0212
         86         7       6        1        6          56   4     8   1  1  4    1  0  1  0  0  4      1    0    0    0    1    0    0    0    1   0222
         87         8      12        1       12          57   4     4   1  1  4    1  0  1  0  2  4      1    0    0    0    1    0    0   -2    1   0222
         88         9       3        1        3          58   4    16   1  1  4    1  0  1  1  1  4      1    0    0    0    1    0   -1   -1    1   0222
         89        10       6        1        6          59   4     8   1  1  4    1  0  1  1  2  4      1    0    0    0    1    0   -1   -2    1   0222
         90        11       1        1        1          60   4    48   1  1  4    1  0  1  3  3  4      1    0    0    0    1    0   -3   -3    1   0222
         91         7       6        4       24          61   4     8   1  1  4    1  0  1  0  0  4      1    0    0    0    1    0    0    0    1   1112
         92         8      12        4       48          62   4     4   1  1  4    1  0  1  0  2  4      1    0    0    0    1    0    0   -2    1   1112
         93         9       3        4       12          63   4    16   1  1  4    1  0  1  1  1  4      1    0    0    0    1    0   -1   -1    1   1112
         94        10       6        4       24          64   4     8   1  1  4    1  0  1  1  2  4      1    0    0    0    1    0   -1   -2    1   1112
         95        11       1        4        4          65   4    48   1  1  4    1  0  1  3  3  4      1    0    0    0    1    0   -3   -3    1   1112
         96         7       6        4       24          66   4     8   1  1  4    1  0  1  0  0  4      1    0    0    0    1    0    0    0    1   1122
         97         8      12        4       48          67   4     4   1  1  4    1  0  1  0  2  4      1    0    0    0    1    0    0   -2    1   1122
         98         9       3        4       12          68   4    16   1  1  4    1  0  1  1  1  4      1    0    0    0    1    0   -1   -1    1   1122
         99        10       6        4       24          69   4     8   1  1  4    1  0  1  1  2  4      1    0    0    0    1    0   -1   -2    1   1122
        100        11       1        4        4          70   4    48   1  1  4    1  0  1  3  3  4      1    0    0    0    1    0   -3   -3    1   1122
        101         7       6        4       24          71   4     8   1  1  4    1  0  1  0  0  4      1    0    0    0    1    0    0    0    1   1222
        102         8      12        4       48          72   4     4   1  1  4    1  0  1  0  2  4      1    0    0    0    1    0    0   -2    1   1222
        103         9       3        4       12          73   4    16   1  1  4    1  0  1  1  1  4      1    0    0    0    1    0   -1   -1    1   1222
        104        10       6        4       24          74   4     8   1  1  4    1  0  1  1  2  4      1    0    0    0    1    0   -1   -2    1   1222
        105        11       1        4        4          75   4    48   1  1  4    1  0  1  3  3  4      1    0    0    0    1    0   -3   -3    1   1222
        106        12       4        4       16          76   4    12   1  2  2    1  0  2  0  0  2      1    0    0    0    1    0    0    0    1   0001
        107        12       4        4       16          77   4    12   1  2  2    1  0  2  0  0  2      1    0    0    0    1    0    0    0    1   0002
        108        12       4        5       20          78   4    12   1  2  2    1  0  2  0  0  2      1    0    0    0    1    0    0    0    1   0012
        109        12       4       12       48          79   4    12   1  2  2    1  0  2  0  0  2      1    0    0    0    1    0    0    0    1   0111
        110        12       4        5       20          80   4    12   1  2  2    1  0  2  0  0  2      1    0    0    0    1    0    0    0    1   0112
        111        12       4        4       16          81   4    12   1  2  2    1  0  2  0  0  2      1    0    0    0    1    0    0    0    1   0122
        112        12       4       12       48          82   4    12   1  2  2    1  0  2  0  0  2      1    0    0    0    1    0    0    0    1   0222
        113        12       4       12       48          83   4    12   1  2  2    1  0  2  0  0  2      1    0    0    0    1    0    0    0    1   1112
        114        12       4        4       16          84   4    12   1  2  2    1  0  2  0  0  2      1    0    0    0    1    0    0    0    1   1222
        115        13       3        4       12          85   4    16   1  2  2    1  0  2  1  0  2      1    0    0    0    1    0   -1    0    1   0001
        116        13       3        4       12          86   4    16   1  2  2    1  0  2  1  0  2      1    0    0    0    1    0   -1    0    1   0002
        117        13       3        3        9          87   4    16   1  2  2    1  0  2  1  0  2      1    0    0    0    1    0   -1    0    1   0012
        118        13       3        8       24          88   4    16   1  2  2    1  0  2  1  0  2      1    0    0    0    1    0   -1    0    1   0111
        119        13       3        3        9          89   4    16   1  2  2    1  0  2  1  0  2      1    0    0    0    1    0   -1    0    1   0112
        120        13       3        1        3          90   4    16   1  2  2    1  0  2  1  0  2      1    0    0    0    1    0   -1    0    1   0120
        121        13       3        4       12          91   4    16   1  2  2    1  0  2  1  0  2      1    0    0    0    1    0   -1    0    1   0121
        122        13       3        4       12          92   4    16   1  2  2    1  0  2  1  0  2      1    0    0    0    1    0   -1    0    1   0122
        123        13       3        4       12          93   4    16   1  2  2    1  0  2  1  0  2      1    0    0    0    1    0   -1    0    1   0221
        124        13       3        8       24          94   4    16   1  2  2    1  0  2  1  0  2      1    0    0    0    1    0   -1    0    1   0222
        125        13       3        8       24          95   4    16   1  2  2    1  0  2  1  0  2      1    0    0    0    1    0   -1    0    1   1112
        126        13       3        1        3          96   4    16   1  2  2    1  0  2  1  0  2      1    0    0    0    1    0   -1    0    1   1222
        127        14       6        5       30           1   5     8   1  1  5    1  0  1  0  0  5      1    0    0    0    1    0    0    0    1   00001
        128        15      12        5       60           2   5     4   1  1  5    1  0  1  0  2  5      1    0    0    0    1    0    0   -2    1   00001
        129        16       3        5       15           3   5    16   1  1  5    1  0  1  1  1  5      1    0    0    0    1    0   -1   -1    1   00001
        130        17       4        5       20           4   5    12   1  1  5    1  0  1  2  2  5      1    0    0    0    1    0   -2   -2    1   00001
        131        14       6        5       30           5   5     8   1  1  5    1  0  1  0  0  5      1    0    0    0    1    0    0    0    1   00002
        132        15      12        5       60           6   5     4   1  1  5    1  0  1  0  2  5      1    0    0    0    1    0    0   -2    1   00002
        133        16       3        5       15           7   5    16   1  1  5    1  0  1  1  1  5      1    0    0    0    1    0   -1   -1    1   00002
        134        17       4        5       20           8   5    12   1  1  5    1  0  1  2  2  5      1    0    0    0    1    0   -2   -2    1   00002
        135        14       6        5       30           9   5     8   1  1  5    1  0  1  0  0  5      1    0    0    0    1    0    0    0    1   00011
        136        15      12        5       60          10   5     4   1  1  5    1  0  1  0  2  5      1    0    0    0    1    0    0   -2    1   00011
        137        16       3        5       15          11   5    16   1  1  5    1  0  1  1  1  5      1    0    0    0    1    0   -1   -1    1   00011
        138        17       4        5       20          12   5    12   1  1  5    1  0  1  2  2  5      1    0    0    0    1    0   -2   -2    1   00011
        139        14       6       10       60          13   5     8   1  1  5    1  0  1  0  0  5      1    0    0    0    1    0    0    0    1   00012
        140        15      12       10      120          14   5     4   1  1  5    1  0  1  0  2  5      1    0    0    0    1    0    0   -2    1   00012
        141        16       3       10       30          15   5    16   1  1  5    1  0  1  1  1  5      1    0    0    0    1    0   -1   -1    1   00012
        142        17       4       10       40          16   5    12   1  1  5    1  0  1  2  2  5      1    0    0    0    1    0   -2   -2    1   00012
        143        14       6        5       30          17   5     8   1  1  5    1  0  1  0  0  5      1    0    0    0    1    0    0    0    1   00022
        144        15      12        5       60          18   5     4   1  1  5    1  0  1  0  2  5      1    0    0    0    1    0    0   -2    1   00022
        145        16       3        5       15          19   5    16   1  1  5    1  0  1  1  1  5      1    0    0    0    1    0   -1   -1    1   00022
        146        17       4        5       20          20   5    12   1  1  5    1  0  1  2  2  5      1    0    0    0    1    0   -2   -2    1   00022
        147        14       6        5       30          21   5     8   1  1  5    1  0  1  0  0  5      1    0    0    0    1    0    0    0    1   00101
        148        15      12        5       60          22   5     4   1  1  5    1  0  1  0  2  5      1    0    0    0    1    0    0   -2    1   00101
        149        16       3        5       15          23   5    16   1  1  5    1  0  1  1  1  5      1    0    0    0    1    0   -1   -1    1   00101
        150        17       4        5       20          24   5    12   1  1  5    1  0  1  2  2  5      1    0    0    0    1    0   -2   -2    1   00101
        151        14       6       10       60          25   5     8   1  1  5    1  0  1  0  0  5      1    0    0    0    1    0    0    0    1   00102
        152        15      12       10      120          26   5     4   1  1  5    1  0  1  0  2  5      1    0    0    0    1    0    0   -2    1   00102
        153        16       3       10       30          27   5    16   1  1  5    1  0  1  1  1  5      1    0    0    0    1    0   -1   -1    1   00102
        154        17       4       10       40          28   5    12   1  1  5    1  0  1  2  2  5      1    0    0    0    1    0   -2   -2    1   00102
        155        14       6        5       30          29   5     8   1  1  5    1  0  1  0  0  5      1    0    0    0    1    0    0    0    1   00111
        156        15      12        5       60          30   5     4   1  1  5    1  0  1  0  2  5      1    0    0    0    1    0    0   -2    1   00111
        157        16       3        5       15          31   5    16   1  1  5    1  0  1  1  1  5      1    0    0    0    1    0   -1   -1    1   00111
        158        17       4        5       20          32   5    12   1  1  5    1  0  1  2  2  5      1    0    0    0    1    0   -2   -2    1   00111
        159        14       6       10       60          33   5     8   1  1  5    1  0  1  0  0  5      1    0    0    0    1    0    0    0    1   00112
        160        15      12       10      120          34   5     4   1  1  5    1  0  1  0  2  5      1    0    0    0    1    0    0   -2    1   00112
        161        16       3       10       30          35   5    16   1  1  5    1  0  1  1  1  5      1    0    0    0    1    0   -1   -1    1   00112
        162        17       4       10       40          36   5    12   1  1  5    1  0  1  2  2  5      1    0    0    0    1    0   -2   -2    1   00112
        163        14       6        5       30          37   5     8   1  1  5    1  0  1  0  0  5      1    0    0    0    1    0    0    0    1   00121
        164        15      12        5       60          38   5     4   1  1  5    1  0  1  0  2  5      1    0    0    0    1    0    0   -2    1   00121
        165        16       3        5       15          39   5    16   1  1  5    1  0  1  1  1  5      1    0    0    0    1    0   -1   -1    1   00121
        166        17       4        5       20          40   5    12   1  1  5    1  0  1  2  2  5      1    0    0    0    1    0   -2   -2    1   00121
        167        14       6       10       60          41   5     8   1  1  5    1  0  1  0  0  5      1    0    0    0    1    0    0    0    1   00122
        168        15      12       10      120          42   5     4   1  1  5    1  0  1  0  2  5      1    0    0    0    1    0    0   -2    1   00122
        169        16       3       10       30          43   5    16   1  1  5    1  0  1  1  1  5      1    0    0    0    1    0   -1   -1    1   00122
        170        17       4       10       40          44   5    12   1  1  5    1  0  1  2  2  5      1    0    0    0    1    0   -2   -2    1   00122
        171        14       6        5       30          45   5     8   1  1  5    1  0  1  0  0  5      1    0    0    0    1    0    0    0    1   00202
        172        15      12        5       60          46   5     4   1  1  5    1  0  1  0  2  5      1    0    0    0    1    0    0   -2    1   00202
        173        16       3        5       15          47   5    16   1  1  5    1  0  1  1  1  5      1    0    0    0    1    0   -1   -1    1   00202
        174        17       4        5       20          48   5    12   1  1  5    1  0  1  2  2  5      1    0    0    0    1    0   -2   -2    1   00202
        175        14       6        5       30          49   5     8   1  1  5    1  0  1  0  0  5      1    0    0    0    1    0    0    0    1   00212
        176        15      12        5       60          50   5     4   1  1  5    1  0  1  0  2  5      1    0    0    0    1    0    0   -2    1   00212
        177        16       3        5       15          51   5    16   1  1  5    1  0  1  1  1  5      1    0    0    0    1    0   -1   -1    1   00212
        178        17       4        5       20          52   5    12   1  1  5    1  0  1  2  2  5      1    0    0    0    1    0   -2   -2    1   00212
        179        14       6        5       30          53   5     8   1  1  5    1  0  1  0  0  5      1    0    0    0    1    0    0    0    1   00222
        180        15      12        5       60          54   5     4   1  1  5    1  0  1  0  2  5      1    0    0    0    1    0    0   -2    1   00222
        181        16       3        5       15          55   5    16   1  1  5    1  0  1  1  1  5      1    0    0    0    1    0   -1   -1    1   00222
        182        17       4        5       20          56   5    12   1  1  5    1  0  1  2  2  5      1    0    0    0    1    0   -2   -2    1   00222
        183        14       6        5       30          57   5     8   1  1  5    1  0  1  0  0  5      1    0    0    0    1    0    0    0    1   01011
        184        15      12        5       60          58   5     4   1  1  5    1  0  1  0  2  5      1    0    0    0    1    0    0   -2    1   01011
        185        16       3        5       15          59   5    16   1  1  5    1  0  1  1  1  5      1    0    0    0    1    0   -1   -1    1   01011
        186        17       4        5       20          60   5    12   1  1  5    1  0  1  2  2  5      1    0    0    0    1    0   -2   -2    1   01011
        187        14       6       10       60          61   5     8   1  1  5    1  0  1  0  0  5      1    0    0    0    1    0    0    0    1   01012
        188        15      12       10      120          62   5     4   1  1  5    1  0  1  0  2  5      1    0    0    0    1    0    0   -2    1   01012
        189        16       3       10       30          63   5    16   1  1  5    1  0  1  1  1  5      1    0    0    0    1    0   -1   -1    1   01012
        190        17       4       10       40          64   5    12   1  1  5    1  0  1  2  2  5      1    0    0    0    1    0   -2   -2    1   01012
        191        14       6        5       30          65   5     8   1  1  5    1  0  1  0  0  5      1    0    0    0    1    0    0    0    1   01022
        192        15      12        5       60          66   5     4   1  1  5    1  0  1  0  2  5      1    0    0    0    1    0    0   -2    1   01022
        193        16       3        5       15          67   5    16   1  1  5    1  0  1  1  1  5      1    0    0    0    1    0   -1   -1    1   01022
        194        17       4        5       20          68   5    12   1  1  5    1  0  1  2  2  5      1    0    0    0    1    0   -2   -2    1   01022
        195        14       6        5       30          69   5     8   1  1  5    1  0  1  0  0  5      1    0    0    0    1    0    0    0    1   01102
        196        15      12        5       60          70   5     4   1  1  5    1  0  1  0  2  5      1    0    0    0    1    0    0   -2    1   01102
        197        16       3        5       15          71   5    16   1  1  5    1  0  1  1  1  5      1    0    0    0    1    0   -1   -1    1   01102
        198        17       4        5       20          72   5    12   1  1  5    1  0  1  2  2  5      1    0    0    0    1    0   -2   -2    1   01102
        199        14       6        5       30          73   5     8   1  1  5    1  0  1  0  0  5      1    0    0    0    1    0    0    0    1   01111
        200        15      12        5       60          74   5     4   1  1  5    1  0  1  0  2  5      1    0    0    0    1    0    0   -2    1   01111
        201        16       3        5       15          75   5    16   1  1  5    1  0  1  1  1  5      1    0    0    0    1    0   -1   -1    1   01111
        202        17       4        5       20          76   5    12   1  1  5    1  0  1  2  2  5      1    0    0    0    1    0   -2   -2    1   01111
        203        14       6       10       60          77   5     8   1  1  5    1  0  1  0  0  5      1    0    0    0    1    0    0    0    1   01112
        204        15      12       10      120          78   5     4   1  1  5    1  0  1  0  2  5      1    0    0    0    1    0    0   -2    1   01112
        205        16       3       10       30          79   5    16   1  1  5    1  0  1  1  1  5      1    0    0    0    1    0   -1   -1    1   01112
        206        17       4       10       40          80   5    12   1  1  5    1  0  1  2  2  5      1    0    0    0    1    0   -2   -2    1   01112
        207        14       6       10       60          81   5     8   1  1  5    1  0  1  0  0  5      1    0    0    0    1    0    0    0    1   01121
        208        15      12       10      120          82   5     4   1  1  5    1  0  1  0  2  5      1    0    0    0    1    0    0   -2    1   01121
        209        16       3       10       30          83   5    16   1  1  5    1  0  1  1  1  5      1    0    0    0    1    0   -1   -1    1   01121
        210        17       4       10       40          84   5    12   1  1  5    1  0  1  2  2  5      1    0    0    0    1    0   -2   -2    1   01121
        211        14       6       10       60          85   5     8   1  1  5    1  0  1  0  0  5      1    0    0    0    1    0    0    0    1   01122
        212        15      12       10      120          86   5     4   1  1  5    1  0  1  0  2  5      1    0    0    0    1    0    0   -2    1   01122
        213        16       3       10       30          87   5    16   1  1  5    1  0  1  1  1  5      1    0    0    0    1    0   -1   -1    1   01122
        214        17       4       10       40          88   5    12   1  1  5    1  0  1  2  2  5      1    0    0    0    1    0   -2   -2    1   01122
        215        14       6       10       60          89   5     8   1  1  5    1  0  1  0  0  5      1    0    0    0    1    0    0    0    1   01202
        216        15      12       10      120          90   5     4   1  1  5    1  0  1  0  2  5      1    0    0    0    1    0    0   -2    1   01202
        217        16       3       10       30          91   5    16   1  1  5    1  0  1  1  1  5      1    0    0    0    1    0   -1   -1    1   01202
        218        17       4       10       40          92   5    12   1  1  5    1  0  1  2  2  5      1    0    0    0    1    0   -2   -2    1   01202
        219        14       6       10       60          93   5     8   1  1  5    1  0  1  0  0  5      1    0    0    0    1    0    0    0    1   01212
        220        15      12       10      120          94   5     4   1  1  5    1  0  1  0  2  5      1    0    0    0    1    0    0   -2    1   01212
        221        16       3       10       30          95   5    16   1  1  5    1  0  1  1  1  5      1    0    0    0    1    0   -1   -1    1   01212
        222        17       4       10       40          96   5    12   1  1  5    1  0  1  2  2  5      1    0    0    0    1    0   -2   -2    1   01212
        223        14       6        5       30          97   5     8   1  1  5    1  0  1  0  0  5      1    0    0    0    1    0    0    0    1   01221
        224        15      12        5       60          98   5     4   1  1  5    1  0  1  0  2  5      1    0    0    0    1    0    0   -2    1   01221
        225        16       3        5       15          99   5    16   1  1  5    1  0  1  1  1  5      1    0    0    0    1    0   -1   -1    1   01221
        226        17       4        5       20         100   5    12   1  1  5    1  0  1  2  2  5      1    0    0    0    1    0   -2   -2    1   01221
        227        14       6       10       60         101   5     8   1  1  5    1  0  1  0  0  5      1    0    0    0    1    0    0    0    1   01222
        228        15      12       10      120         102   5     4   1  1  5    1  0  1  0  2  5      1    0    0    0    1    0    0   -2    1   01222
        229        16       3       10       30         103   5    16   1  1  5    1  0  1  1  1  5      1    0    0    0    1    0   -1   -1    1   01222
        230        17       4       10       40         104   5    12   1  1  5    1  0  1  2  2  5      1    0    0    0    1    0   -2   -2    1   01222
        231        14       6        5       30         105   5     8   1  1  5    1  0  1  0  0  5      1    0    0    0    1    0    0    0    1   02022
        232        15      12        5       60         106   5     4   1  1  5    1  0  1  0  2  5      1    0    0    0    1    0    0   -2    1   02022
        233        16       3        5       15         107   5    16   1  1  5    1  0  1  1  1  5      1    0    0    0    1    0   -1   -1    1   02022
        234        17       4        5       20         108   5    12   1  1  5    1  0  1  2  2  5      1    0    0    0    1    0   -2   -2    1   02022
        235        14       6        5       30         109   5     8   1  1  5    1  0  1  0  0  5      1    0    0    0    1    0    0    0    1   02112
        236        15      12        5       60         110   5     4   1  1  5    1  0  1  0  2  5      1    0    0    0    1    0    0   -2    1   02112
        237        16       3        5       15         111   5    16   1  1  5    1  0  1  1  1  5      1    0    0    0    1    0   -1   -1    1   02112
        238        17       4        5       20         112   5    12   1  1  5    1  0  1  2  2  5      1    0    0    0    1    0   -2   -2    1   02112
        239        14       6       10       60         113   5     8   1  1  5    1  0  1  0  0  5      1    0    0    0    1    0    0    0    1   02122
        240        15      12       10      120         114   5     4   1  1  5    1  0  1  0  2  5      1    0    0    0    1    0    0   -2    1   02122
        241        16       3       10       30         115   5    16   1  1  5    1  0  1  1  1  5      1    0    0    0    1    0   -1   -1    1   02122
        242        17       4       10       40         116   5    12   1  1  5    1  0  1  2  2  5      1    0    0    0    1    0   -2   -2    1   02122
        243        14       6        5       30         117   5     8   1  1  5    1  0  1  0  0  5      1    0    0    0    1    0    0    0    1   02222
        244        15      12        5       60         118   5     4   1  1  5    1  0  1  0  2  5      1    0    0    0    1    0    0   -2    1   02222
        245        16       3        5       15         119   5    16   1  1  5    1  0  1  1  1  5      1    0    0    0    1    0   -1   -1    1   02222
        246        17       4        5       20         120   5    12   1  1  5    1  0  1  2  2  5      1    0    0    0    1    0   -2   -2    1   02222
        247        14       6        5       30         121   5     8   1  1  5    1  0  1  0  0  5      1    0    0    0    1    0    0    0    1   11112
        248        15      12        5       60         122   5     4   1  1  5    1  0  1  0  2  5      1    0    0    0    1    0    0   -2    1   11112
        249        16       3        5       15         123   5    16   1  1  5    1  0  1  1  1  5      1    0    0    0    1    0   -1   -1    1   11112
        250        17       4        5       20         124   5    12   1  1  5    1  0  1  2  2  5      1    0    0    0    1    0   -2   -2    1   11112
        251        14       6        5       30         125   5     8   1  1  5    1  0  1  0  0  5      1    0    0    0    1    0    0    0    1   11122
        252        15      12        5       60         126   5     4   1  1  5    1  0  1  0  2  5      1    0    0    0    1    0    0   -2    1   11122
        253        16       3        5       15         127   5    16   1  1  5    1  0  1  1  1  5      1    0    0    0    1    0   -1   -1    1   11122
        254        17       4        5       20         128   5    12   1  1  5    1  0  1  2  2  5      1    0    0    0    1    0   -2   -2    1   11122
        255        14       6        5       30         129   5     8   1  1  5    1  0  1  0  0  5      1    0    0    0    1    0    0    0    1   11212
        256        15      12        5       60         130   5     4   1  1  5    1  0  1  0  2  5      1    0    0    0    1    0    0   -2    1   11212
        257        16       3        5       15         131   5    16   1  1  5    1  0  1  1  1  5      1    0    0    0    1    0   -1   -1    1   11212
        258        17       4        5       20         132   5    12   1  1  5    1  0  1  2  2  5      1    0    0    0    1    0   -2   -2    1   11212
        259        14       6        5       30         133   5     8   1  1  5    1  0  1  0  0  5      1    0    0    0    1    0    0    0    1   11222
        260        15      12        5       60         134   5     4   1  1  5    1  0  1  0  2  5      1    0    0    0    1    0    0   -2    1   11222
        261        16       3        5       15         135   5    16   1  1  5    1  0  1  1  1  5      1    0    0    0    1    0   -1   -1    1   11222
        262        17       4        5       20         136   5    12   1  1  5    1  0  1  2  2  5      1    0    0    0    1    0   -2   -2    1   11222
        263        14       6        5       30         137   5     8   1  1  5    1  0  1  0  0  5      1    0    0    0    1    0    0    0    1   12122
        264        15      12        5       60         138   5     4   1  1  5    1  0  1  0  2  5      1    0    0    0    1    0    0   -2    1   12122
        265        16       3        5       15         139   5    16   1  1  5    1  0  1  1  1  5      1    0    0    0    1    0   -1   -1    1   12122
        266        17       4        5       20         140   5    12   1  1  5    1  0  1  2  2  5      1    0    0    0    1    0   -2   -2    1   12122
        267        14       6        5       30         141   5     8   1  1  5    1  0  1  0  0  5      1    0    0    0    1    0    0    0    1   12222
        268        15      12        5       60         142   5     4   1  1  5    1  0  1  0  2  5      1    0    0    0    1    0    0   -2    1   12222
        269        16       3        5       15         143   5    16   1  1  5    1  0  1  1  1  5      1    0    0    0    1    0   -1   -1    1   12222
        270        17       4        5       20         144   5    12   1  1  5    1  0  1  2  2  5      1    0    0    0    1    0   -2   -2    1   12222
        271        18       6        5       30         145   5     8   1  1  5    1  0  1  1  2  5      1    0    0    0    1    0   -1   -2    1   00001
        272        18       6        5       30         146   5     8   1  1  5    1  0  1  1  2  5      1    0    0    0    1    0   -1   -2    1   00002
        273        18       6       10       60         147   5     8   1  1  5    1  0  1  1  2  5      1    0    0    0    1    0   -1   -2    1   00011
        274        18       6       20      120         148   5     8   1  1  5    1  0  1  1  2  5      1    0    0    0    1    0   -1   -2    1   00012
        275        18       6       10       60         149   5     8   1  1  5    1  0  1  1  2  5      1    0    0    0    1    0   -1   -2    1   00022
        276        18       6       10       60         150   5     8   1  1  5    1  0  1  1  2  5      1    0    0    0    1    0   -1   -2    1   00111
        277        18       6       20      120         151   5     8   1  1  5    1  0  1  1  2  5      1    0    0    0    1    0   -1   -2    1   00112
        278        18       6       10       60         152   5     8   1  1  5    1  0  1  1  2  5      1    0    0    0    1    0   -1   -2    1   00121
        279        18       6       20      120         153   5     8   1  1  5    1  0  1  1  2  5      1    0    0    0    1    0   -1   -2    1   00122
        280        18       6       10       60         154   5     8   1  1  5    1  0  1  1  2  5      1    0    0    0    1    0   -1   -2    1   00212
        281        18       6       10       60         155   5     8   1  1  5    1  0  1  1  2  5      1    0    0    0    1    0   -1   -2    1   00222
        282        18       6        5       30         156   5     8   1  1  5    1  0  1  1  2  5      1    0    0    0    1    0   -1   -2    1   01111
        283        18       6       20      120         157   5     8   1  1  5    1  0  1  1  2  5      1    0    0    0    1    0   -1   -2    1   01112
        284        18       6       20      120         158   5     8   1  1  5    1  0  1  1  2  5      1    0    0    0    1    0   -1   -2    1   01122
        285        18       6       10       60         159   5     8   1  1  5    1  0  1  1  2  5      1    0    0    0    1    0   -1   -2    1   01221
        286        18       6       20      120         160   5     8   1  1  5    1  0  1  1  2  5      1    0    0    0    1    0   -1   -2    1   01222
        287        18       6        5       30         161   5     8   1  1  5    1  0  1  1  2  5      1    0    0    0    1    0   -1   -2    1   02222
        288        18       6        5       30         162   5     8   1  1  5    1  0  1  1  2  5      1    0    0    0    1    0   -1   -2    1   11112
        289        18       6       10       60         163   5     8   1  1  5    1  0  1  1  2  5      1    0    0    0    1    0   -1   -2    1   11122
        290        18       6       10       60         164   5     8   1  1  5    1  0  1  1  2  5      1    0    0    0    1    0   -1   -2    1   11222
        291        18       6        5       30         165   5     8   1  1  5    1  0  1  1  2  5      1    0    0    0    1    0   -1   -2    1   12222
