 # <fortpy version="3" revision="247"></fortpy>
hcp ternar
bulk
  1.0000000       0.0000000       0.0000000        # a1 parent lattice vector
 0.50000000      0.86602540       0.0000000        # a2 parent lattice vector
  0.0000000       0.0000000       1.6329932        # a3 parent lattice vector
    2 # Number of points in the multilattice
  0.0000000       0.0000000       0.0000000        # d01 d-vector, labels: 0/1/2
 0.50000000      0.28867513      0.81649658        # d02 d-vector, labels: 0/1
 3-nary case
   1   3 # Starting and ending cell sizes for search
 0.10000000E-03 # Epsilon (finite precision parameter)
Concentration check:
    F
full list of labelings (including incomplete labelings) is used
Equivalency list: 1  2
start   #tot      HNF     Hdegn   labdegn   Totdegn   #size idx    pg    SNF             HNF                 Left transform                          labeling
          1         1       1        1        1           1   1    24   1  1  1    1  0  1  0  0  1      1    0    0    0    1    0    0    0    1   00
          2         1       1        2        2           2   1    24   1  1  1    1  0  1  0  0  1      1    0    0    0    1    0    0    0    1   01
          3         1       1        1        1           3   1    24   1  1  1    1  0  1  0  0  1      1    0    0    0    1    0    0    0    1   11
          4         1       1        1        1           4   1    24   1  1  1    1  0  1  0  0  1      1    0    0    0    1    0    0    0    1   20
          5         1       1        1        1           5   1    24   1  1  1    1  0  1  0  0  1      1    0    0    0    1    0    0    0    1   21
          6         2       1        4        4           1   2    24   1  1  2    1  0  1  0  0  2      1    0    0    0    1    0    0    0    1   0001
          7         3       3        4       12           2   2     8   1  1  2    1  0  1  0  1  2      1    0    0    0    1    0    0   -1    1   0001
          8         2       1        1        1           3   2    24   1  1  2    1  0  1  0  0  2      1    0    0    0    1    0    0    0    1   0101
          9         3       3        1        3           4   2     8   1  1  2    1  0  1  0  1  2      1    0    0    0    1    0    0   -1    1   0101
         10         2       1        4        4           5   2    24   1  1  2    1  0  1  0  0  2      1    0    0    0    1    0    0    0    1   0111
         11         3       3        4       12           6   2     8   1  1  2    1  0  1  0  1  2      1    0    0    0    1    0    0   -1    1   0111
         12         2       1        4        4           7   2    24   1  1  2    1  0  1  0  0  2      1    0    0    0    1    0    0    0    1   0200
         13         3       3        4       12           8   2     8   1  1  2    1  0  1  0  1  2      1    0    0    0    1    0    0   -1    1   0200
         14         2       1        2        2           9   2    24   1  1  2    1  0  1  0  0  2      1    0    0    0    1    0    0    0    1   0201
         15         3       3        2        6          10   2     8   1  1  2    1  0  1  0  1  2      1    0    0    0    1    0    0   -1    1   0201
         16         2       1        4        4          11   2    24   1  1  2    1  0  1  0  0  2      1    0    0    0    1    0    0    0    1   0211
         17         3       3        4       12          12   2     8   1  1  2    1  0  1  0  1  2      1    0    0    0    1    0    0   -1    1   0211
         18         2       1        2        2          13   2    24   1  1  2    1  0  1  0  0  2      1    0    0    0    1    0    0    0    1   1200
         19         3       3        2        6          14   2     8   1  1  2    1  0  1  0  1  2      1    0    0    0    1    0    0   -1    1   1200
         20         2       1        2        2          15   2    24   1  1  2    1  0  1  0  0  2      1    0    0    0    1    0    0    0    1   1201
         21         3       3        2        6          16   2     8   1  1  2    1  0  1  0  1  2      1    0    0    0    1    0    0   -1    1   1201
         22         2       1        4        4          17   2    24   1  1  2    1  0  1  0  0  2      1    0    0    0    1    0    0    0    1   1211
         23         3       3        4       12          18   2     8   1  1  2    1  0  1  0  1  2      1    0    0    0    1    0    0   -1    1   1211
         24         2       1        2        2          19   2    24   1  1  2    1  0  1  0  0  2      1    0    0    0    1    0    0    0    1   2201
         25         3       3        2        6          20   2     8   1  1  2    1  0  1  0  1  2      1    0    0    0    1    0    0   -1    1   2201
         26         4       3        4       12          21   2     8   1  1  2    1  0  2  0  0  1      1    0    0    0    1    1    0   -1    0   0001
         27         4       3        1        3          22   2     8   1  1  2    1  0  2  0  0  1      1    0    0    0    1    1    0   -1    0   0101
         28         4       3        2        6          23   2     8   1  1  2    1  0  2  0  0  1      1    0    0    0    1    1    0   -1    0   0110
         29         4       3        2        6          24   2     8   1  1  2    1  0  2  0  0  1      1    0    0    0    1    1    0   -1    0   0111
         30         4       3        4       12          25   2     8   1  1  2    1  0  2  0  0  1      1    0    0    0    1    1    0   -1    0   0200
         31         4       3        2        6          26   2     8   1  1  2    1  0  2  0  0  1      1    0    0    0    1    1    0   -1    0   0201
         32         4       3        2        6          27   2     8   1  1  2    1  0  2  0  0  1      1    0    0    0    1    1    0   -1    0   0210
         33         4       3        2        6          28   2     8   1  1  2    1  0  2  0  0  1      1    0    0    0    1    1    0   -1    0   0211
         34         4       3        2        6          29   2     8   1  1  2    1  0  2  0  0  1      1    0    0    0    1    1    0   -1    0   1200
         35         4       3        2        6          30   2     8   1  1  2    1  0  2  0  0  1      1    0    0    0    1    1    0   -1    0   1201
         36         4       3        2        6          31   2     8   1  1  2    1  0  2  0  0  1      1    0    0    0    1    1    0   -1    0   1210
         37         4       3        2        6          32   2     8   1  1  2    1  0  2  0  0  1      1    0    0    0    1    1    0   -1    0   1211
         38         4       3        2        6          33   2     8   1  1  2    1  0  2  0  0  1      1    0    0    0    1    1    0   -1    0   2201
         39         5       1        6        6           1   3    24   1  1  3    1  0  1  0  0  3      1    0    0    0    1    0    0    0    1   000001
         40         5       1        6        6           2   3    24   1  1  3    1  0  1  0  0  3      1    0    0    0    1    0    0    0    1   000011
         41         5       1        6        6           3   3    24   1  1  3    1  0  1  0  0  3      1    0    0    0    1    0    0    0    1   001001
         42         5       1        6        6           4   3    24   1  1  3    1  0  1  0  0  3      1    0    0    0    1    0    0    0    1   001011
         43         5       1        3        3           5   3    24   1  1  3    1  0  1  0  0  3      1    0    0    0    1    0    0    0    1   001100
         44         5       1       12       12           6   3    24   1  1  3    1  0  1  0  0  3      1    0    0    0    1    0    0    0    1   001101
         45         5       1        6        6           7   3    24   1  1  3    1  0  1  0  0  3      1    0    0    0    1    0    0    0    1   001111
         46         5       1        3        3           8   3    24   1  1  3    1  0  1  0  0  3      1    0    0    0    1    0    0    0    1   002000
         47         5       1        6        6           9   3    24   1  1  3    1  0  1  0  0  3      1    0    0    0    1    0    0    0    1   002001
         48         5       1        3        3          10   3    24   1  1  3    1  0  1  0  0  3      1    0    0    0    1    0    0    0    1   002011
         49         5       1        3        3          11   3    24   1  1  3    1  0  1  0  0  3      1    0    0    0    1    0    0    0    1   002100
         50         5       1        6        6          12   3    24   1  1  3    1  0  1  0  0  3      1    0    0    0    1    0    0    0    1   002101
         51         5       1        3        3          13   3    24   1  1  3    1  0  1  0  0  3      1    0    0    0    1    0    0    0    1   002111
         52         5       1        6        6          14   3    24   1  1  3    1  0  1  0  0  3      1    0    0    0    1    0    0    0    1   011011
         53         5       1        3        3          15   3    24   1  1  3    1  0  1  0  0  3      1    0    0    0    1    0    0    0    1   011101
         54         5       1        6        6          16   3    24   1  1  3    1  0  1  0  0  3      1    0    0    0    1    0    0    0    1   011111
         55         5       1        6        6          17   3    24   1  1  3    1  0  1  0  0  3      1    0    0    0    1    0    0    0    1   012000
         56         5       1        6        6          18   3    24   1  1  3    1  0  1  0  0  3      1    0    0    0    1    0    0    0    1   012001
         57         5       1        6        6          19   3    24   1  1  3    1  0  1  0  0  3      1    0    0    0    1    0    0    0    1   012010
         58         5       1        6        6          20   3    24   1  1  3    1  0  1  0  0  3      1    0    0    0    1    0    0    0    1   012011
         59         5       1        6        6          21   3    24   1  1  3    1  0  1  0  0  3      1    0    0    0    1    0    0    0    1   012100
         60         5       1        6        6          22   3    24   1  1  3    1  0  1  0  0  3      1    0    0    0    1    0    0    0    1   012101
         61         5       1        6        6          23   3    24   1  1  3    1  0  1  0  0  3      1    0    0    0    1    0    0    0    1   012110
         62         5       1        6        6          24   3    24   1  1  3    1  0  1  0  0  3      1    0    0    0    1    0    0    0    1   012111
         63         5       1        3        3          25   3    24   1  1  3    1  0  1  0  0  3      1    0    0    0    1    0    0    0    1   022000
         64         5       1        6        6          26   3    24   1  1  3    1  0  1  0  0  3      1    0    0    0    1    0    0    0    1   022001
         65         5       1        3        3          27   3    24   1  1  3    1  0  1  0  0  3      1    0    0    0    1    0    0    0    1   022010
         66         5       1        6        6          28   3    24   1  1  3    1  0  1  0  0  3      1    0    0    0    1    0    0    0    1   022011
         67         5       1        3        3          29   3    24   1  1  3    1  0  1  0  0  3      1    0    0    0    1    0    0    0    1   022101
         68         5       1        3        3          30   3    24   1  1  3    1  0  1  0  0  3      1    0    0    0    1    0    0    0    1   022111
         69         5       1        3        3          31   3    24   1  1  3    1  0  1  0  0  3      1    0    0    0    1    0    0    0    1   112000
         70         5       1        6        6          32   3    24   1  1  3    1  0  1  0  0  3      1    0    0    0    1    0    0    0    1   112001
         71         5       1        3        3          33   3    24   1  1  3    1  0  1  0  0  3      1    0    0    0    1    0    0    0    1   112011
         72         5       1        3        3          34   3    24   1  1  3    1  0  1  0  0  3      1    0    0    0    1    0    0    0    1   112100
         73         5       1        6        6          35   3    24   1  1  3    1  0  1  0  0  3      1    0    0    0    1    0    0    0    1   112101
         74         5       1        3        3          36   3    24   1  1  3    1  0  1  0  0  3      1    0    0    0    1    0    0    0    1   112111
         75         5       1        3        3          37   3    24   1  1  3    1  0  1  0  0  3      1    0    0    0    1    0    0    0    1   122000
         76         5       1        6        6          38   3    24   1  1  3    1  0  1  0  0  3      1    0    0    0    1    0    0    0    1   122001
         77         5       1        3        3          39   3    24   1  1  3    1  0  1  0  0  3      1    0    0    0    1    0    0    0    1   122010
         78         5       1        6        6          40   3    24   1  1  3    1  0  1  0  0  3      1    0    0    0    1    0    0    0    1   122011
         79         5       1        3        3          41   3    24   1  1  3    1  0  1  0  0  3      1    0    0    0    1    0    0    0    1   122101
         80         5       1        3        3          42   3    24   1  1  3    1  0  1  0  0  3      1    0    0    0    1    0    0    0    1   122111
         81         5       1        3        3          43   3    24   1  1  3    1  0  1  0  0  3      1    0    0    0    1    0    0    0    1   222001
         82         5       1        3        3          44   3    24   1  1  3    1  0  1  0  0  3      1    0    0    0    1    0    0    0    1   222011
         83         6       6        6       36          45   3     4   1  1  3    1  0  1  0  1  3      1    0    0    0    1    0    0   -1    1   000001
         84         7       3        6       18          46   3     8   1  1  3    1  0  3  0  0  1      1    0    0    0    1    1    0   -1    0   000001
         85         6       6        6       36          47   3     4   1  1  3    1  0  1  0  1  3      1    0    0    0    1    0    0   -1    1   000011
         86         7       3        6       18          48   3     8   1  1  3    1  0  3  0  0  1      1    0    0    0    1    1    0   -1    0   000011
         87         6       6        3       18          49   3     4   1  1  3    1  0  1  0  1  3      1    0    0    0    1    0    0   -1    1   001001
         88         7       3        3        9          50   3     8   1  1  3    1  0  3  0  0  1      1    0    0    0    1    1    0   -1    0   001001
         89         6       6        3       18          51   3     4   1  1  3    1  0  1  0  1  3      1    0    0    0    1    0    0   -1    1   001010
         90         7       3        3        9          52   3     8   1  1  3    1  0  3  0  0  1      1    0    0    0    1    1    0   -1    0   001010
         91         6       6        6       36          53   3     4   1  1  3    1  0  1  0  1  3      1    0    0    0    1    0    0   -1    1   001011
         92         7       3        6       18          54   3     8   1  1  3    1  0  3  0  0  1      1    0    0    0    1    1    0   -1    0   001011
         93         6       6        3       18          55   3     4   1  1  3    1  0  1  0  1  3      1    0    0    0    1    0    0   -1    1   001100
         94         7       3        3        9          56   3     8   1  1  3    1  0  3  0  0  1      1    0    0    0    1    1    0   -1    0   001100
         95         6       6        6       36          57   3     4   1  1  3    1  0  1  0  1  3      1    0    0    0    1    0    0   -1    1   001101
         96         7       3        6       18          58   3     8   1  1  3    1  0  3  0  0  1      1    0    0    0    1    1    0   -1    0   001101
         97         6       6        6       36          59   3     4   1  1  3    1  0  1  0  1  3      1    0    0    0    1    0    0   -1    1   001110
         98         7       3        6       18          60   3     8   1  1  3    1  0  3  0  0  1      1    0    0    0    1    1    0   -1    0   001110
         99         6       6        6       36          61   3     4   1  1  3    1  0  1  0  1  3      1    0    0    0    1    0    0   -1    1   001111
        100         7       3        6       18          62   3     8   1  1  3    1  0  3  0  0  1      1    0    0    0    1    1    0   -1    0   001111
        101         6       6        3       18          63   3     4   1  1  3    1  0  1  0  1  3      1    0    0    0    1    0    0   -1    1   002000
        102         7       3        3        9          64   3     8   1  1  3    1  0  3  0  0  1      1    0    0    0    1    1    0   -1    0   002000
        103         6       6        3       18          65   3     4   1  1  3    1  0  1  0  1  3      1    0    0    0    1    0    0   -1    1   002001
        104         7       3        3        9          66   3     8   1  1  3    1  0  3  0  0  1      1    0    0    0    1    1    0   -1    0   002001
        105         6       6        3       18          67   3     4   1  1  3    1  0  1  0  1  3      1    0    0    0    1    0    0   -1    1   002010
        106         7       3        3        9          68   3     8   1  1  3    1  0  3  0  0  1      1    0    0    0    1    1    0   -1    0   002010
        107         6       6        3       18          69   3     4   1  1  3    1  0  1  0  1  3      1    0    0    0    1    0    0   -1    1   002011
        108         7       3        3        9          70   3     8   1  1  3    1  0  3  0  0  1      1    0    0    0    1    1    0   -1    0   002011
        109         6       6        3       18          71   3     4   1  1  3    1  0  1  0  1  3      1    0    0    0    1    0    0   -1    1   002100
        110         7       3        3        9          72   3     8   1  1  3    1  0  3  0  0  1      1    0    0    0    1    1    0   -1    0   002100
        111         6       6        3       18          73   3     4   1  1  3    1  0  1  0  1  3      1    0    0    0    1    0    0   -1    1   002101
        112         7       3        3        9          74   3     8   1  1  3    1  0  3  0  0  1      1    0    0    0    1    1    0   -1    0   002101
        113         6       6        3       18          75   3     4   1  1  3    1  0  1  0  1  3      1    0    0    0    1    0    0   -1    1   002110
        114         7       3        3        9          76   3     8   1  1  3    1  0  3  0  0  1      1    0    0    0    1    1    0   -1    0   002110
        115         6       6        3       18          77   3     4   1  1  3    1  0  1  0  1  3      1    0    0    0    1    0    0   -1    1   002111
        116         7       3        3        9          78   3     8   1  1  3    1  0  3  0  0  1      1    0    0    0    1    1    0   -1    0   002111
        117         6       6        3       18          79   3     4   1  1  3    1  0  1  0  1  3      1    0    0    0    1    0    0   -1    1   011011
        118         7       3        3        9          80   3     8   1  1  3    1  0  3  0  0  1      1    0    0    0    1    1    0   -1    0   011011
        119         6       6        3       18          81   3     4   1  1  3    1  0  1  0  1  3      1    0    0    0    1    0    0   -1    1   011101
        120         7       3        3        9          82   3     8   1  1  3    1  0  3  0  0  1      1    0    0    0    1    1    0   -1    0   011101
        121         6       6        3       18          83   3     4   1  1  3    1  0  1  0  1  3      1    0    0    0    1    0    0   -1    1   011110
        122         7       3        3        9          84   3     8   1  1  3    1  0  3  0  0  1      1    0    0    0    1    1    0   -1    0   011110
        123         6       6        6       36          85   3     4   1  1  3    1  0  1  0  1  3      1    0    0    0    1    0    0   -1    1   011111
        124         7       3        6       18          86   3     8   1  1  3    1  0  3  0  0  1      1    0    0    0    1    1    0   -1    0   011111
        125         6       6        3       18          87   3     4   1  1  3    1  0  1  0  1  3      1    0    0    0    1    0    0   -1    1   012000
        126         7       3        3        9          88   3     8   1  1  3    1  0  3  0  0  1      1    0    0    0    1    1    0   -1    0   012000
        127         6       6        3       18          89   3     4   1  1  3    1  0  1  0  1  3      1    0    0    0    1    0    0   -1    1   012001
        128         7       3        3        9          90   3     8   1  1  3    1  0  3  0  0  1      1    0    0    0    1    1    0   -1    0   012001
        129         6       6        3       18          91   3     4   1  1  3    1  0  1  0  1  3      1    0    0    0    1    0    0   -1    1   012010
        130         7       3        3        9          92   3     8   1  1  3    1  0  3  0  0  1      1    0    0    0    1    1    0   -1    0   012010
        131         6       6        3       18          93   3     4   1  1  3    1  0  1  0  1  3      1    0    0    0    1    0    0   -1    1   012011
        132         7       3        3        9          94   3     8   1  1  3    1  0  3  0  0  1      1    0    0    0    1    1    0   -1    0   012011
        133         6       6        3       18          95   3     4   1  1  3    1  0  1  0  1  3      1    0    0    0    1    0    0   -1    1   012100
        134         7       3        3        9          96   3     8   1  1  3    1  0  3  0  0  1      1    0    0    0    1    1    0   -1    0   012100
        135         6       6        3       18          97   3     4   1  1  3    1  0  1  0  1  3      1    0    0    0    1    0    0   -1    1   012101
        136         7       3        3        9          98   3     8   1  1  3    1  0  3  0  0  1      1    0    0    0    1    1    0   -1    0   012101
        137         6       6        3       18          99   3     4   1  1  3    1  0  1  0  1  3      1    0    0    0    1    0    0   -1    1   012110
        138         7       3        3        9         100   3     8   1  1  3    1  0  3  0  0  1      1    0    0    0    1    1    0   -1    0   012110
        139         6       6        3       18         101   3     4   1  1  3    1  0  1  0  1  3      1    0    0    0    1    0    0   -1    1   012111
        140         7       3        3        9         102   3     8   1  1  3    1  0  3  0  0  1      1    0    0    0    1    1    0   -1    0   012111
        141         6       6        3       18         103   3     4   1  1  3    1  0  1  0  1  3      1    0    0    0    1    0    0   -1    1   021000
        142         7       3        3        9         104   3     8   1  1  3    1  0  3  0  0  1      1    0    0    0    1    1    0   -1    0   021000
        143         6       6        3       18         105   3     4   1  1  3    1  0  1  0  1  3      1    0    0    0    1    0    0   -1    1   021001
        144         7       3        3        9         106   3     8   1  1  3    1  0  3  0  0  1      1    0    0    0    1    1    0   -1    0   021001
        145         6       6        3       18         107   3     4   1  1  3    1  0  1  0  1  3      1    0    0    0    1    0    0   -1    1   021010
        146         7       3        3        9         108   3     8   1  1  3    1  0  3  0  0  1      1    0    0    0    1    1    0   -1    0   021010
        147         6       6        3       18         109   3     4   1  1  3    1  0  1  0  1  3      1    0    0    0    1    0    0   -1    1   021011
        148         7       3        3        9         110   3     8   1  1  3    1  0  3  0  0  1      1    0    0    0    1    1    0   -1    0   021011
        149         6       6        3       18         111   3     4   1  1  3    1  0  1  0  1  3      1    0    0    0    1    0    0   -1    1   021100
        150         7       3        3        9         112   3     8   1  1  3    1  0  3  0  0  1      1    0    0    0    1    1    0   -1    0   021100
        151         6       6        3       18         113   3     4   1  1  3    1  0  1  0  1  3      1    0    0    0    1    0    0   -1    1   021101
        152         7       3        3        9         114   3     8   1  1  3    1  0  3  0  0  1      1    0    0    0    1    1    0   -1    0   021101
        153         6       6        3       18         115   3     4   1  1  3    1  0  1  0  1  3      1    0    0    0    1    0    0   -1    1   021110
        154         7       3        3        9         116   3     8   1  1  3    1  0  3  0  0  1      1    0    0    0    1    1    0   -1    0   021110
        155         6       6        3       18         117   3     4   1  1  3    1  0  1  0  1  3      1    0    0    0    1    0    0   -1    1   021111
        156         7       3        3        9         118   3     8   1  1  3    1  0  3  0  0  1      1    0    0    0    1    1    0   -1    0   021111
        157         6       6        3       18         119   3     4   1  1  3    1  0  1  0  1  3      1    0    0    0    1    0    0   -1    1   022000
        158         7       3        3        9         120   3     8   1  1  3    1  0  3  0  0  1      1    0    0    0    1    1    0   -1    0   022000
        159         6       6        3       18         121   3     4   1  1  3    1  0  1  0  1  3      1    0    0    0    1    0    0   -1    1   022001
        160         7       3        3        9         122   3     8   1  1  3    1  0  3  0  0  1      1    0    0    0    1    1    0   -1    0   022001
        161         6       6        3       18         123   3     4   1  1  3    1  0  1  0  1  3      1    0    0    0    1    0    0   -1    1   022010
        162         7       3        3        9         124   3     8   1  1  3    1  0  3  0  0  1      1    0    0    0    1    1    0   -1    0   022010
        163         6       6        3       18         125   3     4   1  1  3    1  0  1  0  1  3      1    0    0    0    1    0    0   -1    1   022011
        164         7       3        3        9         126   3     8   1  1  3    1  0  3  0  0  1      1    0    0    0    1    1    0   -1    0   022011
        165         6       6        3       18         127   3     4   1  1  3    1  0  1  0  1  3      1    0    0    0    1    0    0   -1    1   022100
        166         7       3        3        9         128   3     8   1  1  3    1  0  3  0  0  1      1    0    0    0    1    1    0   -1    0   022100
        167         6       6        3       18         129   3     4   1  1  3    1  0  1  0  1  3      1    0    0    0    1    0    0   -1    1   022101
        168         7       3        3        9         130   3     8   1  1  3    1  0  3  0  0  1      1    0    0    0    1    1    0   -1    0   022101
        169         6       6        3       18         131   3     4   1  1  3    1  0  1  0  1  3      1    0    0    0    1    0    0   -1    1   022110
        170         7       3        3        9         132   3     8   1  1  3    1  0  3  0  0  1      1    0    0    0    1    1    0   -1    0   022110
        171         6       6        3       18         133   3     4   1  1  3    1  0  1  0  1  3      1    0    0    0    1    0    0   -1    1   022111
        172         7       3        3        9         134   3     8   1  1  3    1  0  3  0  0  1      1    0    0    0    1    1    0   -1    0   022111
        173         6       6        3       18         135   3     4   1  1  3    1  0  1  0  1  3      1    0    0    0    1    0    0   -1    1   112000
        174         7       3        3        9         136   3     8   1  1  3    1  0  3  0  0  1      1    0    0    0    1    1    0   -1    0   112000
        175         6       6        3       18         137   3     4   1  1  3    1  0  1  0  1  3      1    0    0    0    1    0    0   -1    1   112001
        176         7       3        3        9         138   3     8   1  1  3    1  0  3  0  0  1      1    0    0    0    1    1    0   -1    0   112001
        177         6       6        3       18         139   3     4   1  1  3    1  0  1  0  1  3      1    0    0    0    1    0    0   -1    1   112010
        178         7       3        3        9         140   3     8   1  1  3    1  0  3  0  0  1      1    0    0    0    1    1    0   -1    0   112010
        179         6       6        3       18         141   3     4   1  1  3    1  0  1  0  1  3      1    0    0    0    1    0    0   -1    1   112011
        180         7       3        3        9         142   3     8   1  1  3    1  0  3  0  0  1      1    0    0    0    1    1    0   -1    0   112011
        181         6       6        3       18         143   3     4   1  1  3    1  0  1  0  1  3      1    0    0    0    1    0    0   -1    1   112100
        182         7       3        3        9         144   3     8   1  1  3    1  0  3  0  0  1      1    0    0    0    1    1    0   -1    0   112100
        183         6       6        3       18         145   3     4   1  1  3    1  0  1  0  1  3      1    0    0    0    1    0    0   -1    1   112101
        184         7       3        3        9         146   3     8   1  1  3    1  0  3  0  0  1      1    0    0    0    1    1    0   -1    0   112101
        185         6       6        3       18         147   3     4   1  1  3    1  0  1  0  1  3      1    0    0    0    1    0    0   -1    1   112110
        186         7       3        3        9         148   3     8   1  1  3    1  0  3  0  0  1      1    0    0    0    1    1    0   -1    0   112110
        187         6       6        3       18         149   3     4   1  1  3    1  0  1  0  1  3      1    0    0    0    1    0    0   -1    1   112111
        188         7       3        3        9         150   3     8   1  1  3    1  0  3  0  0  1      1    0    0    0    1    1    0   -1    0   112111
        189         6       6        3       18         151   3     4   1  1  3    1  0  1  0  1  3      1    0    0    0    1    0    0   -1    1   122000
        190         7       3        3        9         152   3     8   1  1  3    1  0  3  0  0  1      1    0    0    0    1    1    0   -1    0   122000
        191         6       6        3       18         153   3     4   1  1  3    1  0  1  0  1  3      1    0    0    0    1    0    0   -1    1   122001
        192         7       3        3        9         154   3     8   1  1  3    1  0  3  0  0  1      1    0    0    0    1    1    0   -1    0   122001
        193         6       6        3       18         155   3     4   1  1  3    1  0  1  0  1  3      1    0    0    0    1    0    0   -1    1   122010
        194         7       3        3        9         156   3     8   1  1  3    1  0  3  0  0  1      1    0    0    0    1    1    0   -1    0   122010
        195         6       6        3       18         157   3     4   1  1  3    1  0  1  0  1  3      1    0    0    0    1    0    0   -1    1   122011
        196         7       3        3        9         158   3     8   1  1  3    1  0  3  0  0  1      1    0    0    0    1    1    0   -1    0   122011
        197         6       6        3       18         159   3     4   1  1  3    1  0  1  0  1  3      1    0    0    0    1    0    0   -1    1   122100
        198         7       3        3        9         160   3     8   1  1  3    1  0  3  0  0  1      1    0    0    0    1    1    0   -1    0   122100
        199         6       6        3       18         161   3     4   1  1  3    1  0  1  0  1  3      1    0    0    0    1    0    0   -1    1   122101
        200         7       3        3        9         162   3     8   1  1  3    1  0  3  0  0  1      1    0    0    0    1    1    0   -1    0   122101
        201         6       6        3       18         163   3     4   1  1  3    1  0  1  0  1  3      1    0    0    0    1    0    0   -1    1   122110
        202         7       3        3        9         164   3     8   1  1  3    1  0  3  0  0  1      1    0    0    0    1    1    0   -1    0   122110
        203         6       6        3       18         165   3     4   1  1  3    1  0  1  0  1  3      1    0    0    0    1    0    0   -1    1   122111
        204         7       3        3        9         166   3     8   1  1  3    1  0  3  0  0  1      1    0    0    0    1    1    0   -1    0   122111
        205         6       6        3       18         167   3     4   1  1  3    1  0  1  0  1  3      1    0    0    0    1    0    0   -1    1   222001
        206         7       3        3        9         168   3     8   1  1  3    1  0  3  0  0  1      1    0    0    0    1    1    0   -1    0   222001
        207         6       6        3       18         169   3     4   1  1  3    1  0  1  0  1  3      1    0    0    0    1    0    0   -1    1   222011
        208         7       3        3        9         170   3     8   1  1  3    1  0  3  0  0  1      1    0    0    0    1    1    0   -1    0   222011
        209         8       2        6       12         171   3    12   1  1  3    1  0  1  1  2  3      1    0    0    0    1    0   -1   -2    1   000001
        210         9       1        6        6         172   3    24   1  1  3    1  1  3  0  0  1      1    0    0   -1    1    1    1   -1    0   000001
        211         8       2        6       12         173   3    12   1  1  3    1  0  1  1  2  3      1    0    0    0    1    0   -1   -2    1   000011
        212         9       1        6        6         174   3    24   1  1  3    1  1  3  0  0  1      1    0    0   -1    1    1    1   -1    0   000011
        213         8       2        9       18         175   3    12   1  1  3    1  0  1  1  2  3      1    0    0    0    1    0   -1   -2    1   001001
        214         9       1        9        9         176   3    24   1  1  3    1  1  3  0  0  1      1    0    0   -1    1    1    1   -1    0   001001
        215         8       2       18       36         177   3    12   1  1  3    1  0  1  1  2  3      1    0    0    0    1    0   -1   -2    1   001011
        216         9       1       18       18         178   3    24   1  1  3    1  1  3  0  0  1      1    0    0   -1    1    1    1   -1    0   001011
        217         8       2        6       12         179   3    12   1  1  3    1  0  1  1  2  3      1    0    0    0    1    0   -1   -2    1   001111
        218         9       1        6        6         180   3    24   1  1  3    1  1  3  0  0  1      1    0    0   -1    1    1    1   -1    0   001111
        219         8       2        3        6         181   3    12   1  1  3    1  0  1  1  2  3      1    0    0    0    1    0   -1   -2    1   002000
        220         9       1        3        3         182   3    24   1  1  3    1  1  3  0  0  1      1    0    0   -1    1    1    1   -1    0   002000
        221         8       2        9       18         183   3    12   1  1  3    1  0  1  1  2  3      1    0    0    0    1    0   -1   -2    1   002001
        222         9       1        9        9         184   3    24   1  1  3    1  1  3  0  0  1      1    0    0   -1    1    1    1   -1    0   002001
        223         8       2        9       18         185   3    12   1  1  3    1  0  1  1  2  3      1    0    0    0    1    0   -1   -2    1   002011
        224         9       1        9        9         186   3    24   1  1  3    1  1  3  0  0  1      1    0    0   -1    1    1    1   -1    0   002011
        225         8       2        3        6         187   3    12   1  1  3    1  0  1  1  2  3      1    0    0    0    1    0   -1   -2    1   002111
        226         9       1        3        3         188   3    24   1  1  3    1  1  3  0  0  1      1    0    0   -1    1    1    1   -1    0   002111
        227         8       2        9       18         189   3    12   1  1  3    1  0  1  1  2  3      1    0    0    0    1    0   -1   -2    1   011011
        228         9       1        9        9         190   3    24   1  1  3    1  1  3  0  0  1      1    0    0   -1    1    1    1   -1    0   011011
        229         8       2        6       12         191   3    12   1  1  3    1  0  1  1  2  3      1    0    0    0    1    0   -1   -2    1   011111
        230         9       1        6        6         192   3    24   1  1  3    1  1  3  0  0  1      1    0    0   -1    1    1    1   -1    0   011111
        231         8       2        6       12         193   3    12   1  1  3    1  0  1  1  2  3      1    0    0    0    1    0   -1   -2    1   012000
        232         9       1        6        6         194   3    24   1  1  3    1  1  3  0  0  1      1    0    0   -1    1    1    1   -1    0   012000
        233         8       2       18       36         195   3    12   1  1  3    1  0  1  1  2  3      1    0    0    0    1    0   -1   -2    1   012001
        234         9       1       18       18         196   3    24   1  1  3    1  1  3  0  0  1      1    0    0   -1    1    1    1   -1    0   012001
        235         8       2       18       36         197   3    12   1  1  3    1  0  1  1  2  3      1    0    0    0    1    0   -1   -2    1   012011
        236         9       1       18       18         198   3    24   1  1  3    1  1  3  0  0  1      1    0    0   -1    1    1    1   -1    0   012011
        237         8       2        6       12         199   3    12   1  1  3    1  0  1  1  2  3      1    0    0    0    1    0   -1   -2    1   012111
        238         9       1        6        6         200   3    24   1  1  3    1  1  3  0  0  1      1    0    0   -1    1    1    1   -1    0   012111
        239         8       2        3        6         201   3    12   1  1  3    1  0  1  1  2  3      1    0    0    0    1    0   -1   -2    1   022000
        240         9       1        3        3         202   3    24   1  1  3    1  1  3  0  0  1      1    0    0   -1    1    1    1   -1    0   022000
        241         8       2        9       18         203   3    12   1  1  3    1  0  1  1  2  3      1    0    0    0    1    0   -1   -2    1   022001
        242         9       1        9        9         204   3    24   1  1  3    1  1  3  0  0  1      1    0    0   -1    1    1    1   -1    0   022001
        243         8       2        9       18         205   3    12   1  1  3    1  0  1  1  2  3      1    0    0    0    1    0   -1   -2    1   022011
        244         9       1        9        9         206   3    24   1  1  3    1  1  3  0  0  1      1    0    0   -1    1    1    1   -1    0   022011
        245         8       2        3        6         207   3    12   1  1  3    1  0  1  1  2  3      1    0    0    0    1    0   -1   -2    1   022111
        246         9       1        3        3         208   3    24   1  1  3    1  1  3  0  0  1      1    0    0   -1    1    1    1   -1    0   022111
        247         8       2        3        6         209   3    12   1  1  3    1  0  1  1  2  3      1    0    0    0    1    0   -1   -2    1   112000
        248         9       1        3        3         210   3    24   1  1  3    1  1  3  0  0  1      1    0    0   -1    1    1    1   -1    0   112000
        249         8       2        9       18         211   3    12   1  1  3    1  0  1  1  2  3      1    0    0    0    1    0   -1   -2    1   112001
        250         9       1        9        9         212   3    24   1  1  3    1  1  3  0  0  1      1    0    0   -1    1    1    1   -1    0   112001
        251         8       2        9       18         213   3    12   1  1  3    1  0  1  1  2  3      1    0    0    0    1    0   -1   -2    1   112011
        252         9       1        9        9         214   3    24   1  1  3    1  1  3  0  0  1      1    0    0   -1    1    1    1   -1    0   112011
        253         8       2        3        6         215   3    12   1  1  3    1  0  1  1  2  3      1    0    0    0    1    0   -1   -2    1   112111
        254         9       1        3        3         216   3    24   1  1  3    1  1  3  0  0  1      1    0    0   -1    1    1    1   -1    0   112111
        255         8       2        3        6         217   3    12   1  1  3    1  0  1  1  2  3      1    0    0    0    1    0   -1   -2    1   122000
        256         9       1        3        3         218   3    24   1  1  3    1  1  3  0  0  1      1    0    0   -1    1    1    1   -1    0   122000
        257         8       2        9       18         219   3    12   1  1  3    1  0  1  1  2  3      1    0    0    0    1    0   -1   -2    1   122001
        258         9       1        9        9         220   3    24   1  1  3    1  1  3  0  0  1      1    0    0   -1    1    1    1   -1    0   122001
        259         8       2        9       18         221   3    12   1  1  3    1  0  1  1  2  3      1    0    0    0    1    0   -1   -2    1   122011
        260         9       1        9        9         222   3    24   1  1  3    1  1  3  0  0  1      1    0    0   -1    1    1    1   -1    0   122011
        261         8       2        3        6         223   3    12   1  1  3    1  0  1  1  2  3      1    0    0    0    1    0   -1   -2    1   122111
        262         9       1        3        3         224   3    24   1  1  3    1  1  3  0  0  1      1    0    0   -1    1    1    1   -1    0   122111
        263         8       2        3        6         225   3    12   1  1  3    1  0  1  1  2  3      1    0    0    0    1    0   -1   -2    1   222001
        264         9       1        3        3         226   3    24   1  1  3    1  1  3  0  0  1      1    0    0   -1    1    1    1   -1    0   222001
        265         8       2        3        6         227   3    12   1  1  3    1  0  1  1  2  3      1    0    0    0    1    0   -1   -2    1   222011
        266         9       1        3        3         228   3    24   1  1  3    1  1  3  0  0  1      1    0    0   -1    1    1    1   -1    0   222011
