 # <fortpy version="3" revision="247"></fortpy>
fcc       
bulk
 0.50000000      0.50000000       0.0000000        # a1 parent lattice vector
 0.50000000       0.0000000      0.50000000        # a2 parent lattice vector
  0.0000000      0.50000000      0.50000000        # a3 parent lattice vector
    1 # Number of points in the multilattice
  0.0000000       0.0000000       0.0000000        # d01 d-vector, labels: 0/1
 2-nary case
   1   7 # Starting and ending cell sizes for search
 0.10000000E-06 # Epsilon (finite precision parameter)
Concentration check:
    F
full list of labelings (including incomplete labelings) is used
Equivalency list: 1
start   #tot      HNF     Hdegn   labdegn   Totdegn   #size idx    pg    SNF             HNF                 Left transform                          labeling
          1         1       1        1        1           1   1    48   1  1  1    1  0  1  0  0  1      1    0    0    0    1    0    0    0    1   0
          2         1       1        1        1           2   1    48   1  1  1    1  0  1  0  0  1      1    0    0    0    1    0    0    0    1   1
          3         2       4        2        8           1   2    12   1  1  2    1  0  1  0  0  2      1    0    0    0    1    0    0    0    1   01
          4         3       3        2        6           2   2    16   1  1  2    1  0  1  0  1  2      1    0    0    0    1    0    0   -1    1   01
          5         4       4        3       12           1   3    12   1  1  3    1  0  1  0  0  3      1    0    0    0    1    0    0    0    1   001
          6         5       6        3       18           2   3     8   1  1  3    1  0  1  0  1  3      1    0    0    0    1    0    0   -1    1   001
          7         6       3        3        9           3   3    16   1  1  3    1  0  1  0  2  3      1    0    0    0    1    0    0   -2    1   001
          8         4       4        3       12           4   3    12   1  1  3    1  0  1  0  0  3      1    0    0    0    1    0    0    0    1   011
          9         5       6        3       18           5   3     8   1  1  3    1  0  1  0  1  3      1    0    0    0    1    0    0   -1    1   011
         10         6       3        3        9           6   3    16   1  1  3    1  0  1  0  2  3      1    0    0    0    1    0    0   -2    1   011
         11         7       4        4       16           1   4    12   1  1  4    1  0  1  0  0  4      1    0    0    0    1    0    0    0    1   0001
         12         8       6        4       24           2   4     8   1  1  4    1  0  1  0  1  4      1    0    0    0    1    0    0   -1    1   0001
         13         9      12        4       48           3   4     4   1  1  4    1  0  1  0  2  4      1    0    0    0    1    0    0   -2    1   0001
         14        10       3        4       12           4   4    16   1  1  4    1  0  1  0  3  4      1    0    0    0    1    0    0   -3    1   0001
         15        11       3        4       12           5   4    16   1  1  4    1  0  1  1  2  4      1    0    0    0    1    0   -1   -2    1   0001
         16         7       4        4       16           6   4    12   1  1  4    1  0  1  0  0  4      1    0    0    0    1    0    0    0    1   0011
         17         8       6        4       24           7   4     8   1  1  4    1  0  1  0  1  4      1    0    0    0    1    0    0   -1    1   0011
         18         9      12        4       48           8   4     4   1  1  4    1  0  1  0  2  4      1    0    0    0    1    0    0   -2    1   0011
         19        10       3        4       12           9   4    16   1  1  4    1  0  1  0  3  4      1    0    0    0    1    0    0   -3    1   0011
         20        11       3        4       12          10   4    16   1  1  4    1  0  1  1  2  4      1    0    0    0    1    0   -1   -2    1   0011
         21         7       4        1        4          11   4    12   1  1  4    1  0  1  0  0  4      1    0    0    0    1    0    0    0    1   0111
         22         8       6        1        6          12   4     8   1  1  4    1  0  1  0  1  4      1    0    0    0    1    0    0   -1    1   0111
         23         9      12        1       12          13   4     4   1  1  4    1  0  1  0  2  4      1    0    0    0    1    0    0   -2    1   0111
         24        10       3        1        3          14   4    16   1  1  4    1  0  1  0  3  4      1    0    0    0    1    0    0   -3    1   0111
         25        11       3        1        3          15   4    16   1  1  4    1  0  1  1  2  4      1    0    0    0    1    0   -1   -2    1   0111
         26        12       6        4       24          16   4     8   1  2  2    1  0  2  0  0  2      1    0    0    0    1    0    0    0    1   0001
         27        12       6        3       18          17   4     8   1  2  2    1  0  2  0  0  2      1    0    0    0    1    0    0    0    1   0111
         28        13       1        4        4          18   4    48   1  2  2    1  1  2  1  0  2      1    0    0   -1    1    0   -1    0    1   0001
         29        13       1        5        5          19   4    48   1  2  2    1  1  2  1  0  2      1    0    0   -1    1    0   -1    0    1   0111
         30        14       4        5       20           1   5    12   1  1  5    1  0  1  0  0  5      1    0    0    0    1    0    0    0    1   00001
         31        15       6        5       30           2   5     8   1  1  5    1  0  1  0  1  5      1    0    0    0    1    0    0   -1    1   00001
         32        16      12        5       60           3   5     4   1  1  5    1  0  1  0  2  5      1    0    0    0    1    0    0   -2    1   00001
         33        17       3        5       15           4   5    16   1  1  5    1  0  1  0  4  5      1    0    0    0    1    0    0   -4    1   00001
         34        14       4        5       20           5   5    12   1  1  5    1  0  1  0  0  5      1    0    0    0    1    0    0    0    1   00011
         35        15       6        5       30           6   5     8   1  1  5    1  0  1  0  1  5      1    0    0    0    1    0    0   -1    1   00011
         36        16      12        5       60           7   5     4   1  1  5    1  0  1  0  2  5      1    0    0    0    1    0    0   -2    1   00011
         37        17       3        5       15           8   5    16   1  1  5    1  0  1  0  4  5      1    0    0    0    1    0    0   -4    1   00011
         38        14       4        5       20           9   5    12   1  1  5    1  0  1  0  0  5      1    0    0    0    1    0    0    0    1   00101
         39        15       6        5       30          10   5     8   1  1  5    1  0  1  0  1  5      1    0    0    0    1    0    0   -1    1   00101
         40        16      12        5       60          11   5     4   1  1  5    1  0  1  0  2  5      1    0    0    0    1    0    0   -2    1   00101
         41        17       3        5       15          12   5    16   1  1  5    1  0  1  0  4  5      1    0    0    0    1    0    0   -4    1   00101
         42        14       4        5       20          13   5    12   1  1  5    1  0  1  0  0  5      1    0    0    0    1    0    0    0    1   00111
         43        15       6        5       30          14   5     8   1  1  5    1  0  1  0  1  5      1    0    0    0    1    0    0   -1    1   00111
         44        16      12        5       60          15   5     4   1  1  5    1  0  1  0  2  5      1    0    0    0    1    0    0   -2    1   00111
         45        17       3        5       15          16   5    16   1  1  5    1  0  1  0  4  5      1    0    0    0    1    0    0   -4    1   00111
         46        14       4        5       20          17   5    12   1  1  5    1  0  1  0  0  5      1    0    0    0    1    0    0    0    1   01011
         47        15       6        5       30          18   5     8   1  1  5    1  0  1  0  1  5      1    0    0    0    1    0    0   -1    1   01011
         48        16      12        5       60          19   5     4   1  1  5    1  0  1  0  2  5      1    0    0    0    1    0    0   -2    1   01011
         49        17       3        5       15          20   5    16   1  1  5    1  0  1  0  4  5      1    0    0    0    1    0    0   -4    1   01011
         50        14       4        5       20          21   5    12   1  1  5    1  0  1  0  0  5      1    0    0    0    1    0    0    0    1   01111
         51        15       6        5       30          22   5     8   1  1  5    1  0  1  0  1  5      1    0    0    0    1    0    0   -1    1   01111
         52        16      12        5       60          23   5     4   1  1  5    1  0  1  0  2  5      1    0    0    0    1    0    0   -2    1   01111
         53        17       3        5       15          24   5    16   1  1  5    1  0  1  0  4  5      1    0    0    0    1    0    0   -4    1   01111
         54        18       6        5       30          25   5     8   1  1  5    1  0  1  1  2  5      1    0    0    0    1    0   -1   -2    1   00001
         55        18       6       10       60          26   5     8   1  1  5    1  0  1  1  2  5      1    0    0    0    1    0   -1   -2    1   00011
         56        18       6       10       60          27   5     8   1  1  5    1  0  1  1  2  5      1    0    0    0    1    0   -1   -2    1   00111
         57        18       6        5       30          28   5     8   1  1  5    1  0  1  1  2  5      1    0    0    0    1    0   -1   -2    1   01111
         58        19       4        6       24           1   6    12   1  1  6    1  0  1  0  0  6      1    0    0    0    1    0    0    0    1   000001
         59        20       6        6       36           2   6     8   1  1  6    1  0  1  0  1  6      1    0    0    0    1    0    0   -1    1   000001
         60        21      12        6       72           3   6     4   1  1  6    1  0  1  0  2  6      1    0    0    0    1    0    0   -2    1   000001
         61        22      12        6       72           4   6     4   1  1  6    1  0  1  0  3  6      1    0    0    0    1    0    0   -3    1   000001
         62        23      12        6       72           5   6     4   1  1  6    1  0  1  0  4  6      1    0    0    0    1    0    0   -4    1   000001
         63        24       3        6       18           6   6    16   1  1  6    1  0  1  0  5  6      1    0    0    0    1    0    0   -5    1   000001
         64        25      12        6       72           7   6     4   1  1  6    1  0  1  1  2  6      1    0    0    0    1    0   -1   -2    1   000001
         65        26      12        6       72           8   6     4   1  1  6    1  0  1  1  3  6      1    0    0    0    1    0   -1   -3    1   000001
         66        27      12        6       72           9   6     4   1  1  6    1  0  1  2  2  6      1    0    0    0    1    0   -2   -2    1   000001
         67        28       6        6       36          10   6     8   1  1  6    1  0  1  2  3  6      1    0    0    0    1    0   -2   -3    1   000001
         68        19       4        6       24          11   6    12   1  1  6    1  0  1  0  0  6      1    0    0    0    1    0    0    0    1   000011
         69        20       6        6       36          12   6     8   1  1  6    1  0  1  0  1  6      1    0    0    0    1    0    0   -1    1   000011
         70        21      12        6       72          13   6     4   1  1  6    1  0  1  0  2  6      1    0    0    0    1    0    0   -2    1   000011
         71        22      12        6       72          14   6     4   1  1  6    1  0  1  0  3  6      1    0    0    0    1    0    0   -3    1   000011
         72        23      12        6       72          15   6     4   1  1  6    1  0  1  0  4  6      1    0    0    0    1    0    0   -4    1   000011
         73        24       3        6       18          16   6    16   1  1  6    1  0  1  0  5  6      1    0    0    0    1    0    0   -5    1   000011
         74        25      12        6       72          17   6     4   1  1  6    1  0  1  1  2  6      1    0    0    0    1    0   -1   -2    1   000011
         75        26      12        6       72          18   6     4   1  1  6    1  0  1  1  3  6      1    0    0    0    1    0   -1   -3    1   000011
         76        27      12        6       72          19   6     4   1  1  6    1  0  1  2  2  6      1    0    0    0    1    0   -2   -2    1   000011
         77        28       6        6       36          20   6     8   1  1  6    1  0  1  2  3  6      1    0    0    0    1    0   -2   -3    1   000011
         78        19       4        6       24          21   6    12   1  1  6    1  0  1  0  0  6      1    0    0    0    1    0    0    0    1   000101
         79        20       6        6       36          22   6     8   1  1  6    1  0  1  0  1  6      1    0    0    0    1    0    0   -1    1   000101
         80        21      12        6       72          23   6     4   1  1  6    1  0  1  0  2  6      1    0    0    0    1    0    0   -2    1   000101
         81        22      12        6       72          24   6     4   1  1  6    1  0  1  0  3  6      1    0    0    0    1    0    0   -3    1   000101
         82        23      12        6       72          25   6     4   1  1  6    1  0  1  0  4  6      1    0    0    0    1    0    0   -4    1   000101
         83        24       3        6       18          26   6    16   1  1  6    1  0  1  0  5  6      1    0    0    0    1    0    0   -5    1   000101
         84        25      12        6       72          27   6     4   1  1  6    1  0  1  1  2  6      1    0    0    0    1    0   -1   -2    1   000101
         85        26      12        6       72          28   6     4   1  1  6    1  0  1  1  3  6      1    0    0    0    1    0   -1   -3    1   000101
         86        27      12        6       72          29   6     4   1  1  6    1  0  1  2  2  6      1    0    0    0    1    0   -2   -2    1   000101
         87        28       6        6       36          30   6     8   1  1  6    1  0  1  2  3  6      1    0    0    0    1    0   -2   -3    1   000101
         88        19       4        6       24          31   6    12   1  1  6    1  0  1  0  0  6      1    0    0    0    1    0    0    0    1   000111
         89        20       6        6       36          32   6     8   1  1  6    1  0  1  0  1  6      1    0    0    0    1    0    0   -1    1   000111
         90        21      12        6       72          33   6     4   1  1  6    1  0  1  0  2  6      1    0    0    0    1    0    0   -2    1   000111
         91        22      12        6       72          34   6     4   1  1  6    1  0  1  0  3  6      1    0    0    0    1    0    0   -3    1   000111
         92        23      12        6       72          35   6     4   1  1  6    1  0  1  0  4  6      1    0    0    0    1    0    0   -4    1   000111
         93        24       3        6       18          36   6    16   1  1  6    1  0  1  0  5  6      1    0    0    0    1    0    0   -5    1   000111
         94        25      12        6       72          37   6     4   1  1  6    1  0  1  1  2  6      1    0    0    0    1    0   -1   -2    1   000111
         95        26      12        6       72          38   6     4   1  1  6    1  0  1  1  3  6      1    0    0    0    1    0   -1   -3    1   000111
         96        27      12        6       72          39   6     4   1  1  6    1  0  1  2  2  6      1    0    0    0    1    0   -2   -2    1   000111
         97        28       6        6       36          40   6     8   1  1  6    1  0  1  2  3  6      1    0    0    0    1    0   -2   -3    1   000111
         98        19       4        2        8          41   6    12   1  1  6    1  0  1  0  0  6      1    0    0    0    1    0    0    0    1   001011
         99        20       6        2       12          42   6     8   1  1  6    1  0  1  0  1  6      1    0    0    0    1    0    0   -1    1   001011
        100        21      12        2       24          43   6     4   1  1  6    1  0  1  0  2  6      1    0    0    0    1    0    0   -2    1   001011
        101        22      12        2       24          44   6     4   1  1  6    1  0  1  0  3  6      1    0    0    0    1    0    0   -3    1   001011
        102        23      12        2       24          45   6     4   1  1  6    1  0  1  0  4  6      1    0    0    0    1    0    0   -4    1   001011
        103        24       3        2        6          46   6    16   1  1  6    1  0  1  0  5  6      1    0    0    0    1    0    0   -5    1   001011
        104        25      12        2       24          47   6     4   1  1  6    1  0  1  1  2  6      1    0    0    0    1    0   -1   -2    1   001011
        105        26      12        2       24          48   6     4   1  1  6    1  0  1  1  3  6      1    0    0    0    1    0   -1   -3    1   001011
        106        27      12        2       24          49   6     4   1  1  6    1  0  1  2  2  6      1    0    0    0    1    0   -2   -2    1   001011
        107        28       6        2       12          50   6     8   1  1  6    1  0  1  2  3  6      1    0    0    0    1    0   -2   -3    1   001011
        108        19       4       12       48          51   6    12   1  1  6    1  0  1  0  0  6      1    0    0    0    1    0    0    0    1   001111
        109        20       6       12       72          52   6     8   1  1  6    1  0  1  0  1  6      1    0    0    0    1    0    0   -1    1   001111
        110        21      12       12      144          53   6     4   1  1  6    1  0  1  0  2  6      1    0    0    0    1    0    0   -2    1   001111
        111        22      12       12      144          54   6     4   1  1  6    1  0  1  0  3  6      1    0    0    0    1    0    0   -3    1   001111
        112        23      12       12      144          55   6     4   1  1  6    1  0  1  0  4  6      1    0    0    0    1    0    0   -4    1   001111
        113        24       3       12       36          56   6    16   1  1  6    1  0  1  0  5  6      1    0    0    0    1    0    0   -5    1   001111
        114        25      12       12      144          57   6     4   1  1  6    1  0  1  1  2  6      1    0    0    0    1    0   -1   -2    1   001111
        115        26      12       12      144          58   6     4   1  1  6    1  0  1  1  3  6      1    0    0    0    1    0   -1   -3    1   001111
        116        27      12       12      144          59   6     4   1  1  6    1  0  1  2  2  6      1    0    0    0    1    0   -2   -2    1   001111
        117        28       6       12       72          60   6     8   1  1  6    1  0  1  2  3  6      1    0    0    0    1    0   -2   -3    1   001111
        118        19       4        6       24          61   6    12   1  1  6    1  0  1  0  0  6      1    0    0    0    1    0    0    0    1   010111
        119        20       6        6       36          62   6     8   1  1  6    1  0  1  0  1  6      1    0    0    0    1    0    0   -1    1   010111
        120        21      12        6       72          63   6     4   1  1  6    1  0  1  0  2  6      1    0    0    0    1    0    0   -2    1   010111
        121        22      12        6       72          64   6     4   1  1  6    1  0  1  0  3  6      1    0    0    0    1    0    0   -3    1   010111
        122        23      12        6       72          65   6     4   1  1  6    1  0  1  0  4  6      1    0    0    0    1    0    0   -4    1   010111
        123        24       3        6       18          66   6    16   1  1  6    1  0  1  0  5  6      1    0    0    0    1    0    0   -5    1   010111
        124        25      12        6       72          67   6     4   1  1  6    1  0  1  1  2  6      1    0    0    0    1    0   -1   -2    1   010111
        125        26      12        6       72          68   6     4   1  1  6    1  0  1  1  3  6      1    0    0    0    1    0   -1   -3    1   010111
        126        27      12        6       72          69   6     4   1  1  6    1  0  1  2  2  6      1    0    0    0    1    0   -2   -2    1   010111
        127        28       6        6       36          70   6     8   1  1  6    1  0  1  2  3  6      1    0    0    0    1    0   -2   -3    1   010111
        128        19       4        6       24          71   6    12   1  1  6    1  0  1  0  0  6      1    0    0    0    1    0    0    0    1   011111
        129        20       6        6       36          72   6     8   1  1  6    1  0  1  0  1  6      1    0    0    0    1    0    0   -1    1   011111
        130        21      12        6       72          73   6     4   1  1  6    1  0  1  0  2  6      1    0    0    0    1    0    0   -2    1   011111
        131        22      12        6       72          74   6     4   1  1  6    1  0  1  0  3  6      1    0    0    0    1    0    0   -3    1   011111
        132        23      12        6       72          75   6     4   1  1  6    1  0  1  0  4  6      1    0    0    0    1    0    0   -4    1   011111
        133        24       3        6       18          76   6    16   1  1  6    1  0  1  0  5  6      1    0    0    0    1    0    0   -5    1   011111
        134        25      12        6       72          77   6     4   1  1  6    1  0  1  1  2  6      1    0    0    0    1    0   -1   -2    1   011111
        135        26      12        6       72          78   6     4   1  1  6    1  0  1  1  3  6      1    0    0    0    1    0   -1   -3    1   011111
        136        27      12        6       72          79   6     4   1  1  6    1  0  1  2  2  6      1    0    0    0    1    0   -2   -2    1   011111
        137        28       6        6       36          80   6     8   1  1  6    1  0  1  2  3  6      1    0    0    0    1    0   -2   -3    1   011111
        138        29       4        7       28           1   7    12   1  1  7    1  0  1  0  0  7      1    0    0    0    1    0    0    0    1   0000001
        139        30       6        7       42           2   7     8   1  1  7    1  0  1  0  1  7      1    0    0    0    1    0    0   -1    1   0000001
        140        31      12        7       84           3   7     4   1  1  7    1  0  1  0  2  7      1    0    0    0    1    0    0   -2    1   0000001
        141        32      12        7       84           4   7     4   1  1  7    1  0  1  0  3  7      1    0    0    0    1    0    0   -3    1   0000001
        142        33       3        7       21           5   7    16   1  1  7    1  0  1  0  6  7      1    0    0    0    1    0    0   -6    1   0000001
        143        34      12        7       84           6   7     4   1  1  7    1  0  1  1  2  7      1    0    0    0    1    0   -1   -2    1   0000001
        144        29       4        7       28           7   7    12   1  1  7    1  0  1  0  0  7      1    0    0    0    1    0    0    0    1   0000011
        145        30       6        7       42           8   7     8   1  1  7    1  0  1  0  1  7      1    0    0    0    1    0    0   -1    1   0000011
        146        31      12        7       84           9   7     4   1  1  7    1  0  1  0  2  7      1    0    0    0    1    0    0   -2    1   0000011
        147        32      12        7       84          10   7     4   1  1  7    1  0  1  0  3  7      1    0    0    0    1    0    0   -3    1   0000011
        148        33       3        7       21          11   7    16   1  1  7    1  0  1  0  6  7      1    0    0    0    1    0    0   -6    1   0000011
        149        34      12        7       84          12   7     4   1  1  7    1  0  1  1  2  7      1    0    0    0    1    0   -1   -2    1   0000011
        150        29       4        7       28          13   7    12   1  1  7    1  0  1  0  0  7      1    0    0    0    1    0    0    0    1   0000101
        151        30       6        7       42          14   7     8   1  1  7    1  0  1  0  1  7      1    0    0    0    1    0    0   -1    1   0000101
        152        31      12        7       84          15   7     4   1  1  7    1  0  1  0  2  7      1    0    0    0    1    0    0   -2    1   0000101
        153        32      12        7       84          16   7     4   1  1  7    1  0  1  0  3  7      1    0    0    0    1    0    0   -3    1   0000101
        154        33       3        7       21          17   7    16   1  1  7    1  0  1  0  6  7      1    0    0    0    1    0    0   -6    1   0000101
        155        34      12        7       84          18   7     4   1  1  7    1  0  1  1  2  7      1    0    0    0    1    0   -1   -2    1   0000101
        156        29       4        7       28          19   7    12   1  1  7    1  0  1  0  0  7      1    0    0    0    1    0    0    0    1   0000111
        157        30       6        7       42          20   7     8   1  1  7    1  0  1  0  1  7      1    0    0    0    1    0    0   -1    1   0000111
        158        31      12        7       84          21   7     4   1  1  7    1  0  1  0  2  7      1    0    0    0    1    0    0   -2    1   0000111
        159        32      12        7       84          22   7     4   1  1  7    1  0  1  0  3  7      1    0    0    0    1    0    0   -3    1   0000111
        160        33       3        7       21          23   7    16   1  1  7    1  0  1  0  6  7      1    0    0    0    1    0    0   -6    1   0000111
        161        34      12        7       84          24   7     4   1  1  7    1  0  1  1  2  7      1    0    0    0    1    0   -1   -2    1   0000111
        162        29       4        7       28          25   7    12   1  1  7    1  0  1  0  0  7      1    0    0    0    1    0    0    0    1   0001001
        163        30       6        7       42          26   7     8   1  1  7    1  0  1  0  1  7      1    0    0    0    1    0    0   -1    1   0001001
        164        31      12        7       84          27   7     4   1  1  7    1  0  1  0  2  7      1    0    0    0    1    0    0   -2    1   0001001
        165        32      12        7       84          28   7     4   1  1  7    1  0  1  0  3  7      1    0    0    0    1    0    0   -3    1   0001001
        166        33       3        7       21          29   7    16   1  1  7    1  0  1  0  6  7      1    0    0    0    1    0    0   -6    1   0001001
        167        34      12        7       84          30   7     4   1  1  7    1  0  1  1  2  7      1    0    0    0    1    0   -1   -2    1   0001001
        168        29       4       14       56          31   7    12   1  1  7    1  0  1  0  0  7      1    0    0    0    1    0    0    0    1   0001011
        169        30       6       14       84          32   7     8   1  1  7    1  0  1  0  1  7      1    0    0    0    1    0    0   -1    1   0001011
        170        31      12       14      168          33   7     4   1  1  7    1  0  1  0  2  7      1    0    0    0    1    0    0   -2    1   0001011
        171        32      12       14      168          34   7     4   1  1  7    1  0  1  0  3  7      1    0    0    0    1    0    0   -3    1   0001011
        172        33       3       14       42          35   7    16   1  1  7    1  0  1  0  6  7      1    0    0    0    1    0    0   -6    1   0001011
        173        34      12       14      168          36   7     4   1  1  7    1  0  1  1  2  7      1    0    0    0    1    0   -1   -2    1   0001011
        174        29       4        7       28          37   7    12   1  1  7    1  0  1  0  0  7      1    0    0    0    1    0    0    0    1   0001111
        175        30       6        7       42          38   7     8   1  1  7    1  0  1  0  1  7      1    0    0    0    1    0    0   -1    1   0001111
        176        31      12        7       84          39   7     4   1  1  7    1  0  1  0  2  7      1    0    0    0    1    0    0   -2    1   0001111
        177        32      12        7       84          40   7     4   1  1  7    1  0  1  0  3  7      1    0    0    0    1    0    0   -3    1   0001111
        178        33       3        7       21          41   7    16   1  1  7    1  0  1  0  6  7      1    0    0    0    1    0    0   -6    1   0001111
        179        34      12        7       84          42   7     4   1  1  7    1  0  1  1  2  7      1    0    0    0    1    0   -1   -2    1   0001111
        180        29       4        7       28          43   7    12   1  1  7    1  0  1  0  0  7      1    0    0    0    1    0    0    0    1   0010011
        181        30       6        7       42          44   7     8   1  1  7    1  0  1  0  1  7      1    0    0    0    1    0    0   -1    1   0010011
        182        31      12        7       84          45   7     4   1  1  7    1  0  1  0  2  7      1    0    0    0    1    0    0   -2    1   0010011
        183        32      12        7       84          46   7     4   1  1  7    1  0  1  0  3  7      1    0    0    0    1    0    0   -3    1   0010011
        184        33       3        7       21          47   7    16   1  1  7    1  0  1  0  6  7      1    0    0    0    1    0    0   -6    1   0010011
        185        34      12        7       84          48   7     4   1  1  7    1  0  1  1  2  7      1    0    0    0    1    0   -1   -2    1   0010011
        186        29       4        7       28          49   7    12   1  1  7    1  0  1  0  0  7      1    0    0    0    1    0    0    0    1   0010101
        187        30       6        7       42          50   7     8   1  1  7    1  0  1  0  1  7      1    0    0    0    1    0    0   -1    1   0010101
        188        31      12        7       84          51   7     4   1  1  7    1  0  1  0  2  7      1    0    0    0    1    0    0   -2    1   0010101
        189        32      12        7       84          52   7     4   1  1  7    1  0  1  0  3  7      1    0    0    0    1    0    0   -3    1   0010101
        190        33       3        7       21          53   7    16   1  1  7    1  0  1  0  6  7      1    0    0    0    1    0    0   -6    1   0010101
        191        34      12        7       84          54   7     4   1  1  7    1  0  1  1  2  7      1    0    0    0    1    0   -1   -2    1   0010101
        192        29       4       14       56          55   7    12   1  1  7    1  0  1  0  0  7      1    0    0    0    1    0    0    0    1   0010111
        193        30       6       14       84          56   7     8   1  1  7    1  0  1  0  1  7      1    0    0    0    1    0    0   -1    1   0010111
        194        31      12       14      168          57   7     4   1  1  7    1  0  1  0  2  7      1    0    0    0    1    0    0   -2    1   0010111
        195        32      12       14      168          58   7     4   1  1  7    1  0  1  0  3  7      1    0    0    0    1    0    0   -3    1   0010111
        196        33       3       14       42          59   7    16   1  1  7    1  0  1  0  6  7      1    0    0    0    1    0    0   -6    1   0010111
        197        34      12       14      168          60   7     4   1  1  7    1  0  1  1  2  7      1    0    0    0    1    0   -1   -2    1   0010111
        198        29       4        7       28          61   7    12   1  1  7    1  0  1  0  0  7      1    0    0    0    1    0    0    0    1   0011011
        199        30       6        7       42          62   7     8   1  1  7    1  0  1  0  1  7      1    0    0    0    1    0    0   -1    1   0011011
        200        31      12        7       84          63   7     4   1  1  7    1  0  1  0  2  7      1    0    0    0    1    0    0   -2    1   0011011
        201        32      12        7       84          64   7     4   1  1  7    1  0  1  0  3  7      1    0    0    0    1    0    0   -3    1   0011011
        202        33       3        7       21          65   7    16   1  1  7    1  0  1  0  6  7      1    0    0    0    1    0    0   -6    1   0011011
        203        34      12        7       84          66   7     4   1  1  7    1  0  1  1  2  7      1    0    0    0    1    0   -1   -2    1   0011011
        204        29       4        7       28          67   7    12   1  1  7    1  0  1  0  0  7      1    0    0    0    1    0    0    0    1   0011111
        205        30       6        7       42          68   7     8   1  1  7    1  0  1  0  1  7      1    0    0    0    1    0    0   -1    1   0011111
        206        31      12        7       84          69   7     4   1  1  7    1  0  1  0  2  7      1    0    0    0    1    0    0   -2    1   0011111
        207        32      12        7       84          70   7     4   1  1  7    1  0  1  0  3  7      1    0    0    0    1    0    0   -3    1   0011111
        208        33       3        7       21          71   7    16   1  1  7    1  0  1  0  6  7      1    0    0    0    1    0    0   -6    1   0011111
        209        34      12        7       84          72   7     4   1  1  7    1  0  1  1  2  7      1    0    0    0    1    0   -1   -2    1   0011111
        210        29       4        7       28          73   7    12   1  1  7    1  0  1  0  0  7      1    0    0    0    1    0    0    0    1   0101011
        211        30       6        7       42          74   7     8   1  1  7    1  0  1  0  1  7      1    0    0    0    1    0    0   -1    1   0101011
        212        31      12        7       84          75   7     4   1  1  7    1  0  1  0  2  7      1    0    0    0    1    0    0   -2    1   0101011
        213        32      12        7       84          76   7     4   1  1  7    1  0  1  0  3  7      1    0    0    0    1    0    0   -3    1   0101011
        214        33       3        7       21          77   7    16   1  1  7    1  0  1  0  6  7      1    0    0    0    1    0    0   -6    1   0101011
        215        34      12        7       84          78   7     4   1  1  7    1  0  1  1  2  7      1    0    0    0    1    0   -1   -2    1   0101011
        216        29       4        7       28          79   7    12   1  1  7    1  0  1  0  0  7      1    0    0    0    1    0    0    0    1   0101111
        217        30       6        7       42          80   7     8   1  1  7    1  0  1  0  1  7      1    0    0    0    1    0    0   -1    1   0101111
        218        31      12        7       84          81   7     4   1  1  7    1  0  1  0  2  7      1    0    0    0    1    0    0   -2    1   0101111
        219        32      12        7       84          82   7     4   1  1  7    1  0  1  0  3  7      1    0    0    0    1    0    0   -3    1   0101111
        220        33       3        7       21          83   7    16   1  1  7    1  0  1  0  6  7      1    0    0    0    1    0    0   -6    1   0101111
        221        34      12        7       84          84   7     4   1  1  7    1  0  1  1  2  7      1    0    0    0    1    0   -1   -2    1   0101111
        222        29       4        7       28          85   7    12   1  1  7    1  0  1  0  0  7      1    0    0    0    1    0    0    0    1   0110111
        223        30       6        7       42          86   7     8   1  1  7    1  0  1  0  1  7      1    0    0    0    1    0    0   -1    1   0110111
        224        31      12        7       84          87   7     4   1  1  7    1  0  1  0  2  7      1    0    0    0    1    0    0   -2    1   0110111
        225        32      12        7       84          88   7     4   1  1  7    1  0  1  0  3  7      1    0    0    0    1    0    0   -3    1   0110111
        226        33       3        7       21          89   7    16   1  1  7    1  0  1  0  6  7      1    0    0    0    1    0    0   -6    1   0110111
        227        34      12        7       84          90   7     4   1  1  7    1  0  1  1  2  7      1    0    0    0    1    0   -1   -2    1   0110111
        228        29       4        7       28          91   7    12   1  1  7    1  0  1  0  0  7      1    0    0    0    1    0    0    0    1   0111111
        229        30       6        7       42          92   7     8   1  1  7    1  0  1  0  1  7      1    0    0    0    1    0    0   -1    1   0111111
        230        31      12        7       84          93   7     4   1  1  7    1  0  1  0  2  7      1    0    0    0    1    0    0   -2    1   0111111
        231        32      12        7       84          94   7     4   1  1  7    1  0  1  0  3  7      1    0    0    0    1    0    0   -3    1   0111111
        232        33       3        7       21          95   7    16   1  1  7    1  0  1  0  6  7      1    0    0    0    1    0    0   -6    1   0111111
        233        34      12        7       84          96   7     4   1  1  7    1  0  1  1  2  7      1    0    0    0    1    0   -1   -2    1   0111111
        234        35       8        7       56          97   7     6   1  1  7    1  0  1  1  3  7      1    0    0    0    1    0   -1   -3    1   0000001
        235        35       8       21      168          98   7     6   1  1  7    1  0  1  1  3  7      1    0    0    0    1    0   -1   -3    1   0000011
        236        35       8       21      168          99   7     6   1  1  7    1  0  1  1  3  7      1    0    0    0    1    0   -1   -3    1   0000111
        237        35       8       14      112         100   7     6   1  1  7    1  0  1  1  3  7      1    0    0    0    1    0   -1   -3    1   0001011
        238        35       8       21      168         101   7     6   1  1  7    1  0  1  1  3  7      1    0    0    0    1    0   -1   -3    1   0001111
        239        35       8       14      112         102   7     6   1  1  7    1  0  1  1  3  7      1    0    0    0    1    0   -1   -3    1   0010111
        240        35       8       21      168         103   7     6   1  1  7    1  0  1  1  3  7      1    0    0    0    1    0   -1   -3    1   0011111
        241        35       8        7       56         104   7     6   1  1  7    1  0  1  1  3  7      1    0    0    0    1    0   -1   -3    1   0111111
