 # <fortpy version="3" revision="247"></fortpy>
hcp binary
bulk
  1.0000000       0.0000000       0.0000000        # a1 parent lattice vector
 0.50000000      0.86602540       0.0000000        # a2 parent lattice vector
  0.0000000       0.0000000       1.6329932        # a3 parent lattice vector
    2 # Number of points in the multilattice
  0.0000000       0.0000000       0.0000000        # d01 d-vector, labels: 0/1
 0.50000000      0.28867513      0.81649658        # d02 d-vector, labels: 0/1
 2-nary case
   1   4 # Starting and ending cell sizes for search
 0.10000000E-03 # Epsilon (finite precision parameter)
Concentration check:
    F
full list of labelings (including incomplete labelings) is used
Equivalency list: 1  2
start   #tot      HNF     Hdegn   labdegn   Totdegn   #size idx    pg    SNF             HNF                 Left transform                          labeling
          1         1       1        1        1           1   1    24   1  1  1    1  0  1  0  0  1      1    0    0    0    1    0    0    0    1   00
          2         1       1        2        2           2   1    24   1  1  1    1  0  1  0  0  1      1    0    0    0    1    0    0    0    1   01
          3         1       1        1        1           3   1    24   1  1  1    1  0  1  0  0  1      1    0    0    0    1    0    0    0    1   11
          4         2       1        4        4           1   2    24   1  1  2    1  0  1  0  0  2      1    0    0    0    1    0    0    0    1   0001
          5         3       3        4       12           2   2     8   1  1  2    1  0  1  0  1  2      1    0    0    0    1    0    0   -1    1   0001
          6         2       1        1        1           3   2    24   1  1  2    1  0  1  0  0  2      1    0    0    0    1    0    0    0    1   0101
          7         3       3        1        3           4   2     8   1  1  2    1  0  1  0  1  2      1    0    0    0    1    0    0   -1    1   0101
          8         2       1        4        4           5   2    24   1  1  2    1  0  1  0  0  2      1    0    0    0    1    0    0    0    1   0111
          9         3       3        4       12           6   2     8   1  1  2    1  0  1  0  1  2      1    0    0    0    1    0    0   -1    1   0111
         10         4       3        4       12           7   2     8   1  1  2    1  0  2  0  0  1      1    0    0    0    1    1    0   -1    0   0001
         11         4       3        1        3           8   2     8   1  1  2    1  0  2  0  0  1      1    0    0    0    1    1    0   -1    0   0101
         12         4       3        2        6           9   2     8   1  1  2    1  0  2  0  0  1      1    0    0    0    1    1    0   -1    0   0110
         13         4       3        2        6          10   2     8   1  1  2    1  0  2  0  0  1      1    0    0    0    1    1    0   -1    0   0111
         14         5       1        6        6           1   3    24   1  1  3    1  0  1  0  0  3      1    0    0    0    1    0    0    0    1   000001
         15         5       1        6        6           2   3    24   1  1  3    1  0  1  0  0  3      1    0    0    0    1    0    0    0    1   000011
         16         5       1        6        6           3   3    24   1  1  3    1  0  1  0  0  3      1    0    0    0    1    0    0    0    1   001001
         17         5       1        6        6           4   3    24   1  1  3    1  0  1  0  0  3      1    0    0    0    1    0    0    0    1   001011
         18         5       1        3        3           5   3    24   1  1  3    1  0  1  0  0  3      1    0    0    0    1    0    0    0    1   001100
         19         5       1       12       12           6   3    24   1  1  3    1  0  1  0  0  3      1    0    0    0    1    0    0    0    1   001101
         20         5       1        6        6           7   3    24   1  1  3    1  0  1  0  0  3      1    0    0    0    1    0    0    0    1   001111
         21         5       1        6        6           8   3    24   1  1  3    1  0  1  0  0  3      1    0    0    0    1    0    0    0    1   011011
         22         5       1        3        3           9   3    24   1  1  3    1  0  1  0  0  3      1    0    0    0    1    0    0    0    1   011101
         23         5       1        6        6          10   3    24   1  1  3    1  0  1  0  0  3      1    0    0    0    1    0    0    0    1   011111
         24         6       6        6       36          11   3     4   1  1  3    1  0  1  0  1  3      1    0    0    0    1    0    0   -1    1   000001
         25         7       3        6       18          12   3     8   1  1  3    1  0  3  0  0  1      1    0    0    0    1    1    0   -1    0   000001
         26         6       6        6       36          13   3     4   1  1  3    1  0  1  0  1  3      1    0    0    0    1    0    0   -1    1   000011
         27         7       3        6       18          14   3     8   1  1  3    1  0  3  0  0  1      1    0    0    0    1    1    0   -1    0   000011
         28         6       6        3       18          15   3     4   1  1  3    1  0  1  0  1  3      1    0    0    0    1    0    0   -1    1   001001
         29         7       3        3        9          16   3     8   1  1  3    1  0  3  0  0  1      1    0    0    0    1    1    0   -1    0   001001
         30         6       6        3       18          17   3     4   1  1  3    1  0  1  0  1  3      1    0    0    0    1    0    0   -1    1   001010
         31         7       3        3        9          18   3     8   1  1  3    1  0  3  0  0  1      1    0    0    0    1    1    0   -1    0   001010
         32         6       6        6       36          19   3     4   1  1  3    1  0  1  0  1  3      1    0    0    0    1    0    0   -1    1   001011
         33         7       3        6       18          20   3     8   1  1  3    1  0  3  0  0  1      1    0    0    0    1    1    0   -1    0   001011
         34         6       6        3       18          21   3     4   1  1  3    1  0  1  0  1  3      1    0    0    0    1    0    0   -1    1   001100
         35         7       3        3        9          22   3     8   1  1  3    1  0  3  0  0  1      1    0    0    0    1    1    0   -1    0   001100
         36         6       6        6       36          23   3     4   1  1  3    1  0  1  0  1  3      1    0    0    0    1    0    0   -1    1   001101
         37         7       3        6       18          24   3     8   1  1  3    1  0  3  0  0  1      1    0    0    0    1    1    0   -1    0   001101
         38         6       6        6       36          25   3     4   1  1  3    1  0  1  0  1  3      1    0    0    0    1    0    0   -1    1   001110
         39         7       3        6       18          26   3     8   1  1  3    1  0  3  0  0  1      1    0    0    0    1    1    0   -1    0   001110
         40         6       6        6       36          27   3     4   1  1  3    1  0  1  0  1  3      1    0    0    0    1    0    0   -1    1   001111
         41         7       3        6       18          28   3     8   1  1  3    1  0  3  0  0  1      1    0    0    0    1    1    0   -1    0   001111
         42         6       6        3       18          29   3     4   1  1  3    1  0  1  0  1  3      1    0    0    0    1    0    0   -1    1   011011
         43         7       3        3        9          30   3     8   1  1  3    1  0  3  0  0  1      1    0    0    0    1    1    0   -1    0   011011
         44         6       6        3       18          31   3     4   1  1  3    1  0  1  0  1  3      1    0    0    0    1    0    0   -1    1   011101
         45         7       3        3        9          32   3     8   1  1  3    1  0  3  0  0  1      1    0    0    0    1    1    0   -1    0   011101
         46         6       6        3       18          33   3     4   1  1  3    1  0  1  0  1  3      1    0    0    0    1    0    0   -1    1   011110
         47         7       3        3        9          34   3     8   1  1  3    1  0  3  0  0  1      1    0    0    0    1    1    0   -1    0   011110
         48         6       6        6       36          35   3     4   1  1  3    1  0  1  0  1  3      1    0    0    0    1    0    0   -1    1   011111
         49         7       3        6       18          36   3     8   1  1  3    1  0  3  0  0  1      1    0    0    0    1    1    0   -1    0   011111
         50         8       2        6       12          37   3    12   1  1  3    1  0  1  1  2  3      1    0    0    0    1    0   -1   -2    1   000001
         51         9       1        6        6          38   3    24   1  1  3    1  1  3  0  0  1      1    0    0   -1    1    1    1   -1    0   000001
         52         8       2        6       12          39   3    12   1  1  3    1  0  1  1  2  3      1    0    0    0    1    0   -1   -2    1   000011
         53         9       1        6        6          40   3    24   1  1  3    1  1  3  0  0  1      1    0    0   -1    1    1    1   -1    0   000011
         54         8       2        9       18          41   3    12   1  1  3    1  0  1  1  2  3      1    0    0    0    1    0   -1   -2    1   001001
         55         9       1        9        9          42   3    24   1  1  3    1  1  3  0  0  1      1    0    0   -1    1    1    1   -1    0   001001
         56         8       2       18       36          43   3    12   1  1  3    1  0  1  1  2  3      1    0    0    0    1    0   -1   -2    1   001011
         57         9       1       18       18          44   3    24   1  1  3    1  1  3  0  0  1      1    0    0   -1    1    1    1   -1    0   001011
         58         8       2        6       12          45   3    12   1  1  3    1  0  1  1  2  3      1    0    0    0    1    0   -1   -2    1   001111
         59         9       1        6        6          46   3    24   1  1  3    1  1  3  0  0  1      1    0    0   -1    1    1    1   -1    0   001111
         60         8       2        9       18          47   3    12   1  1  3    1  0  1  1  2  3      1    0    0    0    1    0   -1   -2    1   011011
         61         9       1        9        9          48   3    24   1  1  3    1  1  3  0  0  1      1    0    0   -1    1    1    1   -1    0   011011
         62         8       2        6       12          49   3    12   1  1  3    1  0  1  1  2  3      1    0    0    0    1    0   -1   -2    1   011111
         63         9       1        6        6          50   3    24   1  1  3    1  1  3  0  0  1      1    0    0   -1    1    1    1   -1    0   011111
         64        10       1        8        8           1   4    24   1  1  4    1  0  1  0  0  4      1    0    0    0    1    0    0    0    1   00000001
         65        11       3        8       24           2   4     8   1  1  4    1  0  1  0  2  4      1    0    0    0    1    0    0   -2    1   00000001
         66        10       1        8        8           3   4    24   1  1  4    1  0  1  0  0  4      1    0    0    0    1    0    0    0    1   00000011
         67        11       3        8       24           4   4     8   1  1  4    1  0  1  0  2  4      1    0    0    0    1    0    0   -2    1   00000011
         68        10       1        3        3           5   4    24   1  1  4    1  0  1  0  0  4      1    0    0    0    1    0    0    0    1   00000111
         69        11       3        3        9           6   4     8   1  1  4    1  0  1  0  2  4      1    0    0    0    1    0    0   -2    1   00000111
         70        10       1        8        8           7   4    24   1  1  4    1  0  1  0  0  4      1    0    0    0    1    0    0    0    1   00010001
         71        11       3        8       24           8   4     8   1  1  4    1  0  1  0  2  4      1    0    0    0    1    0    0   -2    1   00010001
         72        10       1        8        8           9   4    24   1  1  4    1  0  1  0  0  4      1    0    0    0    1    0    0    0    1   00010011
         73        11       3        8       24          10   4     8   1  1  4    1  0  1  0  2  4      1    0    0    0    1    0    0   -2    1   00010011
         74        10       1        8        8          11   4    24   1  1  4    1  0  1  0  0  4      1    0    0    0    1    0    0    0    1   00010100
         75        11       3        8       24          12   4     8   1  1  4    1  0  1  0  2  4      1    0    0    0    1    0    0   -2    1   00010100
         76        10       1        8        8          13   4    24   1  1  4    1  0  1  0  0  4      1    0    0    0    1    0    0    0    1   00010101
         77        11       3        8       24          14   4     8   1  1  4    1  0  1  0  2  4      1    0    0    0    1    0    0   -2    1   00010101
         78        10       1       16       16          15   4    24   1  1  4    1  0  1  0  0  4      1    0    0    0    1    0    0    0    1   00010110
         79        11       3       16       48          16   4     8   1  1  4    1  0  1  0  2  4      1    0    0    0    1    0    0   -2    1   00010110
         80        10       1       16       16          17   4    24   1  1  4    1  0  1  0  0  4      1    0    0    0    1    0    0    0    1   00010111
         81        11       3       16       48          18   4     8   1  1  4    1  0  1  0  2  4      1    0    0    0    1    0    0   -2    1   00010111
         82        10       1       16       16          19   4    24   1  1  4    1  0  1  0  0  4      1    0    0    0    1    0    0    0    1   00011100
         83        11       3       16       48          20   4     8   1  1  4    1  0  1  0  2  4      1    0    0    0    1    0    0   -2    1   00011100
         84        10       1        8        8          21   4    24   1  1  4    1  0  1  0  0  4      1    0    0    0    1    0    0    0    1   00011101
         85        11       3        8       24          22   4     8   1  1  4    1  0  1  0  2  4      1    0    0    0    1    0    0   -2    1   00011101
         86        10       1       16       16          23   4    24   1  1  4    1  0  1  0  0  4      1    0    0    0    1    0    0    0    1   00011111
         87        11       3       16       48          24   4     8   1  1  4    1  0  1  0  2  4      1    0    0    0    1    0    0   -2    1   00011111
         88        10       1        8        8          25   4    24   1  1  4    1  0  1  0  0  4      1    0    0    0    1    0    0    0    1   00110011
         89        11       3        8       24          26   4     8   1  1  4    1  0  1  0  2  4      1    0    0    0    1    0    0   -2    1   00110011
         90        10       1        8        8          27   4    24   1  1  4    1  0  1  0  0  4      1    0    0    0    1    0    0    0    1   00110101
         91        11       3        8       24          28   4     8   1  1  4    1  0  1  0  2  4      1    0    0    0    1    0    0   -2    1   00110101
         92        10       1        8        8          29   4    24   1  1  4    1  0  1  0  0  4      1    0    0    0    1    0    0    0    1   00110111
         93        11       3        8       24          30   4     8   1  1  4    1  0  1  0  2  4      1    0    0    0    1    0    0   -2    1   00110111
         94        10       1        8        8          31   4    24   1  1  4    1  0  1  0  0  4      1    0    0    0    1    0    0    0    1   00111001
         95        11       3        8       24          32   4     8   1  1  4    1  0  1  0  2  4      1    0    0    0    1    0    0   -2    1   00111001
         96        10       1        8        8          33   4    24   1  1  4    1  0  1  0  0  4      1    0    0    0    1    0    0    0    1   00111010
         97        11       3        8       24          34   4     8   1  1  4    1  0  1  0  2  4      1    0    0    0    1    0    0   -2    1   00111010
         98        10       1        8        8          35   4    24   1  1  4    1  0  1  0  0  4      1    0    0    0    1    0    0    0    1   00111011
         99        11       3        8       24          36   4     8   1  1  4    1  0  1  0  2  4      1    0    0    0    1    0    0   -2    1   00111011
        100        10       1       16       16          37   4    24   1  1  4    1  0  1  0  0  4      1    0    0    0    1    0    0    0    1   00111101
        101        11       3       16       48          38   4     8   1  1  4    1  0  1  0  2  4      1    0    0    0    1    0    0   -2    1   00111101
        102        10       1        8        8          39   4    24   1  1  4    1  0  1  0  0  4      1    0    0    0    1    0    0    0    1   00111111
        103        11       3        8       24          40   4     8   1  1  4    1  0  1  0  2  4      1    0    0    0    1    0    0   -2    1   00111111
        104        10       1        8        8          41   4    24   1  1  4    1  0  1  0  0  4      1    0    0    0    1    0    0    0    1   01010111
        105        11       3        8       24          42   4     8   1  1  4    1  0  1  0  2  4      1    0    0    0    1    0    0   -2    1   01010111
        106        10       1        3        3          43   4    24   1  1  4    1  0  1  0  0  4      1    0    0    0    1    0    0    0    1   01110111
        107        11       3        3        9          44   4     8   1  1  4    1  0  1  0  2  4      1    0    0    0    1    0    0   -2    1   01110111
        108        10       1       16       16          45   4    24   1  1  4    1  0  1  0  0  4      1    0    0    0    1    0    0    0    1   01111011
        109        11       3       16       48          46   4     8   1  1  4    1  0  1  0  2  4      1    0    0    0    1    0    0   -2    1   01111011
        110        10       1        3        3          47   4    24   1  1  4    1  0  1  0  0  4      1    0    0    0    1    0    0    0    1   01111111
        111        11       3        3        9          48   4     8   1  1  4    1  0  1  0  2  4      1    0    0    0    1    0    0   -2    1   01111111
        112        12       6        8       48          49   4     4   1  1  4    1  0  1  0  1  4      1    0    0    0    1    0    0   -1    1   00000001
        113        13       3        8       24          50   4     8   1  1  4    1  0  4  0  0  1      1    0    0    0    1    1    0   -1    0   00000001
        114        12       6        8       48          51   4     4   1  1  4    1  0  1  0  1  4      1    0    0    0    1    0    0   -1    1   00000011
        115        13       3        8       24          52   4     8   1  1  4    1  0  4  0  0  1      1    0    0    0    1    1    0   -1    0   00000011
        116        12       6        3       18          53   4     4   1  1  4    1  0  1  0  1  4      1    0    0    0    1    0    0   -1    1   00000111
        117        13       3        3        9          54   4     8   1  1  4    1  0  4  0  0  1      1    0    0    0    1    1    0   -1    0   00000111
        118        12       6        8       48          55   4     4   1  1  4    1  0  1  0  1  4      1    0    0    0    1    0    0   -1    1   00010001
        119        13       3        8       24          56   4     8   1  1  4    1  0  4  0  0  1      1    0    0    0    1    1    0   -1    0   00010001
        120        12       6        4       24          57   4     4   1  1  4    1  0  1  0  1  4      1    0    0    0    1    0    0   -1    1   00010010
        121        13       3        4       12          58   4     8   1  1  4    1  0  4  0  0  1      1    0    0    0    1    1    0   -1    0   00010010
        122        12       6        4       24          59   4     4   1  1  4    1  0  1  0  1  4      1    0    0    0    1    0    0   -1    1   00010011
        123        13       3        4       12          60   4     8   1  1  4    1  0  4  0  0  1      1    0    0    0    1    1    0   -1    0   00010011
        124        12       6        8       48          61   4     4   1  1  4    1  0  1  0  1  4      1    0    0    0    1    0    0   -1    1   00010100
        125        13       3        8       24          62   4     8   1  1  4    1  0  4  0  0  1      1    0    0    0    1    1    0   -1    0   00010100
        126        12       6        4       24          63   4     4   1  1  4    1  0  1  0  1  4      1    0    0    0    1    0    0   -1    1   00010101
        127        13       3        4       12          64   4     8   1  1  4    1  0  4  0  0  1      1    0    0    0    1    1    0   -1    0   00010101
        128        12       6        8       48          65   4     4   1  1  4    1  0  1  0  1  4      1    0    0    0    1    0    0   -1    1   00010110
        129        13       3        8       24          66   4     8   1  1  4    1  0  4  0  0  1      1    0    0    0    1    1    0   -1    0   00010110
        130        12       6        8       48          67   4     4   1  1  4    1  0  1  0  1  4      1    0    0    0    1    0    0   -1    1   00010111
        131        13       3        8       24          68   4     8   1  1  4    1  0  4  0  0  1      1    0    0    0    1    1    0   -1    0   00010111
        132        12       6        8       48          69   4     4   1  1  4    1  0  1  0  1  4      1    0    0    0    1    0    0   -1    1   00011000
        133        13       3        8       24          70   4     8   1  1  4    1  0  4  0  0  1      1    0    0    0    1    1    0   -1    0   00011000
        134        12       6        4       24          71   4     4   1  1  4    1  0  1  0  1  4      1    0    0    0    1    0    0   -1    1   00011001
        135        13       3        4       12          72   4     8   1  1  4    1  0  4  0  0  1      1    0    0    0    1    1    0   -1    0   00011001
        136        12       6        8       48          73   4     4   1  1  4    1  0  1  0  1  4      1    0    0    0    1    0    0   -1    1   00011010
        137        13       3        8       24          74   4     8   1  1  4    1  0  4  0  0  1      1    0    0    0    1    1    0   -1    0   00011010
        138        12       6        8       48          75   4     4   1  1  4    1  0  1  0  1  4      1    0    0    0    1    0    0   -1    1   00011011
        139        13       3        8       24          76   4     8   1  1  4    1  0  4  0  0  1      1    0    0    0    1    1    0   -1    0   00011011
        140        12       6        8       48          77   4     4   1  1  4    1  0  1  0  1  4      1    0    0    0    1    0    0   -1    1   00011100
        141        13       3        8       24          78   4     8   1  1  4    1  0  4  0  0  1      1    0    0    0    1    1    0   -1    0   00011100
        142        12       6        8       48          79   4     4   1  1  4    1  0  1  0  1  4      1    0    0    0    1    0    0   -1    1   00011101
        143        13       3        8       24          80   4     8   1  1  4    1  0  4  0  0  1      1    0    0    0    1    1    0   -1    0   00011101
        144        12       6        8       48          81   4     4   1  1  4    1  0  1  0  1  4      1    0    0    0    1    0    0   -1    1   00011110
        145        13       3        8       24          82   4     8   1  1  4    1  0  4  0  0  1      1    0    0    0    1    1    0   -1    0   00011110
        146        12       6        8       48          83   4     4   1  1  4    1  0  1  0  1  4      1    0    0    0    1    0    0   -1    1   00011111
        147        13       3        8       24          84   4     8   1  1  4    1  0  4  0  0  1      1    0    0    0    1    1    0   -1    0   00011111
        148        12       6        8       48          85   4     4   1  1  4    1  0  1  0  1  4      1    0    0    0    1    0    0   -1    1   00110011
        149        13       3        8       24          86   4     8   1  1  4    1  0  4  0  0  1      1    0    0    0    1    1    0   -1    0   00110011
        150        12       6        4       24          87   4     4   1  1  4    1  0  1  0  1  4      1    0    0    0    1    0    0   -1    1   00110101
        151        13       3        4       12          88   4     8   1  1  4    1  0  4  0  0  1      1    0    0    0    1    1    0   -1    0   00110101
        152        12       6        8       48          89   4     4   1  1  4    1  0  1  0  1  4      1    0    0    0    1    0    0   -1    1   00110110
        153        13       3        8       24          90   4     8   1  1  4    1  0  4  0  0  1      1    0    0    0    1    1    0   -1    0   00110110
        154        12       6        4       24          91   4     4   1  1  4    1  0  1  0  1  4      1    0    0    0    1    0    0   -1    1   00110111
        155        13       3        4       12          92   4     8   1  1  4    1  0  4  0  0  1      1    0    0    0    1    1    0   -1    0   00110111
        156        12       6        8       48          93   4     4   1  1  4    1  0  1  0  1  4      1    0    0    0    1    0    0   -1    1   00111001
        157        13       3        8       24          94   4     8   1  1  4    1  0  4  0  0  1      1    0    0    0    1    1    0   -1    0   00111001
        158        12       6        4       24          95   4     4   1  1  4    1  0  1  0  1  4      1    0    0    0    1    0    0   -1    1   00111010
        159        13       3        4       12          96   4     8   1  1  4    1  0  4  0  0  1      1    0    0    0    1    1    0   -1    0   00111010
        160        12       6        8       48          97   4     4   1  1  4    1  0  1  0  1  4      1    0    0    0    1    0    0   -1    1   00111011
        161        13       3        8       24          98   4     8   1  1  4    1  0  4  0  0  1      1    0    0    0    1    1    0   -1    0   00111011
        162        12       6        8       48          99   4     4   1  1  4    1  0  1  0  1  4      1    0    0    0    1    0    0   -1    1   00111100
        163        13       3        8       24         100   4     8   1  1  4    1  0  4  0  0  1      1    0    0    0    1    1    0   -1    0   00111100
        164        12       6        4       24         101   4     4   1  1  4    1  0  1  0  1  4      1    0    0    0    1    0    0   -1    1   00111101
        165        13       3        4       12         102   4     8   1  1  4    1  0  4  0  0  1      1    0    0    0    1    1    0   -1    0   00111101
        166        12       6        8       48         103   4     4   1  1  4    1  0  1  0  1  4      1    0    0    0    1    0    0   -1    1   00111110
        167        13       3        8       24         104   4     8   1  1  4    1  0  4  0  0  1      1    0    0    0    1    1    0   -1    0   00111110
        168        12       6        8       48         105   4     4   1  1  4    1  0  1  0  1  4      1    0    0    0    1    0    0   -1    1   00111111
        169        13       3        8       24         106   4     8   1  1  4    1  0  4  0  0  1      1    0    0    0    1    1    0   -1    0   00111111
        170        12       6        8       48         107   4     4   1  1  4    1  0  1  0  1  4      1    0    0    0    1    0    0   -1    1   01010111
        171        13       3        8       24         108   4     8   1  1  4    1  0  4  0  0  1      1    0    0    0    1    1    0   -1    0   01010111
        172        12       6        1        6         109   4     4   1  1  4    1  0  1  0  1  4      1    0    0    0    1    0    0   -1    1   01011011
        173        13       3        1        3         110   4     8   1  1  4    1  0  4  0  0  1      1    0    0    0    1    1    0   -1    0   01011011
        174        12       6        8       48         111   4     4   1  1  4    1  0  1  0  1  4      1    0    0    0    1    0    0   -1    1   01110111
        175        13       3        8       24         112   4     8   1  1  4    1  0  4  0  0  1      1    0    0    0    1    1    0   -1    0   01110111
        176        12       6        1        6         113   4     4   1  1  4    1  0  1  0  1  4      1    0    0    0    1    0    0   -1    1   01111011
        177        13       3        1        3         114   4     8   1  1  4    1  0  4  0  0  1      1    0    0    0    1    1    0   -1    0   01111011
        178        12       6        8       48         115   4     4   1  1  4    1  0  1  0  1  4      1    0    0    0    1    0    0   -1    1   01111101
        179        13       3        8       24         116   4     8   1  1  4    1  0  4  0  0  1      1    0    0    0    1    1    0   -1    0   01111101
        180        12       6        3       18         117   4     4   1  1  4    1  0  1  0  1  4      1    0    0    0    1    0    0   -1    1   01111110
        181        13       3        3        9         118   4     8   1  1  4    1  0  4  0  0  1      1    0    0    0    1    1    0   -1    0   01111110
        182        12       6        4       24         119   4     4   1  1  4    1  0  1  0  1  4      1    0    0    0    1    0    0   -1    1   01111111
        183        13       3        4       12         120   4     8   1  1  4    1  0  4  0  0  1      1    0    0    0    1    1    0   -1    0   01111111
        184        14       6        8       48         121   4     4   1  1  4    1  0  1  1  2  4      1    0    0    0    1    0   -1   -2    1   00000001
        185        14       6        8       48         122   4     4   1  1  4    1  0  1  1  2  4      1    0    0    0    1    0   -1   -2    1   00000011
        186        14       6        3       18         123   4     4   1  1  4    1  0  1  1  2  4      1    0    0    0    1    0   -1   -2    1   00000111
        187        14       6        8       48         124   4     4   1  1  4    1  0  1  1  2  4      1    0    0    0    1    0   -1   -2    1   00010001
        188        14       6        8       48         125   4     4   1  1  4    1  0  1  1  2  4      1    0    0    0    1    0   -1   -2    1   00010010
        189        14       6        8       48         126   4     4   1  1  4    1  0  1  1  2  4      1    0    0    0    1    0   -1   -2    1   00010011
        190        14       6       16       96         127   4     4   1  1  4    1  0  1  1  2  4      1    0    0    0    1    0   -1   -2    1   00010101
        191        14       6       16       96         128   4     4   1  1  4    1  0  1  1  2  4      1    0    0    0    1    0   -1   -2    1   00010110
        192        14       6        8       48         129   4     4   1  1  4    1  0  1  1  2  4      1    0    0    0    1    0   -1   -2    1   00010111
        193        14       6       16       96         130   4     4   1  1  4    1  0  1  1  2  4      1    0    0    0    1    0   -1   -2    1   00011001
        194        14       6        8       48         131   4     4   1  1  4    1  0  1  1  2  4      1    0    0    0    1    0   -1   -2    1   00011011
        195        14       6       16       96         132   4     4   1  1  4    1  0  1  1  2  4      1    0    0    0    1    0   -1   -2    1   00011111
        196        14       6        8       48         133   4     4   1  1  4    1  0  1  1  2  4      1    0    0    0    1    0   -1   -2    1   00110011
        197        14       6        8       48         134   4     4   1  1  4    1  0  1  1  2  4      1    0    0    0    1    0   -1   -2    1   00110101
        198        14       6        8       48         135   4     4   1  1  4    1  0  1  1  2  4      1    0    0    0    1    0   -1   -2    1   00110110
        199        14       6        8       48         136   4     4   1  1  4    1  0  1  1  2  4      1    0    0    0    1    0   -1   -2    1   00110111
        200        14       6       16       96         137   4     4   1  1  4    1  0  1  1  2  4      1    0    0    0    1    0   -1   -2    1   00111010
        201        14       6        8       48         138   4     4   1  1  4    1  0  1  1  2  4      1    0    0    0    1    0   -1   -2    1   00111011
        202        14       6        8       48         139   4     4   1  1  4    1  0  1  1  2  4      1    0    0    0    1    0   -1   -2    1   00111110
        203        14       6        8       48         140   4     4   1  1  4    1  0  1  1  2  4      1    0    0    0    1    0   -1   -2    1   00111111
        204        14       6        8       48         141   4     4   1  1  4    1  0  1  1  2  4      1    0    0    0    1    0   -1   -2    1   01010111
        205        14       6        3       18         142   4     4   1  1  4    1  0  1  1  2  4      1    0    0    0    1    0   -1   -2    1   01110111
        206        14       6       16       96         143   4     4   1  1  4    1  0  1  1  2  4      1    0    0    0    1    0   -1   -2    1   01111101
        207        14       6        3       18         144   4     4   1  1  4    1  0  1  1  2  4      1    0    0    0    1    0   -1   -2    1   01111111
        208        15       3        8       24         145   4     8   1  1  4    1  0  2  0  1  2      1    0    0    0    0    1    0    1   -2   00000001
        209        15       3        8       24         146   4     8   1  1  4    1  0  2  0  1  2      1    0    0    0    0    1    0    1   -2   00000011
        210        15       3        3        9         147   4     8   1  1  4    1  0  2  0  1  2      1    0    0    0    0    1    0    1   -2   00000111
        211        15       3        8       24         148   4     8   1  1  4    1  0  2  0  1  2      1    0    0    0    0    1    0    1   -2   00010001
        212        15       3        8       24         149   4     8   1  1  4    1  0  2  0  1  2      1    0    0    0    0    1    0    1   -2   00010010
        213        15       3        8       24         150   4     8   1  1  4    1  0  2  0  1  2      1    0    0    0    0    1    0    1   -2   00010011
        214        15       3       16       48         151   4     8   1  1  4    1  0  2  0  1  2      1    0    0    0    0    1    0    1   -2   00010101
        215        15       3        8       24         152   4     8   1  1  4    1  0  2  0  1  2      1    0    0    0    0    1    0    1   -2   00010110
        216        15       3       16       48         153   4     8   1  1  4    1  0  2  0  1  2      1    0    0    0    0    1    0    1   -2   00010111
        217        15       3       16       48         154   4     8   1  1  4    1  0  2  0  1  2      1    0    0    0    0    1    0    1   -2   00011010
        218        15       3        8       24         155   4     8   1  1  4    1  0  2  0  1  2      1    0    0    0    0    1    0    1   -2   00011011
        219        15       3       16       48         156   4     8   1  1  4    1  0  2  0  1  2      1    0    0    0    0    1    0    1   -2   00011111
        220        15       3        8       24         157   4     8   1  1  4    1  0  2  0  1  2      1    0    0    0    0    1    0    1   -2   00110011
        221        15       3        8       24         158   4     8   1  1  4    1  0  2  0  1  2      1    0    0    0    0    1    0    1   -2   00110101
        222        15       3        8       24         159   4     8   1  1  4    1  0  2  0  1  2      1    0    0    0    0    1    0    1   -2   00110110
        223        15       3        8       24         160   4     8   1  1  4    1  0  2  0  1  2      1    0    0    0    0    1    0    1   -2   00110111
        224        15       3       16       48         161   4     8   1  1  4    1  0  2  0  1  2      1    0    0    0    0    1    0    1   -2   00111010
        225        15       3        8       24         162   4     8   1  1  4    1  0  2  0  1  2      1    0    0    0    0    1    0    1   -2   00111011
        226        15       3       16       48         163   4     8   1  1  4    1  0  2  0  1  2      1    0    0    0    0    1    0    1   -2   00111111
        227        15       3        8       24         164   4     8   1  1  4    1  0  2  0  1  2      1    0    0    0    0    1    0    1   -2   01010111
        228        15       3        1        3         165   4     8   1  1  4    1  0  2  0  1  2      1    0    0    0    0    1    0    1   -2   01011011
        229        15       3        8       24         166   4     8   1  1  4    1  0  2  0  1  2      1    0    0    0    0    1    0    1   -2   01110111
        230        15       3        1        3         167   4     8   1  1  4    1  0  2  0  1  2      1    0    0    0    0    1    0    1   -2   01111011
        231        15       3        8       24         168   4     8   1  1  4    1  0  2  0  1  2      1    0    0    0    0    1    0    1   -2   01111111
        232        16       3        8       24         169   4     8   1  1  4    1  0  2  1  1  2      1    0    0   -1    0    1    2    1   -2   00000001
        233        16       3        8       24         170   4     8   1  1  4    1  0  2  1  1  2      1    0    0   -1    0    1    2    1   -2   00000011
        234        16       3        3        9         171   4     8   1  1  4    1  0  2  1  1  2      1    0    0   -1    0    1    2    1   -2   00000111
        235        16       3        8       24         172   4     8   1  1  4    1  0  2  1  1  2      1    0    0   -1    0    1    2    1   -2   00010001
        236        16       3        8       24         173   4     8   1  1  4    1  0  2  1  1  2      1    0    0   -1    0    1    2    1   -2   00010010
        237        16       3        8       24         174   4     8   1  1  4    1  0  2  1  1  2      1    0    0   -1    0    1    2    1   -2   00010011
        238        16       3       32       96         175   4     8   1  1  4    1  0  2  1  1  2      1    0    0   -1    0    1    2    1   -2   00010101
        239        16       3        8       24         176   4     8   1  1  4    1  0  2  1  1  2      1    0    0   -1    0    1    2    1   -2   00010111
        240        16       3       16       48         177   4     8   1  1  4    1  0  2  1  1  2      1    0    0   -1    0    1    2    1   -2   00011010
        241        16       3        8       24         178   4     8   1  1  4    1  0  2  1  1  2      1    0    0   -1    0    1    2    1   -2   00011011
        242        16       3       16       48         179   4     8   1  1  4    1  0  2  1  1  2      1    0    0   -1    0    1    2    1   -2   00011111
        243        16       3        8       24         180   4     8   1  1  4    1  0  2  1  1  2      1    0    0   -1    0    1    2    1   -2   00110011
        244        16       3        8       24         181   4     8   1  1  4    1  0  2  1  1  2      1    0    0   -1    0    1    2    1   -2   00110101
        245        16       3       16       48         182   4     8   1  1  4    1  0  2  1  1  2      1    0    0   -1    0    1    2    1   -2   00110110
        246        16       3        8       24         183   4     8   1  1  4    1  0  2  1  1  2      1    0    0   -1    0    1    2    1   -2   00110111
        247        16       3       32       96         184   4     8   1  1  4    1  0  2  1  1  2      1    0    0   -1    0    1    2    1   -2   00111111
        248        16       3        8       24         185   4     8   1  1  4    1  0  2  1  1  2      1    0    0   -1    0    1    2    1   -2   01010111
        249        16       3        1        3         186   4     8   1  1  4    1  0  2  1  1  2      1    0    0   -1    0    1    2    1   -2   01011011
        250        16       3        8       24         187   4     8   1  1  4    1  0  2  1  1  2      1    0    0   -1    0    1    2    1   -2   01110111
        251        16       3        1        3         188   4     8   1  1  4    1  0  2  1  1  2      1    0    0   -1    0    1    2    1   -2   01111011
        252        16       3        8       24         189   4     8   1  1  4    1  0  2  1  1  2      1    0    0   -1    0    1    2    1   -2   01111111
        253        17       3        8       24         190   4     8   1  1  4    1  1  4  0  0  1      1    0    0   -1    1    1    1   -1    0   00000001
        254        17       3        8       24         191   4     8   1  1  4    1  1  4  0  0  1      1    0    0   -1    1    1    1   -1    0   00000011
        255        17       3        3        9         192   4     8   1  1  4    1  1  4  0  0  1      1    0    0   -1    1    1    1   -1    0   00000111
        256        17       3        8       24         193   4     8   1  1  4    1  1  4  0  0  1      1    0    0   -1    1    1    1   -1    0   00010001
        257        17       3        4       12         194   4     8   1  1  4    1  1  4  0  0  1      1    0    0   -1    1    1    1   -1    0   00010010
        258        17       3        8       24         195   4     8   1  1  4    1  1  4  0  0  1      1    0    0   -1    1    1    1   -1    0   00010011
        259        17       3       16       48         196   4     8   1  1  4    1  1  4  0  0  1      1    0    0   -1    1    1    1   -1    0   00010100
        260        17       3        4       12         197   4     8   1  1  4    1  1  4  0  0  1      1    0    0   -1    1    1    1   -1    0   00010101
        261        17       3        8       24         198   4     8   1  1  4    1  1  4  0  0  1      1    0    0   -1    1    1    1   -1    0   00010110
        262        17       3       16       48         199   4     8   1  1  4    1  1  4  0  0  1      1    0    0   -1    1    1    1   -1    0   00010111
        263        17       3       16       48         200   4     8   1  1  4    1  1  4  0  0  1      1    0    0   -1    1    1    1   -1    0   00011010
        264        17       3        8       24         201   4     8   1  1  4    1  1  4  0  0  1      1    0    0   -1    1    1    1   -1    0   00011011
        265        17       3        8       24         202   4     8   1  1  4    1  1  4  0  0  1      1    0    0   -1    1    1    1   -1    0   00011110
        266        17       3        8       24         203   4     8   1  1  4    1  1  4  0  0  1      1    0    0   -1    1    1    1   -1    0   00011111
        267        17       3        8       24         204   4     8   1  1  4    1  1  4  0  0  1      1    0    0   -1    1    1    1   -1    0   00110011
        268        17       3        4       12         205   4     8   1  1  4    1  1  4  0  0  1      1    0    0   -1    1    1    1   -1    0   00110101
        269        17       3       16       48         206   4     8   1  1  4    1  1  4  0  0  1      1    0    0   -1    1    1    1   -1    0   00110110
        270        17       3        8       24         207   4     8   1  1  4    1  1  4  0  0  1      1    0    0   -1    1    1    1   -1    0   00110111
        271        17       3       16       48         208   4     8   1  1  4    1  1  4  0  0  1      1    0    0   -1    1    1    1   -1    0   00111100
        272        17       3        4       12         209   4     8   1  1  4    1  1  4  0  0  1      1    0    0   -1    1    1    1   -1    0   00111101
        273        17       3       16       48         210   4     8   1  1  4    1  1  4  0  0  1      1    0    0   -1    1    1    1   -1    0   00111111
        274        17       3        8       24         211   4     8   1  1  4    1  1  4  0  0  1      1    0    0   -1    1    1    1   -1    0   01010111
        275        17       3        1        3         212   4     8   1  1  4    1  1  4  0  0  1      1    0    0   -1    1    1    1   -1    0   01011011
        276        17       3        8       24         213   4     8   1  1  4    1  1  4  0  0  1      1    0    0   -1    1    1    1   -1    0   01110111
        277        17       3        1        3         214   4     8   1  1  4    1  1  4  0  0  1      1    0    0   -1    1    1    1   -1    0   01111011
        278        17       3        8       24         215   4     8   1  1  4    1  1  4  0  0  1      1    0    0   -1    1    1    1   -1    0   01111101
        279        17       3        3        9         216   4     8   1  1  4    1  1  4  0  0  1      1    0    0   -1    1    1    1   -1    0   01111111
        280        18       3        8       24         217   4     8   1  2  2    1  0  2  0  0  2      1    0    0    0    1    0    0    0    1   00000001
        281        18       3        3        9         218   4     8   1  2  2    1  0  2  0  0  2      1    0    0    0    1    0    0    0    1   00000111
        282        18       3        3        9         219   4     8   1  2  2    1  0  2  0  0  2      1    0    0    0    1    0    0    0    1   00010001
        283        18       3        3        9         220   4     8   1  2  2    1  0  2  0  0  2      1    0    0    0    1    0    0    0    1   00010011
        284        18       3        8       24         221   4     8   1  2  2    1  0  2  0  0  2      1    0    0    0    1    0    0    0    1   00010100
        285        18       3        8       24         222   4     8   1  2  2    1  0  2  0  0  2      1    0    0    0    1    0    0    0    1   00010101
        286        18       3        8       24         223   4     8   1  2  2    1  0  2  0  0  2      1    0    0    0    1    0    0    0    1   00010110
        287        18       3        8       24         224   4     8   1  2  2    1  0  2  0  0  2      1    0    0    0    1    0    0    0    1   00010111
        288        18       3       16       48         225   4     8   1  2  2    1  0  2  0  0  2      1    0    0    0    1    0    0    0    1   00011100
        289        18       3       16       48         226   4     8   1  2  2    1  0  2  0  0  2      1    0    0    0    1    0    0    0    1   00011101
        290        18       3       16       48         227   4     8   1  2  2    1  0  2  0  0  2      1    0    0    0    1    0    0    0    1   00011111
        291        18       3        8       24         228   4     8   1  2  2    1  0  2  0  0  2      1    0    0    0    1    0    0    0    1   00110101
        292        18       3       16       48         229   4     8   1  2  2    1  0  2  0  0  2      1    0    0    0    1    0    0    0    1   00110110
        293        18       3        8       24         230   4     8   1  2  2    1  0  2  0  0  2      1    0    0    0    1    0    0    0    1   00110111
        294        18       3        1        3         231   4     8   1  2  2    1  0  2  0  0  2      1    0    0    0    1    0    0    0    1   00111101
        295        18       3        8       24         232   4     8   1  2  2    1  0  2  0  0  2      1    0    0    0    1    0    0    0    1   01010110
        296        18       3        8       24         233   4     8   1  2  2    1  0  2  0  0  2      1    0    0    0    1    0    0    0    1   01010111
        297        18       3        8       24         234   4     8   1  2  2    1  0  2  0  0  2      1    0    0    0    1    0    0    0    1   01100111
        298        18       3        1        3         235   4     8   1  2  2    1  0  2  0  0  2      1    0    0    0    1    0    0    0    1   01110111
        299        18       3        8       24         236   4     8   1  2  2    1  0  2  0  0  2      1    0    0    0    1    0    0    0    1   01111101
        300        18       3        3        9         237   4     8   1  2  2    1  0  2  0  0  2      1    0    0    0    1    0    0    0    1   01111111
        301        19       3        8       24         238   4     8   1  2  2    1  0  2  1  0  2      1    0    0    0    1    0   -1    0    1   00000001
        302        19       3        3        9         239   4     8   1  2  2    1  0  2  1  0  2      1    0    0    0    1    0   -1    0    1   00000111
        303        19       3        7       21         240   4     8   1  2  2    1  0  2  1  0  2      1    0    0    0    1    0   -1    0    1   00010001
        304        19       3        8       24         241   4     8   1  2  2    1  0  2  1  0  2      1    0    0    0    1    0   -1    0    1   00010011
        305        19       3        8       24         242   4     8   1  2  2    1  0  2  1  0  2      1    0    0    0    1    0   -1    0    1   00010100
        306        19       3        8       24         243   4     8   1  2  2    1  0  2  1  0  2      1    0    0    0    1    0   -1    0    1   00010101
        307        19       3        8       24         244   4     8   1  2  2    1  0  2  1  0  2      1    0    0    0    1    0   -1    0    1   00010111
        308        19       3       32       96         245   4     8   1  2  2    1  0  2  1  0  2      1    0    0    0    1    0   -1    0    1   00011100
        309        19       3       16       48         246   4     8   1  2  2    1  0  2  1  0  2      1    0    0    0    1    0   -1    0    1   00011101
        310        19       3        8       24         247   4     8   1  2  2    1  0  2  1  0  2      1    0    0    0    1    0   -1    0    1   00011111
        311        19       3       16       48         248   4     8   1  2  2    1  0  2  1  0  2      1    0    0    0    1    0   -1    0    1   00110101
        312        19       3        8       24         249   4     8   1  2  2    1  0  2  1  0  2      1    0    0    0    1    0   -1    0    1   00110111
        313        19       3        1        3         250   4     8   1  2  2    1  0  2  1  0  2      1    0    0    0    1    0   -1    0    1   00111101
        314        19       3       16       48         251   4     8   1  2  2    1  0  2  1  0  2      1    0    0    0    1    0   -1    0    1   01010110
        315        19       3        8       24         252   4     8   1  2  2    1  0  2  1  0  2      1    0    0    0    1    0   -1    0    1   01010111
        316        19       3        1        3         253   4     8   1  2  2    1  0  2  1  0  2      1    0    0    0    1    0   -1    0    1   01110111
        317        19       3        8       24         254   4     8   1  2  2    1  0  2  1  0  2      1    0    0    0    1    0   -1    0    1   01111101
        318        19       3        3        9         255   4     8   1  2  2    1  0  2  1  0  2      1    0    0    0    1    0   -1    0    1   01111111
        319        20       1        8        8         256   4    24   1  2  2    2  0  2  0  0  1      1    0    1    0    1    0   -1    0    0   00000001
        320        20       1       11       11         257   4    24   1  2  2    2  0  2  0  0  1      1    0    1    0    1    0   -1    0    0   00000111
        321        20       1        8        8         258   4    24   1  2  2    2  0  2  0  0  1      1    0    1    0    1    0   -1    0    0   00010001
        322        20       1       12       12         259   4    24   1  2  2    2  0  2  0  0  1      1    0    1    0    1    0   -1    0    0   00010011
        323        20       1       24       24         260   4    24   1  2  2    2  0  2  0  0  1      1    0    1    0    1    0   -1    0    0   00010111
        324        20       1        8        8         261   4    24   1  2  2    2  0  2  0  0  1      1    0    1    0    1    0   -1    0    0   00011000
        325        20       1        4        4         262   4    24   1  2  2    2  0  2  0  0  1      1    0    1    0    1    0   -1    0    0   00011001
        326        20       1       24       24         263   4    24   1  2  2    2  0  2  0  0  1      1    0    1    0    1    0   -1    0    0   00011011
        327        20       1       24       24         264   4    24   1  2  2    2  0  2  0  0  1      1    0    1    0    1    0   -1    0    0   00011111
        328        20       1        8        8         265   4    24   1  2  2    2  0  2  0  0  1      1    0    1    0    1    0   -1    0    0   00110101
        329        20       1        5        5         266   4    24   1  2  2    2  0  2  0  0  1      1    0    1    0    1    0   -1    0    0   00110111
        330        20       1       24       24         267   4    24   1  2  2    2  0  2  0  0  1      1    0    1    0    1    0   -1    0    0   00111101
        331        20       1       24       24         268   4    24   1  2  2    2  0  2  0  0  1      1    0    1    0    1    0   -1    0    0   01110111
        332        20       1        5        5         269   4    24   1  2  2    2  0  2  0  0  1      1    0    1    0    1    0   -1    0    0   01111110
        333        20       1       24       24         270   4    24   1  2  2    2  0  2  0  0  1      1    0    1    0    1    0   -1    0    0   01111111
